<?xml version="1.0" encoding="UTF-8"?>
<coverage generated="1768494164043" clover="3.2.0">
  <project timestamp="1768494164043" name="All files">
    <metrics statements="214" coveredstatements="124" conditionals="336" coveredconditionals="172" methods="44" coveredmethods="25" elements="594" coveredelements="321" complexity="0" loc="214" ncloc="214" packages="1" files="1" classes="1"/>
    <file name="customerService.js" path="/Users/marcusswift/javascript/clarityCrmFrontend/src/services/customerService.js">
      <metrics statements="214" coveredstatements="124" conditionals="336" coveredconditionals="172" methods="44" coveredmethods="25"/>
      <line num="11" count="4" type="cond" truecount="2" falsecount="0"/>
      <line num="12" count="3" type="stmt"/>
      <line num="15" count="2" type="stmt"/>
      <line num="32" count="4" type="cond" truecount="2" falsecount="0"/>
      <line num="33" count="1" type="stmt"/>
      <line num="34" count="1" type="stmt"/>
      <line num="45" count="3" type="cond" truecount="2" falsecount="0"/>
      <line num="48" count="3" type="cond" truecount="4" falsecount="0"/>
      <line num="49" count="2" type="stmt"/>
      <line num="50" count="3" type="stmt"/>
      <line num="61" count="1" type="cond" truecount="1" falsecount="1"/>
      <line num="62" count="0" type="stmt"/>
      <line num="63" count="0" type="stmt"/>
      <line num="74" count="1" type="stmt"/>
      <line num="92" count="4" type="cond" truecount="2" falsecount="0"/>
      <line num="95" count="2" type="cond" truecount="3" falsecount="1"/>
      <line num="96" count="0" type="stmt"/>
      <line num="100" count="2" type="stmt"/>
      <line num="110" count="0" type="stmt"/>
      <line num="112" count="0" type="stmt"/>
      <line num="126" count="0" type="cond" truecount="0" falsecount="2"/>
      <line num="128" count="0" type="stmt"/>
      <line num="129" count="0" type="stmt"/>
      <line num="131" count="0" type="cond" truecount="0" falsecount="2"/>
      <line num="133" count="0" type="cond" truecount="0" falsecount="2"/>
      <line num="134" count="0" type="cond" truecount="0" falsecount="2"/>
      <line num="137" count="0" type="cond" truecount="0" falsecount="3"/>
      <line num="138" count="0" type="cond" truecount="0" falsecount="3"/>
      <line num="139" count="0" type="stmt"/>
      <line num="141" count="0" type="cond" truecount="0" falsecount="2"/>
      <line num="142" count="0" type="cond" truecount="0" falsecount="2"/>
      <line num="143" count="0" type="cond" truecount="0" falsecount="2"/>
      <line num="144" count="0" type="stmt"/>
      <line num="145" count="0" type="cond" truecount="0" falsecount="2"/>
      <line num="146" count="0" type="cond" truecount="0" falsecount="2"/>
      <line num="147" count="0" type="cond" truecount="0" falsecount="2"/>
      <line num="148" count="0" type="stmt"/>
      <line num="151" count="0" type="cond" truecount="0" falsecount="2"/>
      <line num="162" count="0" type="cond" truecount="0" falsecount="4"/>
      <line num="163" count="0" type="stmt"/>
      <line num="173" count="0" type="stmt"/>
      <line num="182" count="0" type="stmt"/>
      <line num="184" count="0" type="cond" truecount="0" falsecount="2"/>
      <line num="185" count="0" type="stmt"/>
      <line num="187" count="0" type="stmt"/>
      <line num="191" count="0" type="cond" truecount="0" falsecount="6"/>
      <line num="192" count="0" type="stmt"/>
      <line num="196" count="0" type="cond" truecount="0" falsecount="6"/>
      <line num="197" count="0" type="stmt"/>
      <line num="201" count="0" type="cond" truecount="0" falsecount="6"/>
      <line num="202" count="0" type="stmt"/>
      <line num="206" count="0" type="stmt"/>
      <line num="218" count="0" type="cond" truecount="0" falsecount="4"/>
      <line num="219" count="0" type="stmt"/>
      <line num="222" count="0" type="stmt"/>
      <line num="224" count="0" type="stmt"/>
      <line num="226" count="0" type="cond" truecount="0" falsecount="3"/>
      <line num="227" count="0" type="cond" truecount="0" falsecount="2"/>
      <line num="230" count="0" type="cond" truecount="0" falsecount="3"/>
      <line num="231" count="0" type="cond" truecount="0" falsecount="2"/>
      <line num="234" count="0" type="cond" truecount="0" falsecount="4"/>
      <line num="235" count="0" type="cond" truecount="0" falsecount="4"/>
      <line num="236" count="0" type="cond" truecount="0" falsecount="4"/>
      <line num="237" count="0" type="cond" truecount="0" falsecount="4"/>
      <line num="238" count="0" type="stmt"/>
      <line num="243" count="0" type="cond" truecount="0" falsecount="4"/>
      <line num="244" count="0" type="cond" truecount="0" falsecount="4"/>
      <line num="245" count="0" type="cond" truecount="0" falsecount="4"/>
      <line num="246" count="0" type="cond" truecount="0" falsecount="4"/>
      <line num="247" count="0" type="stmt"/>
      <line num="251" count="0" type="stmt"/>
      <line num="263" count="0" type="stmt"/>
      <line num="265" count="0" type="cond" truecount="0" falsecount="2"/>
      <line num="267" count="0" type="cond" truecount="0" falsecount="2"/>
      <line num="268" count="0" type="stmt"/>
      <line num="271" count="0" type="cond" truecount="0" falsecount="4"/>
      <line num="272" count="0" type="stmt"/>
      <line num="276" count="0" type="cond" truecount="0" falsecount="4"/>
      <line num="277" count="0" type="stmt"/>
      <line num="278" count="0" type="cond" truecount="0" falsecount="4"/>
      <line num="279" count="0" type="stmt"/>
      <line num="285" count="0" type="cond" truecount="0" falsecount="4"/>
      <line num="286" count="0" type="stmt"/>
      <line num="287" count="0" type="cond" truecount="0" falsecount="4"/>
      <line num="288" count="0" type="stmt"/>
      <line num="294" count="0" type="cond" truecount="0" falsecount="2"/>
      <line num="295" count="0" type="stmt"/>
      <line num="298" count="0" type="cond" truecount="0" falsecount="4"/>
      <line num="299" count="0" type="stmt"/>
      <line num="302" count="0" type="cond" truecount="0" falsecount="4"/>
      <line num="303" count="0" type="stmt"/>
      <line num="307" count="0" type="stmt"/>
      <line num="319" count="0" type="stmt"/>
      <line num="339" count="0" type="stmt"/>
      <line num="352" count="5" type="stmt"/>
      <line num="353" count="5" type="stmt"/>
      <line num="357" count="2" type="stmt"/>
      <line num="358" count="2" type="stmt"/>
      <line num="362" count="0" type="stmt"/>
      <line num="370" count="0" type="cond" truecount="0" falsecount="2"/>
      <line num="379" count="0" type="cond" truecount="0" falsecount="2"/>
      <line num="380" count="0" type="stmt"/>
      <line num="382" count="0" type="stmt"/>
      <line num="383" count="0" type="cond" truecount="0" falsecount="2"/>
      <line num="384" count="0" type="stmt"/>
      <line num="385" count="0" type="stmt"/>
      <line num="400" count="17" type="cond" truecount="2" falsecount="0"/>
      <line num="401" count="3" type="stmt"/>
      <line num="404" count="14" type="stmt"/>
      <line num="416" count="14" type="cond" truecount="4" falsecount="0"/>
      <line num="417" count="4" type="stmt"/>
      <line num="425" count="14" type="cond" truecount="4" falsecount="0"/>
      <line num="426" count="2" type="stmt"/>
      <line num="434" count="14" type="cond" truecount="4" falsecount="0"/>
      <line num="435" count="2" type="stmt"/>
      <line num="447" count="14" type="cond" truecount="2" falsecount="0"/>
      <line num="448" count="1" type="stmt"/>
      <line num="450" count="14" type="cond" truecount="2" falsecount="0"/>
      <line num="451" count="1" type="stmt"/>
      <line num="454" count="14" type="stmt"/>
      <line num="463" count="20" type="cond" truecount="2" falsecount="0"/>
      <line num="464" count="3" type="stmt"/>
      <line num="468" count="17" type="stmt"/>
      <line num="471" count="17" type="stmt"/>
      <line num="474" count="17" type="stmt"/>
      <line num="476" count="17" type="stmt"/>
      <line num="496" count="17" type="stmt"/>
      <line num="506" count="41" type="cond" truecount="4" falsecount="0"/>
      <line num="507" count="30" type="stmt"/>
      <line num="511" count="15" type="stmt"/>
      <line num="512" count="11" type="cond" truecount="4" falsecount="0"/>
      <line num="513" count="9" type="stmt"/>
      <line num="517" count="2" type="cond" truecount="4" falsecount="0"/>
      <line num="518" count="1" type="stmt"/>
      <line num="521" count="1" type="stmt"/>
      <line num="530" count="22" type="cond" truecount="4" falsecount="0"/>
      <line num="531" count="19" type="stmt"/>
      <line num="541" count="5" type="stmt"/>
      <line num="542" count="3" type="cond" truecount="2" falsecount="0"/>
      <line num="543" count="2" type="stmt"/>
      <line num="547" count="1" type="cond" truecount="1" falsecount="1"/>
      <line num="563" count="17" type="stmt"/>
      <line num="565" count="17" type="cond" truecount="2" falsecount="0"/>
      <line num="566" count="1" type="stmt"/>
      <line num="567" count="1" type="stmt"/>
      <line num="570" count="16" type="cond" truecount="2" falsecount="0"/>
      <line num="572" count="9" type="cond" truecount="4" falsecount="0"/>
      <line num="573" count="1" type="stmt"/>
      <line num="576" count="9" type="cond" truecount="2" falsecount="0"/>
      <line num="577" count="1" type="stmt"/>
      <line num="580" count="9" type="cond" truecount="2" falsecount="0"/>
      <line num="581" count="1" type="stmt"/>
      <line num="584" count="9" type="cond" truecount="2" falsecount="0"/>
      <line num="585" count="1" type="stmt"/>
      <line num="587" count="8" type="stmt"/>
      <line num="588" count="3" type="cond" truecount="4" falsecount="0"/>
      <line num="589" count="1" type="stmt"/>
      <line num="591" count="3" type="cond" truecount="2" falsecount="0"/>
      <line num="592" count="1" type="stmt"/>
      <line num="597" count="9" type="cond" truecount="2" falsecount="0"/>
      <line num="598" count="1" type="stmt"/>
      <line num="600" count="8" type="stmt"/>
      <line num="601" count="1" type="cond" truecount="3" falsecount="1"/>
      <line num="602" count="0" type="stmt"/>
      <line num="604" count="1" type="cond" truecount="1" falsecount="1"/>
      <line num="605" count="0" type="stmt"/>
      <line num="610" count="9" type="cond" truecount="2" falsecount="0"/>
      <line num="611" count="1" type="stmt"/>
      <line num="613" count="7" type="cond" truecount="2" falsecount="0"/>
      <line num="615" count="6" type="cond" truecount="4" falsecount="0"/>
      <line num="616" count="1" type="stmt"/>
      <line num="619" count="6" type="cond" truecount="4" falsecount="0"/>
      <line num="620" count="1" type="stmt"/>
      <line num="623" count="6" type="cond" truecount="4" falsecount="0"/>
      <line num="624" count="1" type="stmt"/>
      <line num="627" count="6" type="cond" truecount="4" falsecount="0"/>
      <line num="628" count="1" type="stmt"/>
      <line num="631" count="6" type="cond" truecount="3" falsecount="1"/>
      <line num="632" count="0" type="stmt"/>
      <line num="635" count="1" type="stmt"/>
      <line num="638" count="16" type="stmt"/>
      <line num="650" count="6" type="cond" truecount="2" falsecount="0"/>
      <line num="651" count="3" type="stmt"/>
      <line num="654" count="3" type="stmt"/>
      <line num="656" count="5" type="stmt"/>
      <line num="657" count="5" type="stmt"/>
      <line num="659" count="1" type="stmt"/>
      <line num="660" count="1" type="stmt"/>
      <line num="672" count="5" type="cond" truecount="2" falsecount="0"/>
      <line num="673" count="2" type="stmt"/>
      <line num="676" count="3" type="stmt"/>
      <line num="678" count="5" type="stmt"/>
      <line num="679" count="5" type="stmt"/>
      <line num="681" count="1" type="stmt"/>
      <line num="682" count="1" type="stmt"/>
      <line num="694" count="4" type="cond" truecount="3" falsecount="0"/>
      <line num="697" count="4" type="stmt"/>
      <line num="698" count="4" type="stmt"/>
      <line num="699" count="4" type="stmt"/>
      <line num="701" count="4" type="stmt"/>
      <line num="715" count="12" type="cond" truecount="4" falsecount="0"/>
      <line num="716" count="7" type="stmt"/>
      <line num="719" count="5" type="stmt"/>
      <line num="720" count="10" type="stmt"/>
      <line num="722" count="5" type="cond" truecount="2" falsecount="0"/>
      <line num="724" count="1" type="stmt"/>
      <line num="725" count="4" type="cond" truecount="2" falsecount="0"/>
      <line num="727" count="1" type="stmt"/>
      <line num="728" count="1" type="stmt"/>
      <line num="729" count="3" type="cond" truecount="4" falsecount="0"/>
      <line num="730" count="2" type="stmt"/>
      <line num="731" count="1" type="cond" truecount="1" falsecount="1"/>
      <line num="732" count="1" type="stmt"/>
      <line num="737" count="5" type="stmt"/>
    </file>
  </project>
</coverage>
