{"/Users/marcusswift/javascript/clarityCrmFrontend/src/services/customerService.js": {"path":"/Users/marcusswift/javascript/clarityCrmFrontend/src/services/customerService.js","statementMap":{"0":{"start":{"line":11,"column":4},"end":{"line":13,"column":5}},"1":{"start":{"line":12,"column":8},"end":{"line":12,"column":18}},"2":{"start":{"line":15,"column":4},"end":{"line":22,"column":8}},"3":{"start":{"line":15,"column":47},"end":{"line":22,"column":5}},"4":{"start":{"line":32,"column":4},"end":{"line":42,"column":5}},"5":{"start":{"line":33,"column":8},"end":{"line":41,"column":10}},"6":{"start":{"line":34,"column":48},"end":{"line":34,"column":85}},"7":{"start":{"line":45,"column":25},"end":{"line":45,"column":50}},"8":{"start":{"line":48,"column":4},"end":{"line":58,"column":5}},"9":{"start":{"line":49,"column":8},"end":{"line":57,"column":10}},"10":{"start":{"line":50,"column":62},"end":{"line":50,"column":99}},"11":{"start":{"line":61,"column":4},"end":{"line":71,"column":5}},"12":{"start":{"line":62,"column":8},"end":{"line":70,"column":10}},"13":{"start":{"line":63,"column":52},"end":{"line":63,"column":89}},"14":{"start":{"line":74,"column":4},"end":{"line":82,"column":6}},"15":{"start":{"line":92,"column":25},"end":{"line":92,"column":50}},"16":{"start":{"line":95,"column":4},"end":{"line":97,"column":5}},"17":{"start":{"line":96,"column":8},"end":{"line":96,"column":71}},"18":{"start":{"line":100,"column":4},"end":{"line":100,"column":53}},"19":{"start":{"line":110,"column":4},"end":{"line":113,"column":7}},"20":{"start":{"line":112,"column":8},"end":{"line":112,"column":42}},"21":{"start":{"line":126,"column":46},"end":{"line":126,"column":53}},"22":{"start":{"line":128,"column":4},"end":{"line":152,"column":7}},"23":{"start":{"line":129,"column":25},"end":{"line":129,"column":26}},"24":{"start":{"line":131,"column":8},"end":{"line":149,"column":9}},"25":{"start":{"line":133,"column":12},"end":{"line":140,"column":13}},"26":{"start":{"line":134,"column":16},"end":{"line":134,"column":49}},"27":{"start":{"line":137,"column":30},"end":{"line":137,"column":77}},"28":{"start":{"line":138,"column":30},"end":{"line":138,"column":77}},"29":{"start":{"line":139,"column":16},"end":{"line":139,"column":56}},"30":{"start":{"line":141,"column":15},"end":{"line":149,"column":9}},"31":{"start":{"line":142,"column":26},"end":{"line":142,"column":63}},"32":{"start":{"line":143,"column":26},"end":{"line":143,"column":63}},"33":{"start":{"line":144,"column":12},"end":{"line":144,"column":39}},"34":{"start":{"line":145,"column":15},"end":{"line":149,"column":9}},"35":{"start":{"line":146,"column":26},"end":{"line":146,"column":64}},"36":{"start":{"line":147,"column":26},"end":{"line":147,"column":64}},"37":{"start":{"line":148,"column":12},"end":{"line":148,"column":39}},"38":{"start":{"line":151,"column":8},"end":{"line":151,"column":59}},"39":{"start":{"line":162,"column":4},"end":{"line":171,"column":5}},"40":{"start":{"line":163,"column":8},"end":{"line":170,"column":10}},"41":{"start":{"line":173,"column":18},"end":{"line":180,"column":5}},"42":{"start":{"line":182,"column":4},"end":{"line":204,"column":7}},"43":{"start":{"line":184,"column":8},"end":{"line":188,"column":9}},"44":{"start":{"line":185,"column":12},"end":{"line":185,"column":27}},"45":{"start":{"line":187,"column":12},"end":{"line":187,"column":29}},"46":{"start":{"line":191,"column":8},"end":{"line":193,"column":9}},"47":{"start":{"line":192,"column":12},"end":{"line":192,"column":30}},"48":{"start":{"line":196,"column":8},"end":{"line":198,"column":9}},"49":{"start":{"line":197,"column":12},"end":{"line":197,"column":30}},"50":{"start":{"line":201,"column":8},"end":{"line":203,"column":9}},"51":{"start":{"line":202,"column":12},"end":{"line":202,"column":32}},"52":{"start":{"line":206,"column":4},"end":{"line":206,"column":17}},"53":{"start":{"line":218,"column":4},"end":{"line":220,"column":5}},"54":{"start":{"line":219,"column":8},"end":{"line":219,"column":25}},"55":{"start":{"line":222,"column":23},"end":{"line":222,"column":49}},"56":{"start":{"line":224,"column":4},"end":{"line":252,"column":7}},"57":{"start":{"line":226,"column":21},"end":{"line":226,"column":82}},"58":{"start":{"line":227,"column":8},"end":{"line":227,"column":51}},"59":{"start":{"line":227,"column":39},"end":{"line":227,"column":51}},"60":{"start":{"line":230,"column":30},"end":{"line":230,"column":107}},"61":{"start":{"line":231,"column":8},"end":{"line":231,"column":60}},"62":{"start":{"line":231,"column":48},"end":{"line":231,"column":60}},"63":{"start":{"line":234,"column":8},"end":{"line":234,"column":93}},"64":{"start":{"line":234,"column":81},"end":{"line":234,"column":93}},"65":{"start":{"line":235,"column":8},"end":{"line":235,"column":93}},"66":{"start":{"line":235,"column":81},"end":{"line":235,"column":93}},"67":{"start":{"line":236,"column":8},"end":{"line":240,"column":9}},"68":{"start":{"line":237,"column":12},"end":{"line":239,"column":13}},"69":{"start":{"line":237,"column":42},"end":{"line":237,"column":95}},"70":{"start":{"line":238,"column":16},"end":{"line":238,"column":28}},"71":{"start":{"line":243,"column":8},"end":{"line":243,"column":93}},"72":{"start":{"line":243,"column":81},"end":{"line":243,"column":93}},"73":{"start":{"line":244,"column":8},"end":{"line":244,"column":93}},"74":{"start":{"line":244,"column":81},"end":{"line":244,"column":93}},"75":{"start":{"line":245,"column":8},"end":{"line":249,"column":9}},"76":{"start":{"line":246,"column":12},"end":{"line":248,"column":13}},"77":{"start":{"line":246,"column":42},"end":{"line":246,"column":95}},"78":{"start":{"line":247,"column":16},"end":{"line":247,"column":28}},"79":{"start":{"line":251,"column":8},"end":{"line":251,"column":21}},"80":{"start":{"line":263,"column":19},"end":{"line":263,"column":21}},"81":{"start":{"line":265,"column":4},"end":{"line":305,"column":5}},"82":{"start":{"line":267,"column":8},"end":{"line":269,"column":9}},"83":{"start":{"line":268,"column":12},"end":{"line":268,"column":53}},"84":{"start":{"line":271,"column":8},"end":{"line":273,"column":9}},"85":{"start":{"line":272,"column":12},"end":{"line":272,"column":72}},"86":{"start":{"line":276,"column":8},"end":{"line":282,"column":9}},"87":{"start":{"line":277,"column":12},"end":{"line":281,"column":15}},"88":{"start":{"line":278,"column":16},"end":{"line":280,"column":17}},"89":{"start":{"line":279,"column":20},"end":{"line":279,"column":81}},"90":{"start":{"line":285,"column":8},"end":{"line":291,"column":9}},"91":{"start":{"line":286,"column":12},"end":{"line":290,"column":15}},"92":{"start":{"line":287,"column":16},"end":{"line":289,"column":17}},"93":{"start":{"line":288,"column":20},"end":{"line":288,"column":81}},"94":{"start":{"line":294,"column":8},"end":{"line":296,"column":9}},"95":{"start":{"line":295,"column":12},"end":{"line":295,"column":53}},"96":{"start":{"line":298,"column":8},"end":{"line":300,"column":9}},"97":{"start":{"line":299,"column":12},"end":{"line":299,"column":48}},"98":{"start":{"line":302,"column":8},"end":{"line":304,"column":9}},"99":{"start":{"line":303,"column":12},"end":{"line":303,"column":48}},"100":{"start":{"line":307,"column":4},"end":{"line":310,"column":6}},"101":{"start":{"line":319,"column":4},"end":{"line":330,"column":6}},"102":{"start":{"line":339,"column":4},"end":{"line":346,"column":6}},"103":{"start":{"line":352,"column":23},"end":{"line":352,"column":51}},"104":{"start":{"line":353,"column":4},"end":{"line":353,"column":34}},"105":{"start":{"line":357,"column":23},"end":{"line":357,"column":40}},"106":{"start":{"line":358,"column":4},"end":{"line":358,"column":34}},"107":{"start":{"line":362,"column":18},"end":{"line":368,"column":21}},"108":{"start":{"line":370,"column":4},"end":{"line":370,"column":55}},"109":{"start":{"line":379,"column":4},"end":{"line":381,"column":5}},"110":{"start":{"line":380,"column":8},"end":{"line":380,"column":44}},"111":{"start":{"line":382,"column":4},"end":{"line":386,"column":37}},"112":{"start":{"line":383,"column":20},"end":{"line":383,"column":61}},"113":{"start":{"line":384,"column":8},"end":{"line":384,"column":35}},"114":{"start":{"line":385,"column":8},"end":{"line":385,"column":22}},"115":{"start":{"line":400,"column":4},"end":{"line":402,"column":5}},"116":{"start":{"line":401,"column":8},"end":{"line":401,"column":53}},"117":{"start":{"line":404,"column":21},"end":{"line":413,"column":5}},"118":{"start":{"line":416,"column":4},"end":{"line":422,"column":5}},"119":{"start":{"line":417,"column":8},"end":{"line":421,"column":11}},"120":{"start":{"line":425,"column":4},"end":{"line":431,"column":5}},"121":{"start":{"line":426,"column":8},"end":{"line":430,"column":11}},"122":{"start":{"line":434,"column":4},"end":{"line":444,"column":5}},"123":{"start":{"line":435,"column":8},"end":{"line":443,"column":11}},"124":{"start":{"line":447,"column":4},"end":{"line":449,"column":5}},"125":{"start":{"line":448,"column":8},"end":{"line":448,"column":70}},"126":{"start":{"line":450,"column":4},"end":{"line":452,"column":5}},"127":{"start":{"line":451,"column":8},"end":{"line":451,"column":74}},"128":{"start":{"line":454,"column":4},"end":{"line":454,"column":20}},"129":{"start":{"line":463,"column":4},"end":{"line":465,"column":5}},"130":{"start":{"line":464,"column":8},"end":{"line":464,"column":53}},"131":{"start":{"line":468,"column":25},"end":{"line":468,"column":79}},"132":{"start":{"line":471,"column":25},"end":{"line":471,"column":79}},"133":{"start":{"line":474,"column":27},"end":{"line":474,"column":75}},"134":{"start":{"line":476,"column":21},"end":{"line":494,"column":5}},"135":{"start":{"line":496,"column":4},"end":{"line":496,"column":20}},"136":{"start":{"line":506,"column":4},"end":{"line":508,"column":5}},"137":{"start":{"line":507,"column":8},"end":{"line":507,"column":20}},"138":{"start":{"line":511,"column":20},"end":{"line":511,"column":64}},"139":{"start":{"line":511,"column":45},"end":{"line":511,"column":63}},"140":{"start":{"line":512,"column":4},"end":{"line":514,"column":5}},"141":{"start":{"line":513,"column":8},"end":{"line":513,"column":30}},"142":{"start":{"line":517,"column":4},"end":{"line":519,"column":5}},"143":{"start":{"line":518,"column":8},"end":{"line":518,"column":34}},"144":{"start":{"line":521,"column":4},"end":{"line":521,"column":16}},"145":{"start":{"line":530,"column":4},"end":{"line":538,"column":5}},"146":{"start":{"line":531,"column":8},"end":{"line":537,"column":10}},"147":{"start":{"line":541,"column":20},"end":{"line":541,"column":59}},"148":{"start":{"line":541,"column":43},"end":{"line":541,"column":58}},"149":{"start":{"line":542,"column":4},"end":{"line":544,"column":5}},"150":{"start":{"line":543,"column":8},"end":{"line":543,"column":23}},"151":{"start":{"line":547,"column":4},"end":{"line":553,"column":6}},"152":{"start":{"line":563,"column":19},"end":{"line":563,"column":21}},"153":{"start":{"line":565,"column":4},"end":{"line":568,"column":5}},"154":{"start":{"line":566,"column":8},"end":{"line":566,"column":49}},"155":{"start":{"line":567,"column":8},"end":{"line":567,"column":42}},"156":{"start":{"line":570,"column":4},"end":{"line":636,"column":5}},"157":{"start":{"line":572,"column":8},"end":{"line":574,"column":9}},"158":{"start":{"line":573,"column":12},"end":{"line":573,"column":53}},"159":{"start":{"line":576,"column":8},"end":{"line":578,"column":9}},"160":{"start":{"line":577,"column":12},"end":{"line":577,"column":42}},"161":{"start":{"line":580,"column":8},"end":{"line":582,"column":9}},"162":{"start":{"line":581,"column":12},"end":{"line":581,"column":55}},"163":{"start":{"line":584,"column":8},"end":{"line":595,"column":9}},"164":{"start":{"line":585,"column":12},"end":{"line":585,"column":51}},"165":{"start":{"line":587,"column":12},"end":{"line":594,"column":15}},"166":{"start":{"line":588,"column":16},"end":{"line":590,"column":17}},"167":{"start":{"line":589,"column":20},"end":{"line":589,"column":77}},"168":{"start":{"line":591,"column":16},"end":{"line":593,"column":17}},"169":{"start":{"line":592,"column":20},"end":{"line":592,"column":81}},"170":{"start":{"line":597,"column":8},"end":{"line":608,"column":9}},"171":{"start":{"line":598,"column":12},"end":{"line":598,"column":51}},"172":{"start":{"line":600,"column":12},"end":{"line":607,"column":15}},"173":{"start":{"line":601,"column":16},"end":{"line":603,"column":17}},"174":{"start":{"line":602,"column":20},"end":{"line":602,"column":77}},"175":{"start":{"line":604,"column":16},"end":{"line":606,"column":17}},"176":{"start":{"line":605,"column":20},"end":{"line":605,"column":81}},"177":{"start":{"line":610,"column":8},"end":{"line":612,"column":9}},"178":{"start":{"line":611,"column":12},"end":{"line":611,"column":54}},"179":{"start":{"line":613,"column":11},"end":{"line":636,"column":5}},"180":{"start":{"line":615,"column":8},"end":{"line":617,"column":9}},"181":{"start":{"line":616,"column":12},"end":{"line":616,"column":44}},"182":{"start":{"line":619,"column":8},"end":{"line":621,"column":9}},"183":{"start":{"line":620,"column":12},"end":{"line":620,"column":50}},"184":{"start":{"line":623,"column":8},"end":{"line":625,"column":9}},"185":{"start":{"line":624,"column":12},"end":{"line":624,"column":55}},"186":{"start":{"line":627,"column":8},"end":{"line":629,"column":9}},"187":{"start":{"line":628,"column":12},"end":{"line":628,"column":52}},"188":{"start":{"line":631,"column":8},"end":{"line":633,"column":9}},"189":{"start":{"line":632,"column":12},"end":{"line":632,"column":52}},"190":{"start":{"line":635,"column":8},"end":{"line":635,"column":49}},"191":{"start":{"line":638,"column":4},"end":{"line":641,"column":6}},"192":{"start":{"line":650,"column":4},"end":{"line":652,"column":5}},"193":{"start":{"line":651,"column":8},"end":{"line":651,"column":55}},"194":{"start":{"line":654,"column":4},"end":{"line":663,"column":25}},"195":{"start":{"line":656,"column":12},"end":{"line":661,"column":13}},"196":{"start":{"line":657,"column":16},"end":{"line":657,"column":61}},"197":{"start":{"line":659,"column":16},"end":{"line":659,"column":91}},"198":{"start":{"line":660,"column":16},"end":{"line":660,"column":28}},"199":{"start":{"line":672,"column":4},"end":{"line":674,"column":5}},"200":{"start":{"line":673,"column":8},"end":{"line":673,"column":55}},"201":{"start":{"line":676,"column":4},"end":{"line":685,"column":25}},"202":{"start":{"line":678,"column":12},"end":{"line":683,"column":13}},"203":{"start":{"line":679,"column":16},"end":{"line":679,"column":61}},"204":{"start":{"line":681,"column":16},"end":{"line":681,"column":91}},"205":{"start":{"line":682,"column":16},"end":{"line":682,"column":28}},"206":{"start":{"line":694,"column":57},"end":{"line":694,"column":64}},"207":{"start":{"line":697,"column":28},"end":{"line":697,"column":64}},"208":{"start":{"line":698,"column":28},"end":{"line":698,"column":64}},"209":{"start":{"line":699,"column":31},"end":{"line":699,"column":72}},"210":{"start":{"line":701,"column":4},"end":{"line":705,"column":6}},"211":{"start":{"line":715,"column":4},"end":{"line":717,"column":5}},"212":{"start":{"line":716,"column":8},"end":{"line":716,"column":18}},"213":{"start":{"line":719,"column":22},"end":{"line":719,"column":32}},"214":{"start":{"line":720,"column":25},"end":{"line":720,"column":73}},"215":{"start":{"line":720,"column":50},"end":{"line":720,"column":65}},"216":{"start":{"line":722,"column":4},"end":{"line":735,"column":5}},"217":{"start":{"line":724,"column":8},"end":{"line":724,"column":39}},"218":{"start":{"line":725,"column":11},"end":{"line":735,"column":5}},"219":{"start":{"line":727,"column":27},"end":{"line":727,"column":32}},"220":{"start":{"line":728,"column":8},"end":{"line":734,"column":11}},"221":{"start":{"line":729,"column":12},"end":{"line":733,"column":13}},"222":{"start":{"line":730,"column":16},"end":{"line":730,"column":40}},"223":{"start":{"line":731,"column":19},"end":{"line":733,"column":13}},"224":{"start":{"line":732,"column":16},"end":{"line":732,"column":36}},"225":{"start":{"line":737,"column":4},"end":{"line":737,"column":21}}},"fnMap":{"0":{"name":"processCustomerData","decl":{"start":{"line":10,"column":16},"end":{"line":10,"column":35}},"loc":{"start":{"line":10,"column":42},"end":{"line":23,"column":1}},"line":10},"1":{"name":"(anonymous_1)","decl":{"start":{"line":15,"column":34},"end":{"line":15,"column":35}},"loc":{"start":{"line":15,"column":47},"end":{"line":22,"column":5}},"line":15},"2":{"name":"processBackendCustomerList","decl":{"start":{"line":30,"column":16},"end":{"line":30,"column":42}},"loc":{"start":{"line":30,"column":53},"end":{"line":83,"column":1}},"line":30},"3":{"name":"(anonymous_3)","decl":{"start":{"line":34,"column":36},"end":{"line":34,"column":37}},"loc":{"start":{"line":34,"column":48},"end":{"line":34,"column":85}},"line":34},"4":{"name":"(anonymous_4)","decl":{"start":{"line":50,"column":50},"end":{"line":50,"column":51}},"loc":{"start":{"line":50,"column":62},"end":{"line":50,"column":99}},"line":50},"5":{"name":"(anonymous_5)","decl":{"start":{"line":63,"column":40},"end":{"line":63,"column":41}},"loc":{"start":{"line":63,"column":52},"end":{"line":63,"column":89}},"line":63},"6":{"name":"processBackendCustomerDetail","decl":{"start":{"line":90,"column":16},"end":{"line":90,"column":44}},"loc":{"start":{"line":90,"column":55},"end":{"line":101,"column":1}},"line":90},"7":{"name":"filterActiveCustomers","decl":{"start":{"line":109,"column":16},"end":{"line":109,"column":37}},"loc":{"start":{"line":109,"column":49},"end":{"line":114,"column":1}},"line":109},"8":{"name":"(anonymous_8)","decl":{"start":{"line":110,"column":28},"end":{"line":110,"column":29}},"loc":{"start":{"line":110,"column":40},"end":{"line":113,"column":5}},"line":110},"9":{"name":"sortCustomers","decl":{"start":{"line":125,"column":16},"end":{"line":125,"column":29}},"loc":{"start":{"line":125,"column":55},"end":{"line":153,"column":1}},"line":125},"10":{"name":"(anonymous_10)","decl":{"start":{"line":128,"column":31},"end":{"line":128,"column":32}},"loc":{"start":{"line":128,"column":41},"end":{"line":152,"column":5}},"line":128},"11":{"name":"calculateCustomerStats","decl":{"start":{"line":161,"column":16},"end":{"line":161,"column":38}},"loc":{"start":{"line":161,"column":50},"end":{"line":207,"column":1}},"line":161},"12":{"name":"(anonymous_12)","decl":{"start":{"line":182,"column":22},"end":{"line":182,"column":23}},"loc":{"start":{"line":182,"column":34},"end":{"line":204,"column":5}},"line":182},"13":{"name":"searchCustomers","decl":{"start":{"line":217,"column":16},"end":{"line":217,"column":31}},"loc":{"start":{"line":217,"column":50},"end":{"line":253,"column":1}},"line":217},"14":{"name":"(anonymous_14)","decl":{"start":{"line":224,"column":28},"end":{"line":224,"column":29}},"loc":{"start":{"line":224,"column":40},"end":{"line":252,"column":5}},"line":224},"15":{"name":"(anonymous_15)","decl":{"start":{"line":237,"column":37},"end":{"line":237,"column":38}},"loc":{"start":{"line":237,"column":42},"end":{"line":237,"column":95}},"line":237},"16":{"name":"(anonymous_16)","decl":{"start":{"line":246,"column":37},"end":{"line":246,"column":38}},"loc":{"start":{"line":246,"column":42},"end":{"line":246,"column":95}},"line":246},"17":{"name":"validateCustomerData","decl":{"start":{"line":262,"column":16},"end":{"line":262,"column":36}},"loc":{"start":{"line":262,"column":65},"end":{"line":311,"column":1}},"line":262},"18":{"name":"(anonymous_18)","decl":{"start":{"line":277,"column":32},"end":{"line":277,"column":33}},"loc":{"start":{"line":277,"column":53},"end":{"line":281,"column":13}},"line":277},"19":{"name":"(anonymous_19)","decl":{"start":{"line":286,"column":32},"end":{"line":286,"column":33}},"loc":{"start":{"line":286,"column":53},"end":{"line":290,"column":13}},"line":286},"20":{"name":"formatCustomerForDisplay","decl":{"start":{"line":318,"column":16},"end":{"line":318,"column":40}},"loc":{"start":{"line":318,"column":51},"end":{"line":331,"column":1}},"line":318},"21":{"name":"formatCustomerForFileMaker","decl":{"start":{"line":338,"column":16},"end":{"line":338,"column":42}},"loc":{"start":{"line":338,"column":49},"end":{"line":347,"column":1}},"line":338},"22":{"name":"isValidEmail","decl":{"start":{"line":351,"column":9},"end":{"line":351,"column":21}},"loc":{"start":{"line":351,"column":29},"end":{"line":354,"column":1}},"line":351},"23":{"name":"isValidPhone","decl":{"start":{"line":356,"column":9},"end":{"line":356,"column":21}},"loc":{"start":{"line":356,"column":29},"end":{"line":359,"column":1}},"line":356},"24":{"name":"formatAddress","decl":{"start":{"line":361,"column":9},"end":{"line":361,"column":22}},"loc":{"start":{"line":361,"column":33},"end":{"line":371,"column":1}},"line":361},"25":{"name":"groupCustomersByStatus","decl":{"start":{"line":378,"column":16},"end":{"line":378,"column":38}},"loc":{"start":{"line":378,"column":50},"end":{"line":387,"column":1}},"line":378},"26":{"name":"(anonymous_26)","decl":{"start":{"line":382,"column":28},"end":{"line":382,"column":29}},"loc":{"start":{"line":382,"column":50},"end":{"line":386,"column":5}},"line":382},"27":{"name":"transformFileMakerToBackend","decl":{"start":{"line":399,"column":16},"end":{"line":399,"column":43}},"loc":{"start":{"line":399,"column":63},"end":{"line":455,"column":1}},"line":399},"28":{"name":"transformBackendToFileMaker","decl":{"start":{"line":462,"column":16},"end":{"line":462,"column":43}},"loc":{"start":{"line":462,"column":61},"end":{"line":497,"column":1}},"line":462},"29":{"name":"extractPrimaryContact","decl":{"start":{"line":505,"column":16},"end":{"line":505,"column":37}},"loc":{"start":{"line":505,"column":55},"end":{"line":522,"column":1}},"line":505},"30":{"name":"(anonymous_30)","decl":{"start":{"line":511,"column":34},"end":{"line":511,"column":35}},"loc":{"start":{"line":511,"column":45},"end":{"line":511,"column":63}},"line":511},"31":{"name":"extractPrimaryAddress","decl":{"start":{"line":529,"column":16},"end":{"line":529,"column":37}},"loc":{"start":{"line":529,"column":49},"end":{"line":554,"column":1}},"line":529},"32":{"name":"(anonymous_32)","decl":{"start":{"line":541,"column":35},"end":{"line":541,"column":36}},"loc":{"start":{"line":541,"column":43},"end":{"line":541,"column":58}},"line":541},"33":{"name":"validateTransformedData","decl":{"start":{"line":562,"column":16},"end":{"line":562,"column":39}},"loc":{"start":{"line":562,"column":74},"end":{"line":642,"column":1}},"line":562},"34":{"name":"(anonymous_34)","decl":{"start":{"line":587,"column":40},"end":{"line":587,"column":41}},"loc":{"start":{"line":587,"column":58},"end":{"line":594,"column":13}},"line":587},"35":{"name":"(anonymous_35)","decl":{"start":{"line":600,"column":40},"end":{"line":600,"column":41}},"loc":{"start":{"line":600,"column":58},"end":{"line":607,"column":13}},"line":600},"36":{"name":"transformFileMakerArrayToBackend","decl":{"start":{"line":649,"column":16},"end":{"line":649,"column":48}},"loc":{"start":{"line":649,"column":69},"end":{"line":664,"column":1}},"line":649},"37":{"name":"(anonymous_37)","decl":{"start":{"line":655,"column":13},"end":{"line":655,"column":14}},"loc":{"start":{"line":655,"column":25},"end":{"line":662,"column":9}},"line":655},"38":{"name":"transformBackendArrayToFileMaker","decl":{"start":{"line":671,"column":16},"end":{"line":671,"column":48}},"loc":{"start":{"line":671,"column":67},"end":{"line":686,"column":1}},"line":671},"39":{"name":"(anonymous_39)","decl":{"start":{"line":677,"column":13},"end":{"line":677,"column":14}},"loc":{"start":{"line":677,"column":25},"end":{"line":684,"column":9}},"line":677},"40":{"name":"mergeNestedContacts","decl":{"start":{"line":693,"column":16},"end":{"line":693,"column":35}},"loc":{"start":{"line":693,"column":50},"end":{"line":706,"column":1}},"line":693},"41":{"name":"ensureSinglePrimary","decl":{"start":{"line":714,"column":9},"end":{"line":714,"column":28}},"loc":{"start":{"line":714,"column":42},"end":{"line":738,"column":1}},"line":714},"42":{"name":"(anonymous_42)","decl":{"start":{"line":720,"column":42},"end":{"line":720,"column":43}},"loc":{"start":{"line":720,"column":50},"end":{"line":720,"column":65}},"line":720},"43":{"name":"(anonymous_43)","decl":{"start":{"line":728,"column":26},"end":{"line":728,"column":27}},"loc":{"start":{"line":728,"column":34},"end":{"line":734,"column":9}},"line":728}},"branchMap":{"0":{"loc":{"start":{"line":11,"column":4},"end":{"line":13,"column":5}},"type":"if","locations":[{"start":{"line":11,"column":4},"end":{"line":13,"column":5}},{"start":{},"end":{}}],"line":11},"1":{"loc":{"start":{"line":19,"column":18},"end":{"line":19,"column":90}},"type":"binary-expr","locations":[{"start":{"line":19,"column":18},"end":{"line":19,"column":53}},{"start":{"line":19,"column":57},"end":{"line":19,"column":90}}],"line":19},"2":{"loc":{"start":{"line":32,"column":4},"end":{"line":42,"column":5}},"type":"if","locations":[{"start":{"line":32,"column":4},"end":{"line":42,"column":5}},{"start":{},"end":{}}],"line":32},"3":{"loc":{"start":{"line":45,"column":25},"end":{"line":45,"column":50}},"type":"binary-expr","locations":[{"start":{"line":45,"column":25},"end":{"line":45,"column":38}},{"start":{"line":45,"column":42},"end":{"line":45,"column":50}}],"line":45},"4":{"loc":{"start":{"line":48,"column":4},"end":{"line":58,"column":5}},"type":"if","locations":[{"start":{"line":48,"column":4},"end":{"line":58,"column":5}},{"start":{},"end":{}}],"line":48},"5":{"loc":{"start":{"line":48,"column":8},"end":{"line":48,"column":71}},"type":"binary-expr","locations":[{"start":{"line":48,"column":8},"end":{"line":48,"column":30}},{"start":{"line":48,"column":34},"end":{"line":48,"column":71}}],"line":48},"6":{"loc":{"start":{"line":51,"column":24},"end":{"line":56,"column":13}},"type":"binary-expr","locations":[{"start":{"line":51,"column":24},"end":{"line":51,"column":47}},{"start":{"line":51,"column":51},"end":{"line":56,"column":13}}],"line":51},"7":{"loc":{"start":{"line":61,"column":4},"end":{"line":71,"column":5}},"type":"if","locations":[{"start":{"line":61,"column":4},"end":{"line":71,"column":5}},{"start":{},"end":{}}],"line":61},"8":{"loc":{"start":{"line":92,"column":25},"end":{"line":92,"column":50}},"type":"binary-expr","locations":[{"start":{"line":92,"column":25},"end":{"line":92,"column":38}},{"start":{"line":92,"column":42},"end":{"line":92,"column":50}}],"line":92},"9":{"loc":{"start":{"line":95,"column":4},"end":{"line":97,"column":5}},"type":"if","locations":[{"start":{"line":95,"column":4},"end":{"line":97,"column":5}},{"start":{},"end":{}}],"line":95},"10":{"loc":{"start":{"line":95,"column":8},"end":{"line":95,"column":57}},"type":"binary-expr","locations":[{"start":{"line":95,"column":8},"end":{"line":95,"column":21}},{"start":{"line":95,"column":25},"end":{"line":95,"column":57}}],"line":95},"11":{"loc":{"start":{"line":125,"column":41},"end":{"line":125,"column":53}},"type":"default-arg","locations":[{"start":{"line":125,"column":51},"end":{"line":125,"column":53}}],"line":125},"12":{"loc":{"start":{"line":126,"column":12},"end":{"line":126,"column":26}},"type":"default-arg","locations":[{"start":{"line":126,"column":20},"end":{"line":126,"column":26}}],"line":126},"13":{"loc":{"start":{"line":126,"column":28},"end":{"line":126,"column":41}},"type":"default-arg","locations":[{"start":{"line":126,"column":36},"end":{"line":126,"column":41}}],"line":126},"14":{"loc":{"start":{"line":131,"column":8},"end":{"line":149,"column":9}},"type":"if","locations":[{"start":{"line":131,"column":8},"end":{"line":149,"column":9}},{"start":{"line":141,"column":15},"end":{"line":149,"column":9}}],"line":131},"15":{"loc":{"start":{"line":133,"column":12},"end":{"line":140,"column":13}},"type":"if","locations":[{"start":{"line":133,"column":12},"end":{"line":140,"column":13}},{"start":{"line":135,"column":19},"end":{"line":140,"column":13}}],"line":133},"16":{"loc":{"start":{"line":134,"column":29},"end":{"line":134,"column":48}},"type":"cond-expr","locations":[{"start":{"line":134,"column":42},"end":{"line":134,"column":44}},{"start":{"line":134,"column":47},"end":{"line":134,"column":48}}],"line":134},"17":{"loc":{"start":{"line":137,"column":31},"end":{"line":137,"column":62}},"type":"binary-expr","locations":[{"start":{"line":137,"column":31},"end":{"line":137,"column":37}},{"start":{"line":137,"column":41},"end":{"line":137,"column":56}},{"start":{"line":137,"column":60},"end":{"line":137,"column":62}}],"line":137},"18":{"loc":{"start":{"line":138,"column":31},"end":{"line":138,"column":62}},"type":"binary-expr","locations":[{"start":{"line":138,"column":31},"end":{"line":138,"column":37}},{"start":{"line":138,"column":41},"end":{"line":138,"column":56}},{"start":{"line":138,"column":60},"end":{"line":138,"column":62}}],"line":138},"19":{"loc":{"start":{"line":141,"column":15},"end":{"line":149,"column":9}},"type":"if","locations":[{"start":{"line":141,"column":15},"end":{"line":149,"column":9}},{"start":{"line":145,"column":15},"end":{"line":149,"column":9}}],"line":141},"20":{"loc":{"start":{"line":142,"column":35},"end":{"line":142,"column":62}},"type":"binary-expr","locations":[{"start":{"line":142,"column":35},"end":{"line":142,"column":46}},{"start":{"line":142,"column":50},"end":{"line":142,"column":62}}],"line":142},"21":{"loc":{"start":{"line":143,"column":35},"end":{"line":143,"column":62}},"type":"binary-expr","locations":[{"start":{"line":143,"column":35},"end":{"line":143,"column":46}},{"start":{"line":143,"column":50},"end":{"line":143,"column":62}}],"line":143},"22":{"loc":{"start":{"line":145,"column":15},"end":{"line":149,"column":9}},"type":"if","locations":[{"start":{"line":145,"column":15},"end":{"line":149,"column":9}},{"start":{},"end":{}}],"line":145},"23":{"loc":{"start":{"line":146,"column":35},"end":{"line":146,"column":63}},"type":"binary-expr","locations":[{"start":{"line":146,"column":35},"end":{"line":146,"column":47}},{"start":{"line":146,"column":51},"end":{"line":146,"column":63}}],"line":146},"24":{"loc":{"start":{"line":147,"column":35},"end":{"line":147,"column":63}},"type":"binary-expr","locations":[{"start":{"line":147,"column":35},"end":{"line":147,"column":47}},{"start":{"line":147,"column":51},"end":{"line":147,"column":63}}],"line":147},"25":{"loc":{"start":{"line":151,"column":15},"end":{"line":151,"column":58}},"type":"cond-expr","locations":[{"start":{"line":151,"column":34},"end":{"line":151,"column":45}},{"start":{"line":151,"column":48},"end":{"line":151,"column":58}}],"line":151},"26":{"loc":{"start":{"line":162,"column":4},"end":{"line":171,"column":5}},"type":"if","locations":[{"start":{"line":162,"column":4},"end":{"line":171,"column":5}},{"start":{},"end":{}}],"line":162},"27":{"loc":{"start":{"line":162,"column":8},"end":{"line":162,"column":59}},"type":"binary-expr","locations":[{"start":{"line":162,"column":8},"end":{"line":162,"column":33}},{"start":{"line":162,"column":37},"end":{"line":162,"column":59}}],"line":162},"28":{"loc":{"start":{"line":184,"column":8},"end":{"line":188,"column":9}},"type":"if","locations":[{"start":{"line":184,"column":8},"end":{"line":188,"column":9}},{"start":{"line":186,"column":15},"end":{"line":188,"column":9}}],"line":184},"29":{"loc":{"start":{"line":191,"column":8},"end":{"line":193,"column":9}},"type":"if","locations":[{"start":{"line":191,"column":8},"end":{"line":193,"column":9}},{"start":{},"end":{}}],"line":191},"30":{"loc":{"start":{"line":191,"column":12},"end":{"line":191,"column":95}},"type":"binary-expr","locations":[{"start":{"line":191,"column":12},"end":{"line":191,"column":26}},{"start":{"line":191,"column":30},"end":{"line":191,"column":44}},{"start":{"line":191,"column":49},"end":{"line":191,"column":64}},{"start":{"line":191,"column":68},"end":{"line":191,"column":94}}],"line":191},"31":{"loc":{"start":{"line":196,"column":8},"end":{"line":198,"column":9}},"type":"if","locations":[{"start":{"line":196,"column":8},"end":{"line":198,"column":9}},{"start":{},"end":{}}],"line":196},"32":{"loc":{"start":{"line":196,"column":12},"end":{"line":196,"column":95}},"type":"binary-expr","locations":[{"start":{"line":196,"column":12},"end":{"line":196,"column":26}},{"start":{"line":196,"column":30},"end":{"line":196,"column":44}},{"start":{"line":196,"column":49},"end":{"line":196,"column":64}},{"start":{"line":196,"column":68},"end":{"line":196,"column":94}}],"line":196},"33":{"loc":{"start":{"line":201,"column":8},"end":{"line":203,"column":9}},"type":"if","locations":[{"start":{"line":201,"column":8},"end":{"line":203,"column":9}},{"start":{},"end":{}}],"line":201},"34":{"loc":{"start":{"line":201,"column":12},"end":{"line":201,"column":105}},"type":"binary-expr","locations":[{"start":{"line":201,"column":12},"end":{"line":201,"column":28}},{"start":{"line":201,"column":32},"end":{"line":201,"column":48}},{"start":{"line":201,"column":53},"end":{"line":201,"column":71}},{"start":{"line":201,"column":75},"end":{"line":201,"column":104}}],"line":201},"35":{"loc":{"start":{"line":218,"column":4},"end":{"line":220,"column":5}},"type":"if","locations":[{"start":{"line":218,"column":4},"end":{"line":220,"column":5}},{"start":{},"end":{}}],"line":218},"36":{"loc":{"start":{"line":218,"column":8},"end":{"line":218,"column":31}},"type":"binary-expr","locations":[{"start":{"line":218,"column":8},"end":{"line":218,"column":14}},{"start":{"line":218,"column":18},"end":{"line":218,"column":31}}],"line":218},"37":{"loc":{"start":{"line":226,"column":22},"end":{"line":226,"column":67}},"type":"binary-expr","locations":[{"start":{"line":226,"column":22},"end":{"line":226,"column":35}},{"start":{"line":226,"column":39},"end":{"line":226,"column":61}},{"start":{"line":226,"column":65},"end":{"line":226,"column":67}}],"line":226},"38":{"loc":{"start":{"line":227,"column":8},"end":{"line":227,"column":51}},"type":"if","locations":[{"start":{"line":227,"column":8},"end":{"line":227,"column":51}},{"start":{},"end":{}}],"line":227},"39":{"loc":{"start":{"line":230,"column":31},"end":{"line":230,"column":92}},"type":"binary-expr","locations":[{"start":{"line":230,"column":31},"end":{"line":230,"column":53}},{"start":{"line":230,"column":57},"end":{"line":230,"column":86}},{"start":{"line":230,"column":90},"end":{"line":230,"column":92}}],"line":230},"40":{"loc":{"start":{"line":231,"column":8},"end":{"line":231,"column":60}},"type":"if","locations":[{"start":{"line":231,"column":8},"end":{"line":231,"column":60}},{"start":{},"end":{}}],"line":231},"41":{"loc":{"start":{"line":234,"column":8},"end":{"line":234,"column":93}},"type":"if","locations":[{"start":{"line":234,"column":8},"end":{"line":234,"column":93}},{"start":{},"end":{}}],"line":234},"42":{"loc":{"start":{"line":234,"column":12},"end":{"line":234,"column":79}},"type":"binary-expr","locations":[{"start":{"line":234,"column":12},"end":{"line":234,"column":26}},{"start":{"line":234,"column":30},"end":{"line":234,"column":79}}],"line":234},"43":{"loc":{"start":{"line":235,"column":8},"end":{"line":235,"column":93}},"type":"if","locations":[{"start":{"line":235,"column":8},"end":{"line":235,"column":93}},{"start":{},"end":{}}],"line":235},"44":{"loc":{"start":{"line":235,"column":12},"end":{"line":235,"column":79}},"type":"binary-expr","locations":[{"start":{"line":235,"column":12},"end":{"line":235,"column":26}},{"start":{"line":235,"column":30},"end":{"line":235,"column":79}}],"line":235},"45":{"loc":{"start":{"line":236,"column":8},"end":{"line":240,"column":9}},"type":"if","locations":[{"start":{"line":236,"column":8},"end":{"line":240,"column":9}},{"start":{},"end":{}}],"line":236},"46":{"loc":{"start":{"line":236,"column":12},"end":{"line":236,"column":61}},"type":"binary-expr","locations":[{"start":{"line":236,"column":12},"end":{"line":236,"column":27}},{"start":{"line":236,"column":31},"end":{"line":236,"column":61}}],"line":236},"47":{"loc":{"start":{"line":237,"column":12},"end":{"line":239,"column":13}},"type":"if","locations":[{"start":{"line":237,"column":12},"end":{"line":239,"column":13}},{"start":{},"end":{}}],"line":237},"48":{"loc":{"start":{"line":237,"column":42},"end":{"line":237,"column":95}},"type":"binary-expr","locations":[{"start":{"line":237,"column":42},"end":{"line":237,"column":49}},{"start":{"line":237,"column":53},"end":{"line":237,"column":95}}],"line":237},"49":{"loc":{"start":{"line":243,"column":8},"end":{"line":243,"column":93}},"type":"if","locations":[{"start":{"line":243,"column":8},"end":{"line":243,"column":93}},{"start":{},"end":{}}],"line":243},"50":{"loc":{"start":{"line":243,"column":12},"end":{"line":243,"column":79}},"type":"binary-expr","locations":[{"start":{"line":243,"column":12},"end":{"line":243,"column":26}},{"start":{"line":243,"column":30},"end":{"line":243,"column":79}}],"line":243},"51":{"loc":{"start":{"line":244,"column":8},"end":{"line":244,"column":93}},"type":"if","locations":[{"start":{"line":244,"column":8},"end":{"line":244,"column":93}},{"start":{},"end":{}}],"line":244},"52":{"loc":{"start":{"line":244,"column":12},"end":{"line":244,"column":79}},"type":"binary-expr","locations":[{"start":{"line":244,"column":12},"end":{"line":244,"column":26}},{"start":{"line":244,"column":30},"end":{"line":244,"column":79}}],"line":244},"53":{"loc":{"start":{"line":245,"column":8},"end":{"line":249,"column":9}},"type":"if","locations":[{"start":{"line":245,"column":8},"end":{"line":249,"column":9}},{"start":{},"end":{}}],"line":245},"54":{"loc":{"start":{"line":245,"column":12},"end":{"line":245,"column":61}},"type":"binary-expr","locations":[{"start":{"line":245,"column":12},"end":{"line":245,"column":27}},{"start":{"line":245,"column":31},"end":{"line":245,"column":61}}],"line":245},"55":{"loc":{"start":{"line":246,"column":12},"end":{"line":248,"column":13}},"type":"if","locations":[{"start":{"line":246,"column":12},"end":{"line":248,"column":13}},{"start":{},"end":{}}],"line":246},"56":{"loc":{"start":{"line":246,"column":42},"end":{"line":246,"column":95}},"type":"binary-expr","locations":[{"start":{"line":246,"column":42},"end":{"line":246,"column":49}},{"start":{"line":246,"column":53},"end":{"line":246,"column":95}}],"line":246},"57":{"loc":{"start":{"line":262,"column":43},"end":{"line":262,"column":63}},"type":"default-arg","locations":[{"start":{"line":262,"column":52},"end":{"line":262,"column":63}}],"line":262},"58":{"loc":{"start":{"line":265,"column":4},"end":{"line":305,"column":5}},"type":"if","locations":[{"start":{"line":265,"column":4},"end":{"line":305,"column":5}},{"start":{"line":292,"column":11},"end":{"line":305,"column":5}}],"line":265},"59":{"loc":{"start":{"line":267,"column":8},"end":{"line":269,"column":9}},"type":"if","locations":[{"start":{"line":267,"column":8},"end":{"line":269,"column":9}},{"start":{},"end":{}}],"line":267},"60":{"loc":{"start":{"line":271,"column":8},"end":{"line":273,"column":9}},"type":"if","locations":[{"start":{"line":271,"column":8},"end":{"line":273,"column":9}},{"start":{},"end":{}}],"line":271},"61":{"loc":{"start":{"line":271,"column":12},"end":{"line":271,"column":65}},"type":"binary-expr","locations":[{"start":{"line":271,"column":12},"end":{"line":271,"column":30}},{"start":{"line":271,"column":34},"end":{"line":271,"column":65}}],"line":271},"62":{"loc":{"start":{"line":276,"column":8},"end":{"line":282,"column":9}},"type":"if","locations":[{"start":{"line":276,"column":8},"end":{"line":282,"column":9}},{"start":{},"end":{}}],"line":276},"63":{"loc":{"start":{"line":276,"column":12},"end":{"line":276,"column":53}},"type":"binary-expr","locations":[{"start":{"line":276,"column":12},"end":{"line":276,"column":23}},{"start":{"line":276,"column":27},"end":{"line":276,"column":53}}],"line":276},"64":{"loc":{"start":{"line":278,"column":16},"end":{"line":280,"column":17}},"type":"if","locations":[{"start":{"line":278,"column":16},"end":{"line":280,"column":17}},{"start":{},"end":{}}],"line":278},"65":{"loc":{"start":{"line":278,"column":20},"end":{"line":278,"column":67}},"type":"binary-expr","locations":[{"start":{"line":278,"column":20},"end":{"line":278,"column":34}},{"start":{"line":278,"column":38},"end":{"line":278,"column":67}}],"line":278},"66":{"loc":{"start":{"line":285,"column":8},"end":{"line":291,"column":9}},"type":"if","locations":[{"start":{"line":285,"column":8},"end":{"line":291,"column":9}},{"start":{},"end":{}}],"line":285},"67":{"loc":{"start":{"line":285,"column":12},"end":{"line":285,"column":53}},"type":"binary-expr","locations":[{"start":{"line":285,"column":12},"end":{"line":285,"column":23}},{"start":{"line":285,"column":27},"end":{"line":285,"column":53}}],"line":285},"68":{"loc":{"start":{"line":287,"column":16},"end":{"line":289,"column":17}},"type":"if","locations":[{"start":{"line":287,"column":16},"end":{"line":289,"column":17}},{"start":{},"end":{}}],"line":287},"69":{"loc":{"start":{"line":287,"column":20},"end":{"line":287,"column":67}},"type":"binary-expr","locations":[{"start":{"line":287,"column":20},"end":{"line":287,"column":34}},{"start":{"line":287,"column":38},"end":{"line":287,"column":67}}],"line":287},"70":{"loc":{"start":{"line":294,"column":8},"end":{"line":296,"column":9}},"type":"if","locations":[{"start":{"line":294,"column":8},"end":{"line":296,"column":9}},{"start":{},"end":{}}],"line":294},"71":{"loc":{"start":{"line":298,"column":8},"end":{"line":300,"column":9}},"type":"if","locations":[{"start":{"line":298,"column":8},"end":{"line":300,"column":9}},{"start":{},"end":{}}],"line":298},"72":{"loc":{"start":{"line":298,"column":12},"end":{"line":298,"column":51}},"type":"binary-expr","locations":[{"start":{"line":298,"column":12},"end":{"line":298,"column":22}},{"start":{"line":298,"column":26},"end":{"line":298,"column":51}}],"line":298},"73":{"loc":{"start":{"line":302,"column":8},"end":{"line":304,"column":9}},"type":"if","locations":[{"start":{"line":302,"column":8},"end":{"line":304,"column":9}},{"start":{},"end":{}}],"line":302},"74":{"loc":{"start":{"line":302,"column":12},"end":{"line":302,"column":51}},"type":"binary-expr","locations":[{"start":{"line":302,"column":12},"end":{"line":302,"column":22}},{"start":{"line":302,"column":26},"end":{"line":302,"column":51}}],"line":302},"75":{"loc":{"start":{"line":323,"column":15},"end":{"line":323,"column":38}},"type":"binary-expr","locations":[{"start":{"line":323,"column":15},"end":{"line":323,"column":29}},{"start":{"line":323,"column":33},"end":{"line":323,"column":38}}],"line":323},"76":{"loc":{"start":{"line":324,"column":15},"end":{"line":324,"column":38}},"type":"binary-expr","locations":[{"start":{"line":324,"column":15},"end":{"line":324,"column":29}},{"start":{"line":324,"column":33},"end":{"line":324,"column":38}}],"line":324},"77":{"loc":{"start":{"line":325,"column":16},"end":{"line":325,"column":57}},"type":"cond-expr","locations":[{"start":{"line":325,"column":36},"end":{"line":325,"column":44}},{"start":{"line":325,"column":47},"end":{"line":325,"column":57}}],"line":325},"78":{"loc":{"start":{"line":329,"column":23},"end":{"line":329,"column":54}},"type":"binary-expr","locations":[{"start":{"line":329,"column":23},"end":{"line":329,"column":45}},{"start":{"line":329,"column":49},"end":{"line":329,"column":54}}],"line":329},"79":{"loc":{"start":{"line":343,"column":18},"end":{"line":343,"column":43}},"type":"cond-expr","locations":[{"start":{"line":343,"column":34},"end":{"line":343,"column":37}},{"start":{"line":343,"column":40},"end":{"line":343,"column":43}}],"line":343},"80":{"loc":{"start":{"line":370,"column":11},"end":{"line":370,"column":54}},"type":"cond-expr","locations":[{"start":{"line":370,"column":30},"end":{"line":370,"column":46}},{"start":{"line":370,"column":49},"end":{"line":370,"column":54}}],"line":370},"81":{"loc":{"start":{"line":379,"column":4},"end":{"line":381,"column":5}},"type":"if","locations":[{"start":{"line":379,"column":4},"end":{"line":381,"column":5}},{"start":{},"end":{}}],"line":379},"82":{"loc":{"start":{"line":383,"column":20},"end":{"line":383,"column":61}},"type":"cond-expr","locations":[{"start":{"line":383,"column":40},"end":{"line":383,"column":48}},{"start":{"line":383,"column":51},"end":{"line":383,"column":61}}],"line":383},"83":{"loc":{"start":{"line":400,"column":4},"end":{"line":402,"column":5}},"type":"if","locations":[{"start":{"line":400,"column":4},"end":{"line":402,"column":5}},{"start":{},"end":{}}],"line":400},"84":{"loc":{"start":{"line":405,"column":12},"end":{"line":405,"column":58}},"type":"binary-expr","locations":[{"start":{"line":405,"column":12},"end":{"line":405,"column":34}},{"start":{"line":405,"column":38},"end":{"line":405,"column":58}}],"line":405},"85":{"loc":{"start":{"line":406,"column":23},"end":{"line":406,"column":51}},"type":"binary-expr","locations":[{"start":{"line":406,"column":23},"end":{"line":406,"column":45}},{"start":{"line":406,"column":49},"end":{"line":406,"column":51}}],"line":406},"86":{"loc":{"start":{"line":407,"column":30},"end":{"line":407,"column":69}},"type":"binary-expr","locations":[{"start":{"line":407,"column":30},"end":{"line":407,"column":61}},{"start":{"line":407,"column":65},"end":{"line":407,"column":69}}],"line":407},"87":{"loc":{"start":{"line":408,"column":19},"end":{"line":408,"column":128}},"type":"binary-expr","locations":[{"start":{"line":408,"column":19},"end":{"line":408,"column":53}},{"start":{"line":408,"column":57},"end":{"line":408,"column":89}},{"start":{"line":408,"column":93},"end":{"line":408,"column":128}}],"line":408},"88":{"loc":{"start":{"line":416,"column":4},"end":{"line":422,"column":5}},"type":"if","locations":[{"start":{"line":416,"column":4},"end":{"line":422,"column":5}},{"start":{},"end":{}}],"line":416},"89":{"loc":{"start":{"line":416,"column":8},"end":{"line":416,"column":65}},"type":"binary-expr","locations":[{"start":{"line":416,"column":8},"end":{"line":416,"column":31}},{"start":{"line":416,"column":35},"end":{"line":416,"column":65}}],"line":416},"90":{"loc":{"start":{"line":425,"column":4},"end":{"line":431,"column":5}},"type":"if","locations":[{"start":{"line":425,"column":4},"end":{"line":431,"column":5}},{"start":{},"end":{}}],"line":425},"91":{"loc":{"start":{"line":425,"column":8},"end":{"line":425,"column":65}},"type":"binary-expr","locations":[{"start":{"line":425,"column":8},"end":{"line":425,"column":31}},{"start":{"line":425,"column":35},"end":{"line":425,"column":65}}],"line":425},"92":{"loc":{"start":{"line":434,"column":4},"end":{"line":444,"column":5}},"type":"if","locations":[{"start":{"line":434,"column":4},"end":{"line":444,"column":5}},{"start":{},"end":{}}],"line":434},"93":{"loc":{"start":{"line":434,"column":8},"end":{"line":434,"column":57}},"type":"binary-expr","locations":[{"start":{"line":434,"column":8},"end":{"line":434,"column":30}},{"start":{"line":434,"column":34},"end":{"line":434,"column":57}}],"line":434},"94":{"loc":{"start":{"line":436,"column":27},"end":{"line":436,"column":58}},"type":"binary-expr","locations":[{"start":{"line":436,"column":27},"end":{"line":436,"column":52}},{"start":{"line":436,"column":56},"end":{"line":436,"column":58}}],"line":436},"95":{"loc":{"start":{"line":438,"column":18},"end":{"line":438,"column":46}},"type":"binary-expr","locations":[{"start":{"line":438,"column":18},"end":{"line":438,"column":40}},{"start":{"line":438,"column":44},"end":{"line":438,"column":46}}],"line":438},"96":{"loc":{"start":{"line":439,"column":19},"end":{"line":439,"column":48}},"type":"binary-expr","locations":[{"start":{"line":439,"column":19},"end":{"line":439,"column":42}},{"start":{"line":439,"column":46},"end":{"line":439,"column":48}}],"line":439},"97":{"loc":{"start":{"line":440,"column":25},"end":{"line":440,"column":59}},"type":"binary-expr","locations":[{"start":{"line":440,"column":25},"end":{"line":440,"column":53}},{"start":{"line":440,"column":57},"end":{"line":440,"column":59}}],"line":440},"98":{"loc":{"start":{"line":441,"column":21},"end":{"line":441,"column":52}},"type":"binary-expr","locations":[{"start":{"line":441,"column":21},"end":{"line":441,"column":46}},{"start":{"line":441,"column":50},"end":{"line":441,"column":52}}],"line":441},"99":{"loc":{"start":{"line":447,"column":4},"end":{"line":449,"column":5}},"type":"if","locations":[{"start":{"line":447,"column":4},"end":{"line":449,"column":5}},{"start":{},"end":{}}],"line":447},"100":{"loc":{"start":{"line":450,"column":4},"end":{"line":452,"column":5}},"type":"if","locations":[{"start":{"line":450,"column":4},"end":{"line":452,"column":5}},{"start":{},"end":{}}],"line":450},"101":{"loc":{"start":{"line":463,"column":4},"end":{"line":465,"column":5}},"type":"if","locations":[{"start":{"line":463,"column":4},"end":{"line":465,"column":5}},{"start":{},"end":{}}],"line":463},"102":{"loc":{"start":{"line":479,"column":14},"end":{"line":479,"column":49}},"type":"binary-expr","locations":[{"start":{"line":479,"column":14},"end":{"line":479,"column":43}},{"start":{"line":479,"column":47},"end":{"line":479,"column":49}}],"line":479},"103":{"loc":{"start":{"line":480,"column":15},"end":{"line":480,"column":33}},"type":"binary-expr","locations":[{"start":{"line":480,"column":15},"end":{"line":480,"column":27}},{"start":{"line":480,"column":31},"end":{"line":480,"column":33}}],"line":480},"104":{"loc":{"start":{"line":481,"column":15},"end":{"line":481,"column":33}},"type":"binary-expr","locations":[{"start":{"line":481,"column":15},"end":{"line":481,"column":27}},{"start":{"line":481,"column":31},"end":{"line":481,"column":33}}],"line":481},"105":{"loc":{"start":{"line":482,"column":23},"end":{"line":482,"column":65}},"type":"binary-expr","locations":[{"start":{"line":482,"column":23},"end":{"line":482,"column":59}},{"start":{"line":482,"column":63},"end":{"line":482,"column":65}}],"line":482},"106":{"loc":{"start":{"line":483,"column":18},"end":{"line":483,"column":55}},"type":"cond-expr","locations":[{"start":{"line":483,"column":46},"end":{"line":483,"column":49}},{"start":{"line":483,"column":52},"end":{"line":483,"column":55}}],"line":483},"107":{"loc":{"start":{"line":484,"column":18},"end":{"line":484,"column":52}},"type":"binary-expr","locations":[{"start":{"line":484,"column":18},"end":{"line":484,"column":43}},{"start":{"line":484,"column":47},"end":{"line":484,"column":52}}],"line":484},"108":{"loc":{"start":{"line":485,"column":17},"end":{"line":485,"column":51}},"type":"binary-expr","locations":[{"start":{"line":485,"column":17},"end":{"line":485,"column":45}},{"start":{"line":485,"column":49},"end":{"line":485,"column":51}}],"line":485},"109":{"loc":{"start":{"line":486,"column":14},"end":{"line":486,"column":39}},"type":"binary-expr","locations":[{"start":{"line":486,"column":14},"end":{"line":486,"column":33}},{"start":{"line":486,"column":37},"end":{"line":486,"column":39}}],"line":486},"110":{"loc":{"start":{"line":487,"column":15},"end":{"line":487,"column":41}},"type":"binary-expr","locations":[{"start":{"line":487,"column":15},"end":{"line":487,"column":35}},{"start":{"line":487,"column":39},"end":{"line":487,"column":41}}],"line":487},"111":{"loc":{"start":{"line":488,"column":20},"end":{"line":488,"column":52}},"type":"binary-expr","locations":[{"start":{"line":488,"column":20},"end":{"line":488,"column":46}},{"start":{"line":488,"column":50},"end":{"line":488,"column":52}}],"line":488},"112":{"loc":{"start":{"line":489,"column":17},"end":{"line":489,"column":45}},"type":"binary-expr","locations":[{"start":{"line":489,"column":17},"end":{"line":489,"column":39}},{"start":{"line":489,"column":43},"end":{"line":489,"column":45}}],"line":489},"113":{"loc":{"start":{"line":490,"column":30},"end":{"line":490,"column":64}},"type":"binary-expr","locations":[{"start":{"line":490,"column":30},"end":{"line":490,"column":56}},{"start":{"line":490,"column":60},"end":{"line":490,"column":64}}],"line":490},"114":{"loc":{"start":{"line":491,"column":34},"end":{"line":491,"column":68}},"type":"binary-expr","locations":[{"start":{"line":491,"column":34},"end":{"line":491,"column":60}},{"start":{"line":491,"column":64},"end":{"line":491,"column":68}}],"line":491},"115":{"loc":{"start":{"line":492,"column":19},"end":{"line":492,"column":53}},"type":"binary-expr","locations":[{"start":{"line":492,"column":19},"end":{"line":492,"column":45}},{"start":{"line":492,"column":49},"end":{"line":492,"column":53}}],"line":492},"116":{"loc":{"start":{"line":493,"column":20},"end":{"line":493,"column":54}},"type":"binary-expr","locations":[{"start":{"line":493,"column":20},"end":{"line":493,"column":46}},{"start":{"line":493,"column":50},"end":{"line":493,"column":54}}],"line":493},"117":{"loc":{"start":{"line":506,"column":4},"end":{"line":508,"column":5}},"type":"if","locations":[{"start":{"line":506,"column":4},"end":{"line":508,"column":5}},{"start":{},"end":{}}],"line":506},"118":{"loc":{"start":{"line":506,"column":8},"end":{"line":506,"column":57}},"type":"binary-expr","locations":[{"start":{"line":506,"column":8},"end":{"line":506,"column":32}},{"start":{"line":506,"column":36},"end":{"line":506,"column":57}}],"line":506},"119":{"loc":{"start":{"line":512,"column":4},"end":{"line":514,"column":5}},"type":"if","locations":[{"start":{"line":512,"column":4},"end":{"line":514,"column":5}},{"start":{},"end":{}}],"line":512},"120":{"loc":{"start":{"line":512,"column":8},"end":{"line":512,"column":33}},"type":"binary-expr","locations":[{"start":{"line":512,"column":8},"end":{"line":512,"column":15}},{"start":{"line":512,"column":19},"end":{"line":512,"column":33}}],"line":512},"121":{"loc":{"start":{"line":517,"column":4},"end":{"line":519,"column":5}},"type":"if","locations":[{"start":{"line":517,"column":4},"end":{"line":519,"column":5}},{"start":{},"end":{}}],"line":517},"122":{"loc":{"start":{"line":517,"column":8},"end":{"line":517,"column":41}},"type":"binary-expr","locations":[{"start":{"line":517,"column":8},"end":{"line":517,"column":19}},{"start":{"line":517,"column":23},"end":{"line":517,"column":41}}],"line":517},"123":{"loc":{"start":{"line":530,"column":4},"end":{"line":538,"column":5}},"type":"if","locations":[{"start":{"line":530,"column":4},"end":{"line":538,"column":5}},{"start":{},"end":{}}],"line":530},"124":{"loc":{"start":{"line":530,"column":8},"end":{"line":530,"column":59}},"type":"binary-expr","locations":[{"start":{"line":530,"column":8},"end":{"line":530,"column":33}},{"start":{"line":530,"column":37},"end":{"line":530,"column":59}}],"line":530},"125":{"loc":{"start":{"line":542,"column":4},"end":{"line":544,"column":5}},"type":"if","locations":[{"start":{"line":542,"column":4},"end":{"line":544,"column":5}},{"start":{},"end":{}}],"line":542},"126":{"loc":{"start":{"line":547,"column":11},"end":{"line":553,"column":5}},"type":"binary-expr","locations":[{"start":{"line":547,"column":11},"end":{"line":547,"column":23}},{"start":{"line":547,"column":27},"end":{"line":553,"column":5}}],"line":547},"127":{"loc":{"start":{"line":562,"column":54},"end":{"line":562,"column":72}},"type":"default-arg","locations":[{"start":{"line":562,"column":63},"end":{"line":562,"column":72}}],"line":562},"128":{"loc":{"start":{"line":565,"column":4},"end":{"line":568,"column":5}},"type":"if","locations":[{"start":{"line":565,"column":4},"end":{"line":568,"column":5}},{"start":{},"end":{}}],"line":565},"129":{"loc":{"start":{"line":570,"column":4},"end":{"line":636,"column":5}},"type":"if","locations":[{"start":{"line":570,"column":4},"end":{"line":636,"column":5}},{"start":{"line":613,"column":11},"end":{"line":636,"column":5}}],"line":570},"130":{"loc":{"start":{"line":572,"column":8},"end":{"line":574,"column":9}},"type":"if","locations":[{"start":{"line":572,"column":8},"end":{"line":574,"column":9}},{"start":{},"end":{}}],"line":572},"131":{"loc":{"start":{"line":572,"column":12},"end":{"line":572,"column":77}},"type":"binary-expr","locations":[{"start":{"line":572,"column":12},"end":{"line":572,"column":39}},{"start":{"line":572,"column":43},"end":{"line":572,"column":77}}],"line":572},"132":{"loc":{"start":{"line":576,"column":8},"end":{"line":578,"column":9}},"type":"if","locations":[{"start":{"line":576,"column":8},"end":{"line":578,"column":9}},{"start":{},"end":{}}],"line":576},"133":{"loc":{"start":{"line":580,"column":8},"end":{"line":582,"column":9}},"type":"if","locations":[{"start":{"line":580,"column":8},"end":{"line":582,"column":9}},{"start":{},"end":{}}],"line":580},"134":{"loc":{"start":{"line":584,"column":8},"end":{"line":595,"column":9}},"type":"if","locations":[{"start":{"line":584,"column":8},"end":{"line":595,"column":9}},{"start":{"line":586,"column":15},"end":{"line":595,"column":9}}],"line":584},"135":{"loc":{"start":{"line":588,"column":16},"end":{"line":590,"column":17}},"type":"if","locations":[{"start":{"line":588,"column":16},"end":{"line":590,"column":17}},{"start":{},"end":{}}],"line":588},"136":{"loc":{"start":{"line":588,"column":20},"end":{"line":588,"column":61}},"type":"binary-expr","locations":[{"start":{"line":588,"column":20},"end":{"line":588,"column":31}},{"start":{"line":588,"column":35},"end":{"line":588,"column":61}}],"line":588},"137":{"loc":{"start":{"line":591,"column":16},"end":{"line":593,"column":17}},"type":"if","locations":[{"start":{"line":591,"column":16},"end":{"line":593,"column":17}},{"start":{},"end":{}}],"line":591},"138":{"loc":{"start":{"line":597,"column":8},"end":{"line":608,"column":9}},"type":"if","locations":[{"start":{"line":597,"column":8},"end":{"line":608,"column":9}},{"start":{"line":599,"column":15},"end":{"line":608,"column":9}}],"line":597},"139":{"loc":{"start":{"line":601,"column":16},"end":{"line":603,"column":17}},"type":"if","locations":[{"start":{"line":601,"column":16},"end":{"line":603,"column":17}},{"start":{},"end":{}}],"line":601},"140":{"loc":{"start":{"line":601,"column":20},"end":{"line":601,"column":61}},"type":"binary-expr","locations":[{"start":{"line":601,"column":20},"end":{"line":601,"column":31}},{"start":{"line":601,"column":35},"end":{"line":601,"column":61}}],"line":601},"141":{"loc":{"start":{"line":604,"column":16},"end":{"line":606,"column":17}},"type":"if","locations":[{"start":{"line":604,"column":16},"end":{"line":606,"column":17}},{"start":{},"end":{}}],"line":604},"142":{"loc":{"start":{"line":610,"column":8},"end":{"line":612,"column":9}},"type":"if","locations":[{"start":{"line":610,"column":8},"end":{"line":612,"column":9}},{"start":{},"end":{}}],"line":610},"143":{"loc":{"start":{"line":613,"column":11},"end":{"line":636,"column":5}},"type":"if","locations":[{"start":{"line":613,"column":11},"end":{"line":636,"column":5}},{"start":{"line":634,"column":11},"end":{"line":636,"column":5}}],"line":613},"144":{"loc":{"start":{"line":615,"column":8},"end":{"line":617,"column":9}},"type":"if","locations":[{"start":{"line":615,"column":8},"end":{"line":617,"column":9}},{"start":{},"end":{}}],"line":615},"145":{"loc":{"start":{"line":615,"column":12},"end":{"line":615,"column":59}},"type":"binary-expr","locations":[{"start":{"line":615,"column":12},"end":{"line":615,"column":30}},{"start":{"line":615,"column":34},"end":{"line":615,"column":59}}],"line":615},"146":{"loc":{"start":{"line":619,"column":8},"end":{"line":621,"column":9}},"type":"if","locations":[{"start":{"line":619,"column":8},"end":{"line":621,"column":9}},{"start":{},"end":{}}],"line":619},"147":{"loc":{"start":{"line":619,"column":12},"end":{"line":619,"column":50}},"type":"binary-expr","locations":[{"start":{"line":619,"column":12},"end":{"line":619,"column":30}},{"start":{"line":619,"column":34},"end":{"line":619,"column":50}}],"line":619},"148":{"loc":{"start":{"line":623,"column":8},"end":{"line":625,"column":9}},"type":"if","locations":[{"start":{"line":623,"column":8},"end":{"line":625,"column":9}},{"start":{},"end":{}}],"line":623},"149":{"loc":{"start":{"line":623,"column":12},"end":{"line":623,"column":74}},"type":"binary-expr","locations":[{"start":{"line":623,"column":12},"end":{"line":623,"column":41}},{"start":{"line":623,"column":45},"end":{"line":623,"column":74}}],"line":623},"150":{"loc":{"start":{"line":627,"column":8},"end":{"line":629,"column":9}},"type":"if","locations":[{"start":{"line":627,"column":8},"end":{"line":629,"column":9}},{"start":{},"end":{}}],"line":627},"151":{"loc":{"start":{"line":627,"column":12},"end":{"line":627,"column":67}},"type":"binary-expr","locations":[{"start":{"line":627,"column":12},"end":{"line":627,"column":30}},{"start":{"line":627,"column":34},"end":{"line":627,"column":67}}],"line":627},"152":{"loc":{"start":{"line":631,"column":8},"end":{"line":633,"column":9}},"type":"if","locations":[{"start":{"line":631,"column":8},"end":{"line":633,"column":9}},{"start":{},"end":{}}],"line":631},"153":{"loc":{"start":{"line":631,"column":12},"end":{"line":631,"column":67}},"type":"binary-expr","locations":[{"start":{"line":631,"column":12},"end":{"line":631,"column":30}},{"start":{"line":631,"column":34},"end":{"line":631,"column":67}}],"line":631},"154":{"loc":{"start":{"line":650,"column":4},"end":{"line":652,"column":5}},"type":"if","locations":[{"start":{"line":650,"column":4},"end":{"line":652,"column":5}},{"start":{},"end":{}}],"line":650},"155":{"loc":{"start":{"line":672,"column":4},"end":{"line":674,"column":5}},"type":"if","locations":[{"start":{"line":672,"column":4},"end":{"line":674,"column":5}},{"start":{},"end":{}}],"line":672},"156":{"loc":{"start":{"line":693,"column":36},"end":{"line":693,"column":48}},"type":"default-arg","locations":[{"start":{"line":693,"column":46},"end":{"line":693,"column":48}}],"line":693},"157":{"loc":{"start":{"line":694,"column":12},"end":{"line":694,"column":23}},"type":"default-arg","locations":[{"start":{"line":694,"column":21},"end":{"line":694,"column":23}}],"line":694},"158":{"loc":{"start":{"line":694,"column":25},"end":{"line":694,"column":36}},"type":"default-arg","locations":[{"start":{"line":694,"column":34},"end":{"line":694,"column":36}}],"line":694},"159":{"loc":{"start":{"line":694,"column":38},"end":{"line":694,"column":52}},"type":"default-arg","locations":[{"start":{"line":694,"column":50},"end":{"line":694,"column":52}}],"line":694},"160":{"loc":{"start":{"line":715,"column":4},"end":{"line":717,"column":5}},"type":"if","locations":[{"start":{"line":715,"column":4},"end":{"line":717,"column":5}},{"start":{},"end":{}}],"line":715},"161":{"loc":{"start":{"line":715,"column":8},"end":{"line":715,"column":51}},"type":"binary-expr","locations":[{"start":{"line":715,"column":8},"end":{"line":715,"column":29}},{"start":{"line":715,"column":33},"end":{"line":715,"column":51}}],"line":715},"162":{"loc":{"start":{"line":722,"column":4},"end":{"line":735,"column":5}},"type":"if","locations":[{"start":{"line":722,"column":4},"end":{"line":735,"column":5}},{"start":{"line":725,"column":11},"end":{"line":735,"column":5}}],"line":722},"163":{"loc":{"start":{"line":725,"column":11},"end":{"line":735,"column":5}},"type":"if","locations":[{"start":{"line":725,"column":11},"end":{"line":735,"column":5}},{"start":{},"end":{}}],"line":725},"164":{"loc":{"start":{"line":729,"column":12},"end":{"line":733,"column":13}},"type":"if","locations":[{"start":{"line":729,"column":12},"end":{"line":733,"column":13}},{"start":{"line":731,"column":19},"end":{"line":733,"column":13}}],"line":729},"165":{"loc":{"start":{"line":729,"column":16},"end":{"line":729,"column":47}},"type":"binary-expr","locations":[{"start":{"line":729,"column":16},"end":{"line":729,"column":31}},{"start":{"line":729,"column":35},"end":{"line":729,"column":47}}],"line":729},"166":{"loc":{"start":{"line":731,"column":19},"end":{"line":733,"column":13}},"type":"if","locations":[{"start":{"line":731,"column":19},"end":{"line":733,"column":13}},{"start":{},"end":{}}],"line":731}},"s":{"0":4,"1":3,"2":1,"3":2,"4":4,"5":1,"6":1,"7":3,"8":3,"9":2,"10":3,"11":1,"12":0,"13":0,"14":1,"15":4,"16":2,"17":0,"18":2,"19":0,"20":0,"21":0,"22":0,"23":0,"24":0,"25":0,"26":0,"27":0,"28":0,"29":0,"30":0,"31":0,"32":0,"33":0,"34":0,"35":0,"36":0,"37":0,"38":0,"39":0,"40":0,"41":0,"42":0,"43":0,"44":0,"45":0,"46":0,"47":0,"48":0,"49":0,"50":0,"51":0,"52":0,"53":0,"54":0,"55":0,"56":0,"57":0,"58":0,"59":0,"60":0,"61":0,"62":0,"63":0,"64":0,"65":0,"66":0,"67":0,"68":0,"69":0,"70":0,"71":0,"72":0,"73":0,"74":0,"75":0,"76":0,"77":0,"78":0,"79":0,"80":0,"81":0,"82":0,"83":0,"84":0,"85":0,"86":0,"87":0,"88":0,"89":0,"90":0,"91":0,"92":0,"93":0,"94":0,"95":0,"96":0,"97":0,"98":0,"99":0,"100":0,"101":0,"102":0,"103":5,"104":5,"105":2,"106":2,"107":0,"108":0,"109":0,"110":0,"111":0,"112":0,"113":0,"114":0,"115":17,"116":3,"117":14,"118":14,"119":4,"120":14,"121":2,"122":14,"123":2,"124":14,"125":1,"126":14,"127":1,"128":14,"129":20,"130":3,"131":17,"132":17,"133":17,"134":17,"135":17,"136":41,"137":30,"138":11,"139":15,"140":11,"141":9,"142":2,"143":1,"144":1,"145":22,"146":19,"147":3,"148":5,"149":3,"150":2,"151":1,"152":17,"153":17,"154":1,"155":1,"156":16,"157":9,"158":1,"159":9,"160":1,"161":9,"162":1,"163":9,"164":1,"165":8,"166":3,"167":1,"168":3,"169":1,"170":9,"171":1,"172":8,"173":1,"174":0,"175":1,"176":0,"177":9,"178":1,"179":7,"180":6,"181":1,"182":6,"183":1,"184":6,"185":1,"186":6,"187":1,"188":6,"189":0,"190":1,"191":16,"192":6,"193":3,"194":3,"195":5,"196":5,"197":1,"198":1,"199":5,"200":2,"201":3,"202":5,"203":5,"204":1,"205":1,"206":4,"207":4,"208":4,"209":4,"210":4,"211":12,"212":7,"213":5,"214":5,"215":10,"216":5,"217":1,"218":4,"219":1,"220":1,"221":3,"222":2,"223":1,"224":1,"225":5},"f":{"0":4,"1":2,"2":4,"3":1,"4":3,"5":0,"6":4,"7":0,"8":0,"9":0,"10":0,"11":0,"12":0,"13":0,"14":0,"15":0,"16":0,"17":0,"18":0,"19":0,"20":0,"21":0,"22":5,"23":2,"24":0,"25":0,"26":0,"27":17,"28":20,"29":41,"30":15,"31":22,"32":5,"33":17,"34":3,"35":1,"36":6,"37":5,"38":5,"39":5,"40":4,"41":12,"42":10,"43":3},"b":{"0":[3,1],"1":[2,1],"2":[1,3],"3":[3,2],"4":[2,1],"5":[3,2],"6":[2,0],"7":[0,1],"8":[4,1],"9":[0,2],"10":[2,2],"11":[0],"12":[0],"13":[0],"14":[0,0],"15":[0,0],"16":[0,0],"17":[0,0,0],"18":[0,0,0],"19":[0,0],"20":[0,0],"21":[0,0],"22":[0,0],"23":[0,0],"24":[0,0],"25":[0,0],"26":[0,0],"27":[0,0],"28":[0,0],"29":[0,0],"30":[0,0,0,0],"31":[0,0],"32":[0,0,0,0],"33":[0,0],"34":[0,0,0,0],"35":[0,0],"36":[0,0],"37":[0,0,0],"38":[0,0],"39":[0,0,0],"40":[0,0],"41":[0,0],"42":[0,0],"43":[0,0],"44":[0,0],"45":[0,0],"46":[0,0],"47":[0,0],"48":[0,0],"49":[0,0],"50":[0,0],"51":[0,0],"52":[0,0],"53":[0,0],"54":[0,0],"55":[0,0],"56":[0,0],"57":[0],"58":[0,0],"59":[0,0],"60":[0,0],"61":[0,0],"62":[0,0],"63":[0,0],"64":[0,0],"65":[0,0],"66":[0,0],"67":[0,0],"68":[0,0],"69":[0,0],"70":[0,0],"71":[0,0],"72":[0,0],"73":[0,0],"74":[0,0],"75":[0,0],"76":[0,0],"77":[0,0],"78":[0,0],"79":[0,0],"80":[0,0],"81":[0,0],"82":[0,0],"83":[3,14],"84":[14,1],"85":[14,0],"86":[14,13],"87":[14,4,3],"88":[4,10],"89":[14,4],"90":[2,12],"91":[14,3],"92":[2,12],"93":[14,2],"94":[2,1],"95":[2,0],"96":[2,0],"97":[2,1],"98":[2,1],"99":[1,13],"100":[1,13],"101":[3,17],"102":[17,0],"103":[17,13],"104":[17,14],"105":[17,16],"106":[12,5],"107":[17,5],"108":[17,16],"109":[17,16],"110":[17,16],"111":[17,16],"112":[17,16],"113":[17,16],"114":[17,16],"115":[17,16],"116":[17,16],"117":[30,11],"118":[41,37],"119":[9,2],"120":[11,10],"121":[1,1],"122":[2,2],"123":[19,3],"124":[22,19],"125":[2,1],"126":[1,0],"127":[0],"128":[1,16],"129":[9,7],"130":[1,8],"131":[9,8],"132":[1,8],"133":[1,8],"134":[1,8],"135":[1,2],"136":[3,3],"137":[1,2],"138":[1,8],"139":[0,1],"140":[1,1],"141":[0,1],"142":[1,8],"143":[6,1],"144":[1,5],"145":[6,5],"146":[1,5],"147":[6,2],"148":[1,5],"149":[6,5],"150":[1,5],"151":[6,2],"152":[0,6],"153":[6,1],"154":[3,3],"155":[2,3],"156":[0],"157":[1],"158":[1],"159":[1],"160":[7,5],"161":[12,12],"162":[1,4],"163":[1,3],"164":[2,1],"165":[3,3],"166":[1,0]},"_coverageSchema":"1a1c01bbd47fc00a2c39e90264f33305004495a9","hash":"86ace08e15c1249e75a882e0de4b77401f12c274"}
}
