{"/Users/marcusswift/javascript/clarityCrmFrontend/src/api/customers.js": {"path":"/Users/marcusswift/javascript/clarityCrmFrontend/src/api/customers.js","statementMap":{"0":{"start":{"line":17,"column":4},"end":{"line":20,"column":5}},"1":{"start":{"line":19,"column":8},"end":{"line":19,"column":20}},"2":{"start":{"line":23,"column":4},"end":{"line":29,"column":5}},"3":{"start":{"line":24,"column":8},"end":{"line":28,"column":12}},"4":{"start":{"line":24,"column":37},"end":{"line":28,"column":9}},"5":{"start":{"line":31,"column":4},"end":{"line":35,"column":6}},"6":{"start":{"line":51,"column":4},"end":{"line":95,"column":38}},"7":{"start":{"line":52,"column":20},"end":{"line":52,"column":43}},"8":{"start":{"line":55,"column":8},"end":{"line":57,"column":9}},"9":{"start":{"line":56,"column":12},"end":{"line":56,"column":58}},"10":{"start":{"line":59,"column":8},"end":{"line":94,"column":9}},"11":{"start":{"line":61,"column":12},"end":{"line":69,"column":15}},"12":{"start":{"line":62,"column":31},"end":{"line":66,"column":17}},"13":{"start":{"line":68,"column":16},"end":{"line":68,"column":57}},"14":{"start":{"line":72,"column":32},"end":{"line":76,"column":13}},"15":{"start":{"line":79,"column":12},"end":{"line":81,"column":13}},"16":{"start":{"line":80,"column":16},"end":{"line":80,"column":52}},"17":{"start":{"line":82,"column":12},"end":{"line":84,"column":13}},"18":{"start":{"line":83,"column":16},"end":{"line":83,"column":52}},"19":{"start":{"line":85,"column":12},"end":{"line":87,"column":13}},"20":{"start":{"line":86,"column":16},"end":{"line":86,"column":48}},"21":{"start":{"line":88,"column":12},"end":{"line":90,"column":13}},"22":{"start":{"line":89,"column":16},"end":{"line":89,"column":50}},"23":{"start":{"line":92,"column":29},"end":{"line":92,"column":92}},"24":{"start":{"line":93,"column":12},"end":{"line":93,"column":78}},"25":{"start":{"line":104,"column":4},"end":{"line":129,"column":44}},"26":{"start":{"line":105,"column":8},"end":{"line":105,"column":55}},"27":{"start":{"line":106,"column":20},"end":{"line":106,"column":43}},"28":{"start":{"line":109,"column":8},"end":{"line":111,"column":9}},"29":{"start":{"line":110,"column":12},"end":{"line":110,"column":61}},"30":{"start":{"line":113,"column":8},"end":{"line":128,"column":9}},"31":{"start":{"line":115,"column":12},"end":{"line":123,"column":15}},"32":{"start":{"line":116,"column":31},"end":{"line":120,"column":17}},"33":{"start":{"line":122,"column":16},"end":{"line":122,"column":57}},"34":{"start":{"line":126,"column":29},"end":{"line":126,"column":81}},"35":{"start":{"line":127,"column":12},"end":{"line":127,"column":78}},"36":{"start":{"line":139,"column":4},"end":{"line":165,"column":70}},"37":{"start":{"line":140,"column":8},"end":{"line":140,"column":69}},"38":{"start":{"line":141,"column":20},"end":{"line":141,"column":43}},"39":{"start":{"line":144,"column":8},"end":{"line":146,"column":9}},"40":{"start":{"line":145,"column":12},"end":{"line":145,"column":58}},"41":{"start":{"line":148,"column":8},"end":{"line":164,"column":9}},"42":{"start":{"line":150,"column":12},"end":{"line":159,"column":15}},"43":{"start":{"line":151,"column":31},"end":{"line":156,"column":17}},"44":{"start":{"line":158,"column":16},"end":{"line":158,"column":57}},"45":{"start":{"line":162,"column":29},"end":{"line":162,"column":89}},"46":{"start":{"line":163,"column":12},"end":{"line":163,"column":78}},"47":{"start":{"line":174,"column":4},"end":{"line":199,"column":58}},"48":{"start":{"line":175,"column":8},"end":{"line":175,"column":43}},"49":{"start":{"line":176,"column":20},"end":{"line":176,"column":43}},"50":{"start":{"line":179,"column":8},"end":{"line":181,"column":9}},"51":{"start":{"line":180,"column":12},"end":{"line":180,"column":58}},"52":{"start":{"line":183,"column":8},"end":{"line":198,"column":9}},"53":{"start":{"line":185,"column":12},"end":{"line":193,"column":15}},"54":{"start":{"line":186,"column":31},"end":{"line":190,"column":17}},"55":{"start":{"line":192,"column":16},"end":{"line":192,"column":57}},"56":{"start":{"line":196,"column":29},"end":{"line":196,"column":74}},"57":{"start":{"line":197,"column":12},"end":{"line":197,"column":78}},"58":{"start":{"line":209,"column":4},"end":{"line":239,"column":55}},"59":{"start":{"line":210,"column":8},"end":{"line":210,"column":55}},"60":{"start":{"line":211,"column":20},"end":{"line":211,"column":43}},"61":{"start":{"line":214,"column":8},"end":{"line":216,"column":9}},"62":{"start":{"line":215,"column":12},"end":{"line":215,"column":64}},"63":{"start":{"line":218,"column":8},"end":{"line":238,"column":9}},"64":{"start":{"line":220,"column":12},"end":{"line":231,"column":15}},"65":{"start":{"line":221,"column":31},"end":{"line":228,"column":17}},"66":{"start":{"line":230,"column":16},"end":{"line":230,"column":57}},"67":{"start":{"line":234,"column":29},"end":{"line":236,"column":14}},"68":{"start":{"line":237,"column":12},"end":{"line":237,"column":78}},"69":{"start":{"line":247,"column":4},"end":{"line":271,"column":31}},"70":{"start":{"line":248,"column":20},"end":{"line":248,"column":43}},"71":{"start":{"line":251,"column":8},"end":{"line":253,"column":9}},"72":{"start":{"line":252,"column":12},"end":{"line":252,"column":64}},"73":{"start":{"line":255,"column":8},"end":{"line":270,"column":9}},"74":{"start":{"line":257,"column":12},"end":{"line":265,"column":15}},"75":{"start":{"line":258,"column":31},"end":{"line":262,"column":17}},"76":{"start":{"line":264,"column":16},"end":{"line":264,"column":57}},"77":{"start":{"line":268,"column":29},"end":{"line":268,"column":86}},"78":{"start":{"line":269,"column":12},"end":{"line":269,"column":78}},"79":{"start":{"line":280,"column":4},"end":{"line":305,"column":41}},"80":{"start":{"line":281,"column":8},"end":{"line":281,"column":55}},"81":{"start":{"line":282,"column":20},"end":{"line":282,"column":43}},"82":{"start":{"line":285,"column":8},"end":{"line":287,"column":9}},"83":{"start":{"line":286,"column":12},"end":{"line":286,"column":58}},"84":{"start":{"line":289,"column":8},"end":{"line":304,"column":9}},"85":{"start":{"line":291,"column":12},"end":{"line":299,"column":15}},"86":{"start":{"line":292,"column":31},"end":{"line":296,"column":17}},"87":{"start":{"line":298,"column":16},"end":{"line":298,"column":57}},"88":{"start":{"line":302,"column":29},"end":{"line":302,"column":84}},"89":{"start":{"line":303,"column":12},"end":{"line":303,"column":45}},"90":{"start":{"line":316,"column":4},"end":{"line":370,"column":46}},"91":{"start":{"line":317,"column":8},"end":{"line":317,"column":45}},"92":{"start":{"line":318,"column":20},"end":{"line":318,"column":43}},"93":{"start":{"line":321,"column":8},"end":{"line":327,"column":9}},"94":{"start":{"line":322,"column":12},"end":{"line":326,"column":14}},"95":{"start":{"line":330,"column":8},"end":{"line":332,"column":9}},"96":{"start":{"line":331,"column":12},"end":{"line":331,"column":59}},"97":{"start":{"line":334,"column":8},"end":{"line":369,"column":9}},"98":{"start":{"line":336,"column":33},"end":{"line":336,"column":55}},"99":{"start":{"line":337,"column":31},"end":{"line":337,"column":57}},"100":{"start":{"line":340,"column":29},"end":{"line":351,"column":20}},"101":{"start":{"line":341,"column":34},"end":{"line":341,"column":58}},"102":{"start":{"line":342,"column":29},"end":{"line":342,"column":65}},"103":{"start":{"line":343,"column":30},"end":{"line":343,"column":67}},"104":{"start":{"line":344,"column":30},"end":{"line":344,"column":67}},"105":{"start":{"line":345,"column":38},"end":{"line":345,"column":83}},"106":{"start":{"line":347,"column":16},"end":{"line":350,"column":58}},"107":{"start":{"line":354,"column":26},"end":{"line":354,"column":45}},"108":{"start":{"line":355,"column":12},"end":{"line":359,"column":14}},"109":{"start":{"line":362,"column":32},"end":{"line":365,"column":13}},"110":{"start":{"line":367,"column":29},"end":{"line":367,"column":100}},"111":{"start":{"line":368,"column":12},"end":{"line":368,"column":78}}},"fnMap":{"0":{"name":"normalizeCustomerData","decl":{"start":{"line":16,"column":9},"end":{"line":16,"column":30}},"loc":{"start":{"line":16,"column":50},"end":{"line":36,"column":1}},"line":16},"1":{"name":"(anonymous_1)","decl":{"start":{"line":24,"column":24},"end":{"line":24,"column":25}},"loc":{"start":{"line":24,"column":37},"end":{"line":28,"column":9}},"line":24},"2":{"name":"fetchCustomers","decl":{"start":{"line":50,"column":22},"end":{"line":50,"column":36}},"loc":{"start":{"line":50,"column":51},"end":{"line":96,"column":1}},"line":50},"3":{"name":"(anonymous_3)","decl":{"start":{"line":51,"column":29},"end":{"line":51,"column":30}},"loc":{"start":{"line":51,"column":41},"end":{"line":95,"column":5}},"line":51},"4":{"name":"(anonymous_4)","decl":{"start":{"line":61,"column":44},"end":{"line":61,"column":45}},"loc":{"start":{"line":61,"column":56},"end":{"line":69,"column":13}},"line":61},"5":{"name":"fetchCustomerById","decl":{"start":{"line":103,"column":22},"end":{"line":103,"column":39}},"loc":{"start":{"line":103,"column":52},"end":{"line":130,"column":1}},"line":103},"6":{"name":"(anonymous_6)","decl":{"start":{"line":104,"column":29},"end":{"line":104,"column":30}},"loc":{"start":{"line":104,"column":41},"end":{"line":129,"column":5}},"line":104},"7":{"name":"(anonymous_7)","decl":{"start":{"line":115,"column":44},"end":{"line":115,"column":45}},"loc":{"start":{"line":115,"column":56},"end":{"line":123,"column":13}},"line":115},"8":{"name":"updateCustomer","decl":{"start":{"line":138,"column":22},"end":{"line":138,"column":36}},"loc":{"start":{"line":138,"column":55},"end":{"line":166,"column":1}},"line":138},"9":{"name":"(anonymous_9)","decl":{"start":{"line":139,"column":29},"end":{"line":139,"column":30}},"loc":{"start":{"line":139,"column":41},"end":{"line":165,"column":5}},"line":139},"10":{"name":"(anonymous_10)","decl":{"start":{"line":150,"column":44},"end":{"line":150,"column":45}},"loc":{"start":{"line":150,"column":56},"end":{"line":159,"column":13}},"line":150},"11":{"name":"createCustomer","decl":{"start":{"line":173,"column":22},"end":{"line":173,"column":36}},"loc":{"start":{"line":173,"column":43},"end":{"line":200,"column":1}},"line":173},"12":{"name":"(anonymous_12)","decl":{"start":{"line":174,"column":29},"end":{"line":174,"column":30}},"loc":{"start":{"line":174,"column":41},"end":{"line":199,"column":5}},"line":174},"13":{"name":"(anonymous_13)","decl":{"start":{"line":185,"column":44},"end":{"line":185,"column":45}},"loc":{"start":{"line":185,"column":56},"end":{"line":193,"column":13}},"line":185},"14":{"name":"toggleCustomerStatus","decl":{"start":{"line":208,"column":22},"end":{"line":208,"column":42}},"loc":{"start":{"line":208,"column":63},"end":{"line":240,"column":1}},"line":208},"15":{"name":"(anonymous_15)","decl":{"start":{"line":209,"column":29},"end":{"line":209,"column":30}},"loc":{"start":{"line":209,"column":41},"end":{"line":239,"column":5}},"line":209},"16":{"name":"(anonymous_16)","decl":{"start":{"line":220,"column":44},"end":{"line":220,"column":45}},"loc":{"start":{"line":220,"column":56},"end":{"line":231,"column":13}},"line":220},"17":{"name":"fetchActiveCustomers","decl":{"start":{"line":246,"column":22},"end":{"line":246,"column":42}},"loc":{"start":{"line":246,"column":45},"end":{"line":272,"column":1}},"line":246},"18":{"name":"(anonymous_18)","decl":{"start":{"line":247,"column":29},"end":{"line":247,"column":30}},"loc":{"start":{"line":247,"column":41},"end":{"line":271,"column":5}},"line":247},"19":{"name":"(anonymous_19)","decl":{"start":{"line":257,"column":44},"end":{"line":257,"column":45}},"loc":{"start":{"line":257,"column":56},"end":{"line":265,"column":13}},"line":257},"20":{"name":"deleteCustomer","decl":{"start":{"line":279,"column":22},"end":{"line":279,"column":36}},"loc":{"start":{"line":279,"column":49},"end":{"line":306,"column":1}},"line":279},"21":{"name":"(anonymous_21)","decl":{"start":{"line":280,"column":29},"end":{"line":280,"column":30}},"loc":{"start":{"line":280,"column":41},"end":{"line":305,"column":5}},"line":280},"22":{"name":"(anonymous_22)","decl":{"start":{"line":291,"column":44},"end":{"line":291,"column":45}},"loc":{"start":{"line":291,"column":56},"end":{"line":299,"column":13}},"line":291},"23":{"name":"searchCustomers","decl":{"start":{"line":315,"column":22},"end":{"line":315,"column":37}},"loc":{"start":{"line":315,"column":59},"end":{"line":371,"column":1}},"line":315},"24":{"name":"(anonymous_24)","decl":{"start":{"line":316,"column":29},"end":{"line":316,"column":30}},"loc":{"start":{"line":316,"column":41},"end":{"line":370,"column":5}},"line":316},"25":{"name":"(anonymous_25)","decl":{"start":{"line":340,"column":65},"end":{"line":340,"column":66}},"loc":{"start":{"line":340,"column":77},"end":{"line":351,"column":13}},"line":340}},"branchMap":{"0":{"loc":{"start":{"line":17,"column":4},"end":{"line":20,"column":5}},"type":"if","locations":[{"start":{"line":17,"column":4},"end":{"line":20,"column":5}},{"start":{},"end":{}}],"line":17},"1":{"loc":{"start":{"line":23,"column":4},"end":{"line":29,"column":5}},"type":"if","locations":[{"start":{"line":23,"column":4},"end":{"line":29,"column":5}},{"start":{},"end":{}}],"line":23},"2":{"loc":{"start":{"line":25,"column":16},"end":{"line":25,"column":44}},"type":"binary-expr","locations":[{"start":{"line":25,"column":16},"end":{"line":25,"column":27}},{"start":{"line":25,"column":31},"end":{"line":25,"column":44}}],"line":25},"3":{"loc":{"start":{"line":26,"column":18},"end":{"line":26,"column":46}},"type":"binary-expr","locations":[{"start":{"line":26,"column":18},"end":{"line":26,"column":29}},{"start":{"line":26,"column":33},"end":{"line":26,"column":46}}],"line":26},"4":{"loc":{"start":{"line":32,"column":12},"end":{"line":32,"column":32}},"type":"binary-expr","locations":[{"start":{"line":32,"column":12},"end":{"line":32,"column":19}},{"start":{"line":32,"column":23},"end":{"line":32,"column":32}}],"line":32},"5":{"loc":{"start":{"line":33,"column":14},"end":{"line":33,"column":34}},"type":"binary-expr","locations":[{"start":{"line":33,"column":14},"end":{"line":33,"column":21}},{"start":{"line":33,"column":25},"end":{"line":33,"column":34}}],"line":33},"6":{"loc":{"start":{"line":50,"column":37},"end":{"line":50,"column":49}},"type":"default-arg","locations":[{"start":{"line":50,"column":47},"end":{"line":50,"column":49}}],"line":50},"7":{"loc":{"start":{"line":55,"column":8},"end":{"line":57,"column":9}},"type":"if","locations":[{"start":{"line":55,"column":8},"end":{"line":57,"column":9}},{"start":{},"end":{}}],"line":55},"8":{"loc":{"start":{"line":59,"column":8},"end":{"line":94,"column":9}},"type":"if","locations":[{"start":{"line":59,"column":8},"end":{"line":94,"column":9}},{"start":{"line":70,"column":15},"end":{"line":94,"column":9}}],"line":59},"9":{"loc":{"start":{"line":73,"column":23},"end":{"line":73,"column":42}},"type":"binary-expr","locations":[{"start":{"line":73,"column":23},"end":{"line":73,"column":36}},{"start":{"line":73,"column":40},"end":{"line":73,"column":42}}],"line":73},"10":{"loc":{"start":{"line":74,"column":24},"end":{"line":74,"column":43}},"type":"binary-expr","locations":[{"start":{"line":74,"column":24},"end":{"line":74,"column":38}},{"start":{"line":74,"column":42},"end":{"line":74,"column":43}}],"line":74},"11":{"loc":{"start":{"line":79,"column":12},"end":{"line":81,"column":13}},"type":"if","locations":[{"start":{"line":79,"column":12},"end":{"line":81,"column":13}},{"start":{},"end":{}}],"line":79},"12":{"loc":{"start":{"line":82,"column":12},"end":{"line":84,"column":13}},"type":"if","locations":[{"start":{"line":82,"column":12},"end":{"line":84,"column":13}},{"start":{},"end":{}}],"line":82},"13":{"loc":{"start":{"line":85,"column":12},"end":{"line":87,"column":13}},"type":"if","locations":[{"start":{"line":85,"column":12},"end":{"line":87,"column":13}},{"start":{},"end":{}}],"line":85},"14":{"loc":{"start":{"line":88,"column":12},"end":{"line":90,"column":13}},"type":"if","locations":[{"start":{"line":88,"column":12},"end":{"line":90,"column":13}},{"start":{},"end":{}}],"line":88},"15":{"loc":{"start":{"line":93,"column":41},"end":{"line":93,"column":66}},"type":"binary-expr","locations":[{"start":{"line":93,"column":41},"end":{"line":93,"column":54}},{"start":{"line":93,"column":58},"end":{"line":93,"column":66}}],"line":93},"16":{"loc":{"start":{"line":109,"column":8},"end":{"line":111,"column":9}},"type":"if","locations":[{"start":{"line":109,"column":8},"end":{"line":111,"column":9}},{"start":{},"end":{}}],"line":109},"17":{"loc":{"start":{"line":113,"column":8},"end":{"line":128,"column":9}},"type":"if","locations":[{"start":{"line":113,"column":8},"end":{"line":128,"column":9}},{"start":{"line":124,"column":15},"end":{"line":128,"column":9}}],"line":113},"18":{"loc":{"start":{"line":127,"column":41},"end":{"line":127,"column":66}},"type":"binary-expr","locations":[{"start":{"line":127,"column":41},"end":{"line":127,"column":54}},{"start":{"line":127,"column":58},"end":{"line":127,"column":66}}],"line":127},"19":{"loc":{"start":{"line":144,"column":8},"end":{"line":146,"column":9}},"type":"if","locations":[{"start":{"line":144,"column":8},"end":{"line":146,"column":9}},{"start":{},"end":{}}],"line":144},"20":{"loc":{"start":{"line":148,"column":8},"end":{"line":164,"column":9}},"type":"if","locations":[{"start":{"line":148,"column":8},"end":{"line":164,"column":9}},{"start":{"line":160,"column":15},"end":{"line":164,"column":9}}],"line":148},"21":{"loc":{"start":{"line":163,"column":41},"end":{"line":163,"column":66}},"type":"binary-expr","locations":[{"start":{"line":163,"column":41},"end":{"line":163,"column":54}},{"start":{"line":163,"column":58},"end":{"line":163,"column":66}}],"line":163},"22":{"loc":{"start":{"line":179,"column":8},"end":{"line":181,"column":9}},"type":"if","locations":[{"start":{"line":179,"column":8},"end":{"line":181,"column":9}},{"start":{},"end":{}}],"line":179},"23":{"loc":{"start":{"line":183,"column":8},"end":{"line":198,"column":9}},"type":"if","locations":[{"start":{"line":183,"column":8},"end":{"line":198,"column":9}},{"start":{"line":194,"column":15},"end":{"line":198,"column":9}}],"line":183},"24":{"loc":{"start":{"line":197,"column":41},"end":{"line":197,"column":66}},"type":"binary-expr","locations":[{"start":{"line":197,"column":41},"end":{"line":197,"column":54}},{"start":{"line":197,"column":58},"end":{"line":197,"column":66}}],"line":197},"25":{"loc":{"start":{"line":214,"column":8},"end":{"line":216,"column":9}},"type":"if","locations":[{"start":{"line":214,"column":8},"end":{"line":216,"column":9}},{"start":{},"end":{}}],"line":214},"26":{"loc":{"start":{"line":218,"column":8},"end":{"line":238,"column":9}},"type":"if","locations":[{"start":{"line":218,"column":8},"end":{"line":238,"column":9}},{"start":{"line":232,"column":15},"end":{"line":238,"column":9}}],"line":218},"27":{"loc":{"start":{"line":226,"column":34},"end":{"line":226,"column":52}},"type":"cond-expr","locations":[{"start":{"line":226,"column":43},"end":{"line":226,"column":46}},{"start":{"line":226,"column":49},"end":{"line":226,"column":52}}],"line":226},"28":{"loc":{"start":{"line":235,"column":26},"end":{"line":235,"column":44}},"type":"cond-expr","locations":[{"start":{"line":235,"column":35},"end":{"line":235,"column":38}},{"start":{"line":235,"column":41},"end":{"line":235,"column":44}}],"line":235},"29":{"loc":{"start":{"line":237,"column":41},"end":{"line":237,"column":66}},"type":"binary-expr","locations":[{"start":{"line":237,"column":41},"end":{"line":237,"column":54}},{"start":{"line":237,"column":58},"end":{"line":237,"column":66}}],"line":237},"30":{"loc":{"start":{"line":251,"column":8},"end":{"line":253,"column":9}},"type":"if","locations":[{"start":{"line":251,"column":8},"end":{"line":253,"column":9}},{"start":{},"end":{}}],"line":251},"31":{"loc":{"start":{"line":255,"column":8},"end":{"line":270,"column":9}},"type":"if","locations":[{"start":{"line":255,"column":8},"end":{"line":270,"column":9}},{"start":{"line":266,"column":15},"end":{"line":270,"column":9}}],"line":255},"32":{"loc":{"start":{"line":269,"column":41},"end":{"line":269,"column":66}},"type":"binary-expr","locations":[{"start":{"line":269,"column":41},"end":{"line":269,"column":54}},{"start":{"line":269,"column":58},"end":{"line":269,"column":66}}],"line":269},"33":{"loc":{"start":{"line":285,"column":8},"end":{"line":287,"column":9}},"type":"if","locations":[{"start":{"line":285,"column":8},"end":{"line":287,"column":9}},{"start":{},"end":{}}],"line":285},"34":{"loc":{"start":{"line":289,"column":8},"end":{"line":304,"column":9}},"type":"if","locations":[{"start":{"line":289,"column":8},"end":{"line":304,"column":9}},{"start":{"line":300,"column":15},"end":{"line":304,"column":9}}],"line":289},"35":{"loc":{"start":{"line":303,"column":19},"end":{"line":303,"column":44}},"type":"binary-expr","locations":[{"start":{"line":303,"column":19},"end":{"line":303,"column":32}},{"start":{"line":303,"column":36},"end":{"line":303,"column":44}}],"line":303},"36":{"loc":{"start":{"line":315,"column":45},"end":{"line":315,"column":57}},"type":"default-arg","locations":[{"start":{"line":315,"column":55},"end":{"line":315,"column":57}}],"line":315},"37":{"loc":{"start":{"line":321,"column":8},"end":{"line":327,"column":9}},"type":"if","locations":[{"start":{"line":321,"column":8},"end":{"line":327,"column":9}},{"start":{},"end":{}}],"line":321},"38":{"loc":{"start":{"line":321,"column":12},"end":{"line":321,"column":45}},"type":"binary-expr","locations":[{"start":{"line":321,"column":12},"end":{"line":321,"column":18}},{"start":{"line":321,"column":22},"end":{"line":321,"column":45}}],"line":321},"39":{"loc":{"start":{"line":330,"column":8},"end":{"line":332,"column":9}},"type":"if","locations":[{"start":{"line":330,"column":8},"end":{"line":332,"column":9}},{"start":{},"end":{}}],"line":330},"40":{"loc":{"start":{"line":334,"column":8},"end":{"line":369,"column":9}},"type":"if","locations":[{"start":{"line":334,"column":8},"end":{"line":369,"column":9}},{"start":{"line":360,"column":15},"end":{"line":369,"column":9}}],"line":334},"41":{"loc":{"start":{"line":340,"column":29},"end":{"line":351,"column":20}},"type":"binary-expr","locations":[{"start":{"line":340,"column":29},"end":{"line":351,"column":14}},{"start":{"line":351,"column":18},"end":{"line":351,"column":20}}],"line":340},"42":{"loc":{"start":{"line":341,"column":34},"end":{"line":341,"column":58}},"type":"binary-expr","locations":[{"start":{"line":341,"column":34},"end":{"line":341,"column":52}},{"start":{"line":341,"column":56},"end":{"line":341,"column":58}}],"line":341},"43":{"loc":{"start":{"line":342,"column":30},"end":{"line":342,"column":50}},"type":"binary-expr","locations":[{"start":{"line":342,"column":30},"end":{"line":342,"column":44}},{"start":{"line":342,"column":48},"end":{"line":342,"column":50}}],"line":342},"44":{"loc":{"start":{"line":343,"column":31},"end":{"line":343,"column":52}},"type":"binary-expr","locations":[{"start":{"line":343,"column":31},"end":{"line":343,"column":46}},{"start":{"line":343,"column":50},"end":{"line":343,"column":52}}],"line":343},"45":{"loc":{"start":{"line":344,"column":31},"end":{"line":344,"column":52}},"type":"binary-expr","locations":[{"start":{"line":344,"column":31},"end":{"line":344,"column":46}},{"start":{"line":344,"column":50},"end":{"line":344,"column":52}}],"line":344},"46":{"loc":{"start":{"line":345,"column":39},"end":{"line":345,"column":68}},"type":"binary-expr","locations":[{"start":{"line":345,"column":39},"end":{"line":345,"column":62}},{"start":{"line":345,"column":66},"end":{"line":345,"column":68}}],"line":345},"47":{"loc":{"start":{"line":347,"column":23},"end":{"line":350,"column":57}},"type":"binary-expr","locations":[{"start":{"line":347,"column":23},"end":{"line":347,"column":48}},{"start":{"line":348,"column":23},"end":{"line":348,"column":49}},{"start":{"line":349,"column":23},"end":{"line":349,"column":49}},{"start":{"line":350,"column":23},"end":{"line":350,"column":57}}],"line":347},"48":{"loc":{"start":{"line":354,"column":26},"end":{"line":354,"column":45}},"type":"binary-expr","locations":[{"start":{"line":354,"column":26},"end":{"line":354,"column":39}},{"start":{"line":354,"column":43},"end":{"line":354,"column":45}}],"line":354},"49":{"loc":{"start":{"line":364,"column":32},"end":{"line":364,"column":51}},"type":"binary-expr","locations":[{"start":{"line":364,"column":32},"end":{"line":364,"column":45}},{"start":{"line":364,"column":49},"end":{"line":364,"column":51}}],"line":364},"50":{"loc":{"start":{"line":368,"column":41},"end":{"line":368,"column":66}},"type":"binary-expr","locations":[{"start":{"line":368,"column":41},"end":{"line":368,"column":54}},{"start":{"line":368,"column":58},"end":{"line":368,"column":66}}],"line":368}},"s":{"0":24,"1":0,"2":24,"3":11,"4":8,"5":13,"6":16,"7":16,"8":16,"9":11,"10":15,"11":5,"12":5,"13":5,"14":10,"15":10,"16":1,"17":10,"18":1,"19":10,"20":1,"21":10,"22":1,"23":10,"24":6,"25":7,"26":7,"27":7,"28":7,"29":6,"30":7,"31":1,"32":1,"33":1,"34":6,"35":5,"36":5,"37":5,"38":5,"39":5,"40":4,"41":5,"42":1,"43":1,"44":1,"45":4,"46":3,"47":5,"48":5,"49":5,"50":5,"51":4,"52":5,"53":1,"54":1,"55":1,"56":4,"57":3,"58":2,"59":2,"60":2,"61":2,"62":2,"63":2,"64":0,"65":0,"66":0,"67":2,"68":2,"69":2,"70":2,"71":2,"72":1,"73":2,"74":1,"75":1,"76":1,"77":1,"78":1,"79":4,"80":4,"81":4,"82":4,"83":3,"84":4,"85":1,"86":1,"87":1,"88":3,"89":3,"90":8,"91":8,"92":8,"93":8,"94":2,"95":6,"96":4,"97":6,"98":2,"99":2,"100":2,"101":52,"102":52,"103":52,"104":52,"105":52,"106":52,"107":2,"108":2,"109":4,"110":4,"111":4},"f":{"0":24,"1":8,"2":16,"3":16,"4":5,"5":7,"6":7,"7":1,"8":5,"9":5,"10":1,"11":5,"12":5,"13":1,"14":2,"15":2,"16":0,"17":2,"18":2,"19":1,"20":4,"21":4,"22":1,"23":8,"24":8,"25":52},"b":{"0":[0,24],"1":[11,13],"2":[8,0],"3":[8,0],"4":[13,7],"5":[13,7],"6":[14],"7":[11,5],"8":[5,10],"9":[10,9],"10":[10,10],"11":[1,9],"12":[1,9],"13":[1,9],"14":[1,9],"15":[6,0],"16":[6,1],"17":[1,6],"18":[5,0],"19":[4,1],"20":[1,4],"21":[3,0],"22":[4,1],"23":[1,4],"24":[3,0],"25":[2,0],"26":[0,2],"27":[0,0],"28":[1,1],"29":[2,0],"30":[1,1],"31":[1,1],"32":[1,0],"33":[3,1],"34":[1,3],"35":[3,0],"36":[5],"37":[2,6],"38":[8,7],"39":[4,2],"40":[2,4],"41":[2,0],"42":[52,0],"43":[52,0],"44":[52,50],"45":[52,50],"46":[52,50],"47":[52,1,1,1],"48":[2,1],"49":[4,2],"50":[4,0]},"_coverageSchema":"1a1c01bbd47fc00a2c39e90264f33305004495a9","hash":"8920e5bf379435a73e6628d003e075477478805e"}
,"/Users/marcusswift/javascript/clarityCrmFrontend/src/api/financialRecords.js": {"path":"/Users/marcusswift/javascript/clarityCrmFrontend/src/api/financialRecords.js","statementMap":{"0":{"start":{"line":8,"column":16},"end":{"line":8,"column":26}},"1":{"start":{"line":9,"column":18},"end":{"line":9,"column":49}},"2":{"start":{"line":10,"column":17},"end":{"line":10,"column":45}},"3":{"start":{"line":11,"column":20},"end":{"line":11,"column":66}},"4":{"start":{"line":14,"column":17},"end":{"line":14,"column":48}},"5":{"start":{"line":18,"column":22},"end":{"line":18,"column":39}},"6":{"start":{"line":19,"column":25},"end":{"line":19,"column":38}},"7":{"start":{"line":20,"column":4},"end":{"line":20,"column":56}},"8":{"start":{"line":21,"column":27},"end":{"line":21,"column":69}},"9":{"start":{"line":22,"column":23},"end":{"line":22,"column":88}},"10":{"start":{"line":24,"column":4},"end":{"line":30,"column":6}},"11":{"start":{"line":38,"column":16},"end":{"line":38,"column":26}},"12":{"start":{"line":39,"column":4},"end":{"line":39,"column":37}},"13":{"start":{"line":40,"column":18},"end":{"line":40,"column":49}},"14":{"start":{"line":41,"column":17},"end":{"line":41,"column":45}},"15":{"start":{"line":43,"column":4},"end":{"line":43,"column":27}},"16":{"start":{"line":53,"column":23},"end":{"line":53,"column":54}},"17":{"start":{"line":54,"column":4},"end":{"line":58,"column":6}},"18":{"start":{"line":67,"column":4},"end":{"line":70,"column":8}},"19":{"start":{"line":67,"column":49},"end":{"line":70,"column":5}},"20":{"start":{"line":79,"column":18},"end":{"line":79,"column":20}},"21":{"start":{"line":82,"column":4},"end":{"line":84,"column":5}},"22":{"start":{"line":83,"column":8},"end":{"line":83,"column":69}},"23":{"start":{"line":87,"column":4},"end":{"line":89,"column":5}},"24":{"start":{"line":88,"column":8},"end":{"line":88,"column":69}},"25":{"start":{"line":92,"column":4},"end":{"line":94,"column":5}},"26":{"start":{"line":93,"column":8},"end":{"line":93,"column":54}},"27":{"start":{"line":97,"column":4},"end":{"line":99,"column":5}},"28":{"start":{"line":98,"column":8},"end":{"line":98,"column":56}},"29":{"start":{"line":101,"column":4},"end":{"line":101,"column":17}},"30":{"start":{"line":112,"column":4},"end":{"line":112,"column":49}},"31":{"start":{"line":114,"column":4},"end":{"line":233,"column":7}},"32":{"start":{"line":115,"column":20},"end":{"line":115,"column":22}},"33":{"start":{"line":117,"column":8},"end":{"line":224,"column":9}},"34":{"start":{"line":120,"column":28},"end":{"line":120,"column":38}},"35":{"start":{"line":121,"column":30},"end":{"line":121,"column":73}},"36":{"start":{"line":122,"column":28},"end":{"line":122,"column":66}},"37":{"start":{"line":123,"column":29},"end":{"line":123,"column":46}},"38":{"start":{"line":124,"column":38},"end":{"line":124,"column":63}},"39":{"start":{"line":126,"column":16},"end":{"line":130,"column":19}},"40":{"start":{"line":131,"column":16},"end":{"line":131,"column":22}},"41":{"start":{"line":134,"column":39},"end":{"line":134,"column":59}},"42":{"start":{"line":135,"column":16},"end":{"line":140,"column":19}},"43":{"start":{"line":141,"column":16},"end":{"line":141,"column":22}},"44":{"start":{"line":144,"column":40},"end":{"line":144,"column":60}},"45":{"start":{"line":145,"column":16},"end":{"line":145,"column":84}},"46":{"start":{"line":146,"column":16},"end":{"line":146,"column":22}},"47":{"start":{"line":149,"column":16},"end":{"line":149,"column":89}},"48":{"start":{"line":150,"column":16},"end":{"line":150,"column":22}},"49":{"start":{"line":153,"column":40},"end":{"line":153,"column":58}},"50":{"start":{"line":154,"column":16},"end":{"line":154,"column":84}},"51":{"start":{"line":155,"column":16},"end":{"line":155,"column":22}},"52":{"start":{"line":159,"column":28},"end":{"line":159,"column":38}},"53":{"start":{"line":160,"column":37},"end":{"line":160,"column":55}},"54":{"start":{"line":161,"column":36},"end":{"line":161,"column":53}},"55":{"start":{"line":164,"column":40},"end":{"line":164,"column":42}},"56":{"start":{"line":165,"column":16},"end":{"line":179,"column":17}},"57":{"start":{"line":165,"column":29},"end":{"line":165,"column":30}},"58":{"start":{"line":166,"column":32},"end":{"line":166,"column":48}},"59":{"start":{"line":167,"column":31},"end":{"line":167,"column":42}},"60":{"start":{"line":170,"column":20},"end":{"line":173,"column":21}},"61":{"start":{"line":171,"column":24},"end":{"line":171,"column":36}},"62":{"start":{"line":172,"column":24},"end":{"line":172,"column":34}},"63":{"start":{"line":175,"column":20},"end":{"line":178,"column":23}},"64":{"start":{"line":182,"column":43},"end":{"line":185,"column":19}},"65":{"start":{"line":182,"column":76},"end":{"line":185,"column":17}},"66":{"start":{"line":188,"column":34},"end":{"line":188,"column":77}},"67":{"start":{"line":190,"column":16},"end":{"line":190,"column":89}},"68":{"start":{"line":191,"column":16},"end":{"line":191,"column":95}},"69":{"start":{"line":192,"column":16},"end":{"line":192,"column":76}},"70":{"start":{"line":194,"column":16},"end":{"line":198,"column":20}},"71":{"start":{"line":194,"column":51},"end":{"line":198,"column":17}},"72":{"start":{"line":199,"column":16},"end":{"line":199,"column":22}},"73":{"start":{"line":202,"column":33},"end":{"line":202,"column":53}},"74":{"start":{"line":203,"column":36},"end":{"line":203,"column":50}},"75":{"start":{"line":204,"column":33},"end":{"line":204,"column":48}},"76":{"start":{"line":207,"column":42},"end":{"line":207,"column":61}},"77":{"start":{"line":210,"column":39},"end":{"line":210,"column":73}},"78":{"start":{"line":213,"column":34},"end":{"line":213,"column":75}},"79":{"start":{"line":215,"column":16},"end":{"line":219,"column":20}},"80":{"start":{"line":215,"column":51},"end":{"line":219,"column":17}},"81":{"start":{"line":220,"column":16},"end":{"line":220,"column":22}},"82":{"start":{"line":223,"column":16},"end":{"line":223,"column":67}},"83":{"start":{"line":226,"column":23},"end":{"line":230,"column":9}},"84":{"start":{"line":232,"column":8},"end":{"line":232,"column":52}},"85":{"start":{"line":242,"column":4},"end":{"line":252,"column":7}},"86":{"start":{"line":243,"column":22},"end":{"line":243,"column":75}},"87":{"start":{"line":245,"column":23},"end":{"line":249,"column":9}},"88":{"start":{"line":251,"column":8},"end":{"line":251,"column":52}},"89":{"start":{"line":263,"column":4},"end":{"line":263,"column":55}},"90":{"start":{"line":265,"column":4},"end":{"line":275,"column":7}},"91":{"start":{"line":266,"column":22},"end":{"line":266,"column":70}},"92":{"start":{"line":268,"column":23},"end":{"line":272,"column":9}},"93":{"start":{"line":274,"column":8},"end":{"line":274,"column":52}},"94":{"start":{"line":286,"column":4},"end":{"line":286,"column":59}},"95":{"start":{"line":288,"column":4},"end":{"line":302,"column":7}},"96":{"start":{"line":289,"column":23},"end":{"line":289,"column":54}},"97":{"start":{"line":290,"column":22},"end":{"line":293,"column":11}},"98":{"start":{"line":290,"column":46},"end":{"line":293,"column":9}},"99":{"start":{"line":295,"column":23},"end":{"line":299,"column":9}},"100":{"start":{"line":301,"column":8},"end":{"line":301,"column":52}},"101":{"start":{"line":312,"column":4},"end":{"line":312,"column":39}},"102":{"start":{"line":314,"column":4},"end":{"line":328,"column":7}},"103":{"start":{"line":315,"column":23},"end":{"line":315,"column":42}},"104":{"start":{"line":316,"column":22},"end":{"line":319,"column":11}},"105":{"start":{"line":316,"column":46},"end":{"line":319,"column":9}},"106":{"start":{"line":321,"column":23},"end":{"line":325,"column":9}},"107":{"start":{"line":327,"column":8},"end":{"line":327,"column":52}},"108":{"start":{"line":337,"column":4},"end":{"line":337,"column":47}},"109":{"start":{"line":339,"column":4},"end":{"line":347,"column":7}},"110":{"start":{"line":340,"column":23},"end":{"line":344,"column":9}},"111":{"start":{"line":346,"column":8},"end":{"line":346,"column":52}},"112":{"start":{"line":356,"column":4},"end":{"line":356,"column":53}},"113":{"start":{"line":358,"column":4},"end":{"line":366,"column":7}},"114":{"start":{"line":359,"column":23},"end":{"line":363,"column":9}},"115":{"start":{"line":365,"column":8},"end":{"line":365,"column":52}},"116":{"start":{"line":376,"column":4},"end":{"line":376,"column":77}},"117":{"start":{"line":378,"column":4},"end":{"line":389,"column":7}},"118":{"start":{"line":379,"column":23},"end":{"line":386,"column":9}},"119":{"start":{"line":388,"column":8},"end":{"line":388,"column":52}},"120":{"start":{"line":399,"column":4},"end":{"line":399,"column":79}},"121":{"start":{"line":401,"column":4},"end":{"line":403,"column":5}},"122":{"start":{"line":402,"column":8},"end":{"line":402,"column":63}},"123":{"start":{"line":405,"column":4},"end":{"line":455,"column":7}},"124":{"start":{"line":407,"column":26},"end":{"line":407,"column":28}},"125":{"start":{"line":408,"column":24},"end":{"line":408,"column":26}},"126":{"start":{"line":409,"column":23},"end":{"line":409,"column":25}},"127":{"start":{"line":411,"column":8},"end":{"line":440,"column":9}},"128":{"start":{"line":411,"column":21},"end":{"line":411,"column":22}},"129":{"start":{"line":412,"column":26},"end":{"line":412,"column":59}},"130":{"start":{"line":415,"column":34},"end":{"line":432,"column":14}},"131":{"start":{"line":416,"column":16},"end":{"line":431,"column":17}},"132":{"start":{"line":417,"column":35},"end":{"line":424,"column":21}},"133":{"start":{"line":426,"column":35},"end":{"line":426,"column":71}},"134":{"start":{"line":427,"column":20},"end":{"line":427,"column":63}},"135":{"start":{"line":429,"column":20},"end":{"line":429,"column":81}},"136":{"start":{"line":430,"column":20},"end":{"line":430,"column":78}},"137":{"start":{"line":434,"column":33},"end":{"line":434,"column":65}},"138":{"start":{"line":435,"column":12},"end":{"line":435,"column":42}},"139":{"start":{"line":438,"column":32},"end":{"line":438,"column":68}},"140":{"start":{"line":438,"column":57},"end":{"line":438,"column":67}},"141":{"start":{"line":439,"column":12},"end":{"line":439,"column":40}},"142":{"start":{"line":442,"column":29},"end":{"line":442,"column":66}},"143":{"start":{"line":442,"column":49},"end":{"line":442,"column":58}},"144":{"start":{"line":443,"column":27},"end":{"line":443,"column":40}},"145":{"start":{"line":445,"column":8},"end":{"line":445,"column":95}},"146":{"start":{"line":447,"column":8},"end":{"line":454,"column":10}},"147":{"start":{"line":465,"column":4},"end":{"line":465,"column":69}},"148":{"start":{"line":467,"column":4},"end":{"line":486,"column":7}},"149":{"start":{"line":469,"column":28},"end":{"line":469,"column":61}},"150":{"start":{"line":470,"column":26},"end":{"line":470,"column":57}},"151":{"start":{"line":472,"column":8},"end":{"line":472,"column":87}},"152":{"start":{"line":475,"column":22},"end":{"line":477,"column":10}},"153":{"start":{"line":479,"column":23},"end":{"line":483,"column":9}},"154":{"start":{"line":485,"column":8},"end":{"line":485,"column":52}},"155":{"start":{"line":495,"column":31},"end":{"line":495,"column":52}},"156":{"start":{"line":496,"column":4},"end":{"line":496,"column":37}}},"fnMap":{"0":{"name":"getCurrentDateInfo","decl":{"start":{"line":7,"column":9},"end":{"line":7,"column":27}},"loc":{"start":{"line":7,"column":30},"end":{"line":31,"column":1}},"line":7},"1":{"name":"getLastMonthInfo","decl":{"start":{"line":37,"column":9},"end":{"line":37,"column":25}},"loc":{"start":{"line":37,"column":28},"end":{"line":44,"column":1}},"line":37},"2":{"name":"getQuarterMonths","decl":{"start":{"line":52,"column":9},"end":{"line":52,"column":25}},"loc":{"start":{"line":52,"column":41},"end":{"line":59,"column":1}},"line":52},"3":{"name":"getYearMonths","decl":{"start":{"line":66,"column":9},"end":{"line":66,"column":22}},"loc":{"start":{"line":66,"column":29},"end":{"line":71,"column":1}},"line":66},"4":{"name":"(anonymous_4)","decl":{"start":{"line":67,"column":38},"end":{"line":67,"column":39}},"loc":{"start":{"line":67,"column":49},"end":{"line":70,"column":5}},"line":67},"5":{"name":"buildFinancialQuery","decl":{"start":{"line":78,"column":9},"end":{"line":78,"column":28}},"loc":{"start":{"line":78,"column":43},"end":{"line":102,"column":1}},"line":78},"6":{"name":"fetchFinancialRecords","decl":{"start":{"line":111,"column":22},"end":{"line":111,"column":43}},"loc":{"start":{"line":111,"column":92},"end":{"line":234,"column":1}},"line":111},"7":{"name":"(anonymous_7)","decl":{"start":{"line":114,"column":36},"end":{"line":114,"column":37}},"loc":{"start":{"line":114,"column":48},"end":{"line":233,"column":5}},"line":114},"8":{"name":"(anonymous_8)","decl":{"start":{"line":182,"column":63},"end":{"line":182,"column":64}},"loc":{"start":{"line":182,"column":76},"end":{"line":185,"column":17}},"line":182},"9":{"name":"(anonymous_9)","decl":{"start":{"line":194,"column":38},"end":{"line":194,"column":39}},"loc":{"start":{"line":194,"column":51},"end":{"line":198,"column":17}},"line":194},"10":{"name":"(anonymous_10)","decl":{"start":{"line":215,"column":38},"end":{"line":215,"column":39}},"loc":{"start":{"line":215,"column":51},"end":{"line":219,"column":17}},"line":215},"11":{"name":"fetchUnpaidRecords","decl":{"start":{"line":241,"column":22},"end":{"line":241,"column":40}},"loc":{"start":{"line":241,"column":60},"end":{"line":253,"column":1}},"line":241},"12":{"name":"(anonymous_12)","decl":{"start":{"line":242,"column":36},"end":{"line":242,"column":37}},"loc":{"start":{"line":242,"column":48},"end":{"line":252,"column":5}},"line":242},"13":{"name":"fetchMonthlyRecords","decl":{"start":{"line":262,"column":22},"end":{"line":262,"column":41}},"loc":{"start":{"line":262,"column":74},"end":{"line":276,"column":1}},"line":262},"14":{"name":"(anonymous_14)","decl":{"start":{"line":265,"column":36},"end":{"line":265,"column":37}},"loc":{"start":{"line":265,"column":48},"end":{"line":275,"column":5}},"line":265},"15":{"name":"fetchQuarterlyRecords","decl":{"start":{"line":285,"column":22},"end":{"line":285,"column":43}},"loc":{"start":{"line":285,"column":78},"end":{"line":303,"column":1}},"line":285},"16":{"name":"(anonymous_16)","decl":{"start":{"line":288,"column":36},"end":{"line":288,"column":37}},"loc":{"start":{"line":288,"column":48},"end":{"line":302,"column":5}},"line":288},"17":{"name":"(anonymous_17)","decl":{"start":{"line":290,"column":33},"end":{"line":290,"column":34}},"loc":{"start":{"line":290,"column":46},"end":{"line":293,"column":9}},"line":290},"18":{"name":"fetchYearlyRecords","decl":{"start":{"line":311,"column":22},"end":{"line":311,"column":40}},"loc":{"start":{"line":311,"column":66},"end":{"line":329,"column":1}},"line":311},"19":{"name":"(anonymous_19)","decl":{"start":{"line":314,"column":36},"end":{"line":314,"column":37}},"loc":{"start":{"line":314,"column":48},"end":{"line":328,"column":5}},"line":314},"20":{"name":"(anonymous_20)","decl":{"start":{"line":316,"column":33},"end":{"line":316,"column":34}},"loc":{"start":{"line":316,"column":46},"end":{"line":319,"column":9}},"line":316},"21":{"name":"fetchFinancialRecordByRecordId","decl":{"start":{"line":336,"column":22},"end":{"line":336,"column":52}},"loc":{"start":{"line":336,"column":63},"end":{"line":348,"column":1}},"line":336},"22":{"name":"(anonymous_22)","decl":{"start":{"line":339,"column":36},"end":{"line":339,"column":37}},"loc":{"start":{"line":339,"column":48},"end":{"line":347,"column":5}},"line":339},"23":{"name":"fetchFinancialRecordByUUID","decl":{"start":{"line":355,"column":22},"end":{"line":355,"column":48}},"loc":{"start":{"line":355,"column":62},"end":{"line":367,"column":1}},"line":355},"24":{"name":"(anonymous_24)","decl":{"start":{"line":358,"column":36},"end":{"line":358,"column":37}},"loc":{"start":{"line":358,"column":48},"end":{"line":366,"column":5}},"line":358},"25":{"name":"updateFinancialRecordBilledStatus","decl":{"start":{"line":375,"column":22},"end":{"line":375,"column":55}},"loc":{"start":{"line":375,"column":84},"end":{"line":390,"column":1}},"line":375},"26":{"name":"(anonymous_26)","decl":{"start":{"line":378,"column":36},"end":{"line":378,"column":37}},"loc":{"start":{"line":378,"column":48},"end":{"line":389,"column":5}},"line":378},"27":{"name":"bulkUpdateFinancialRecordsBilledStatus","decl":{"start":{"line":398,"column":22},"end":{"line":398,"column":60}},"loc":{"start":{"line":398,"column":90},"end":{"line":456,"column":1}},"line":398},"28":{"name":"(anonymous_28)","decl":{"start":{"line":405,"column":36},"end":{"line":405,"column":37}},"loc":{"start":{"line":405,"column":48},"end":{"line":455,"column":5}},"line":405},"29":{"name":"(anonymous_29)","decl":{"start":{"line":415,"column":44},"end":{"line":415,"column":45}},"loc":{"start":{"line":415,"column":64},"end":{"line":432,"column":13}},"line":415},"30":{"name":"(anonymous_30)","decl":{"start":{"line":438,"column":52},"end":{"line":438,"column":53}},"loc":{"start":{"line":438,"column":57},"end":{"line":438,"column":67}},"line":438},"31":{"name":"(anonymous_31)","decl":{"start":{"line":442,"column":44},"end":{"line":442,"column":45}},"loc":{"start":{"line":442,"column":49},"end":{"line":442,"column":58}},"line":442},"32":{"name":"fetchRecordsForDateRange","decl":{"start":{"line":464,"column":22},"end":{"line":464,"column":46}},"loc":{"start":{"line":464,"column":67},"end":{"line":487,"column":1}},"line":464},"33":{"name":"(anonymous_33)","decl":{"start":{"line":467,"column":36},"end":{"line":467,"column":37}},"loc":{"start":{"line":467,"column":48},"end":{"line":486,"column":5}},"line":467},"34":{"name":"convertToFileMakerDate","decl":{"start":{"line":494,"column":9},"end":{"line":494,"column":31}},"loc":{"start":{"line":494,"column":44},"end":{"line":497,"column":1}},"line":494}},"branchMap":{"0":{"loc":{"start":{"line":18,"column":22},"end":{"line":18,"column":39}},"type":"binary-expr","locations":[{"start":{"line":18,"column":22},"end":{"line":18,"column":34}},{"start":{"line":18,"column":38},"end":{"line":18,"column":39}}],"line":18},"1":{"loc":{"start":{"line":78,"column":29},"end":{"line":78,"column":41}},"type":"default-arg","locations":[{"start":{"line":78,"column":39},"end":{"line":78,"column":41}}],"line":78},"2":{"loc":{"start":{"line":82,"column":4},"end":{"line":84,"column":5}},"type":"if","locations":[{"start":{"line":82,"column":4},"end":{"line":84,"column":5}},{"start":{},"end":{}}],"line":82},"3":{"loc":{"start":{"line":82,"column":8},"end":{"line":82,"column":37}},"type":"binary-expr","locations":[{"start":{"line":82,"column":8},"end":{"line":82,"column":21}},{"start":{"line":82,"column":25},"end":{"line":82,"column":37}}],"line":82},"4":{"loc":{"start":{"line":87,"column":4},"end":{"line":89,"column":5}},"type":"if","locations":[{"start":{"line":87,"column":4},"end":{"line":89,"column":5}},{"start":{},"end":{}}],"line":87},"5":{"loc":{"start":{"line":92,"column":4},"end":{"line":94,"column":5}},"type":"if","locations":[{"start":{"line":92,"column":4},"end":{"line":94,"column":5}},{"start":{},"end":{}}],"line":92},"6":{"loc":{"start":{"line":97,"column":4},"end":{"line":99,"column":5}},"type":"if","locations":[{"start":{"line":97,"column":4},"end":{"line":99,"column":5}},{"start":{},"end":{}}],"line":97},"7":{"loc":{"start":{"line":111,"column":55},"end":{"line":111,"column":72}},"type":"default-arg","locations":[{"start":{"line":111,"column":68},"end":{"line":111,"column":72}}],"line":111},"8":{"loc":{"start":{"line":111,"column":74},"end":{"line":111,"column":90}},"type":"default-arg","locations":[{"start":{"line":111,"column":86},"end":{"line":111,"column":90}}],"line":111},"9":{"loc":{"start":{"line":117,"column":8},"end":{"line":224,"column":9}},"type":"switch","locations":[{"start":{"line":118,"column":12},"end":{"line":132,"column":13}},{"start":{"line":133,"column":12},"end":{"line":142,"column":13}},{"start":{"line":143,"column":12},"end":{"line":147,"column":13}},{"start":{"line":148,"column":12},"end":{"line":151,"column":13}},{"start":{"line":152,"column":12},"end":{"line":156,"column":13}},{"start":{"line":157,"column":12},"end":{"line":200,"column":13}},{"start":{"line":201,"column":12},"end":{"line":221,"column":13}},{"start":{"line":222,"column":12},"end":{"line":223,"column":67}}],"line":117},"10":{"loc":{"start":{"line":128,"column":24},"end":{"line":128,"column":63}},"type":"binary-expr","locations":[{"start":{"line":128,"column":24},"end":{"line":128,"column":34}},{"start":{"line":128,"column":38},"end":{"line":128,"column":63}}],"line":128},"11":{"loc":{"start":{"line":129,"column":24},"end":{"line":129,"column":64}},"type":"binary-expr","locations":[{"start":{"line":129,"column":24},"end":{"line":129,"column":33}},{"start":{"line":129,"column":37},"end":{"line":129,"column":64}}],"line":129},"12":{"loc":{"start":{"line":138,"column":24},"end":{"line":138,"column":63}},"type":"binary-expr","locations":[{"start":{"line":138,"column":24},"end":{"line":138,"column":34}},{"start":{"line":138,"column":38},"end":{"line":138,"column":63}}],"line":138},"13":{"loc":{"start":{"line":139,"column":24},"end":{"line":139,"column":64}},"type":"binary-expr","locations":[{"start":{"line":139,"column":24},"end":{"line":139,"column":33}},{"start":{"line":139,"column":37},"end":{"line":139,"column":64}}],"line":139},"14":{"loc":{"start":{"line":170,"column":20},"end":{"line":173,"column":21}},"type":"if","locations":[{"start":{"line":170,"column":20},"end":{"line":173,"column":21}},{"start":{},"end":{}}],"line":170},"15":{"loc":{"start":{"line":196,"column":24},"end":{"line":196,"column":63}},"type":"binary-expr","locations":[{"start":{"line":196,"column":24},"end":{"line":196,"column":34}},{"start":{"line":196,"column":38},"end":{"line":196,"column":63}}],"line":196},"16":{"loc":{"start":{"line":197,"column":24},"end":{"line":197,"column":64}},"type":"binary-expr","locations":[{"start":{"line":197,"column":24},"end":{"line":197,"column":33}},{"start":{"line":197,"column":37},"end":{"line":197,"column":64}}],"line":197},"17":{"loc":{"start":{"line":217,"column":24},"end":{"line":217,"column":63}},"type":"binary-expr","locations":[{"start":{"line":217,"column":24},"end":{"line":217,"column":34}},{"start":{"line":217,"column":38},"end":{"line":217,"column":63}}],"line":217},"18":{"loc":{"start":{"line":218,"column":24},"end":{"line":218,"column":64}},"type":"binary-expr","locations":[{"start":{"line":218,"column":24},"end":{"line":218,"column":33}},{"start":{"line":218,"column":37},"end":{"line":218,"column":64}}],"line":218},"19":{"loc":{"start":{"line":241,"column":41},"end":{"line":241,"column":58}},"type":"default-arg","locations":[{"start":{"line":241,"column":54},"end":{"line":241,"column":58}}],"line":241},"20":{"loc":{"start":{"line":262,"column":55},"end":{"line":262,"column":72}},"type":"default-arg","locations":[{"start":{"line":262,"column":68},"end":{"line":262,"column":72}}],"line":262},"21":{"loc":{"start":{"line":285,"column":59},"end":{"line":285,"column":76}},"type":"default-arg","locations":[{"start":{"line":285,"column":72},"end":{"line":285,"column":76}}],"line":285},"22":{"loc":{"start":{"line":292,"column":16},"end":{"line":292,"column":55}},"type":"binary-expr","locations":[{"start":{"line":292,"column":16},"end":{"line":292,"column":26}},{"start":{"line":292,"column":30},"end":{"line":292,"column":55}}],"line":292},"23":{"loc":{"start":{"line":311,"column":47},"end":{"line":311,"column":64}},"type":"default-arg","locations":[{"start":{"line":311,"column":60},"end":{"line":311,"column":64}}],"line":311},"24":{"loc":{"start":{"line":318,"column":16},"end":{"line":318,"column":55}},"type":"binary-expr","locations":[{"start":{"line":318,"column":16},"end":{"line":318,"column":26}},{"start":{"line":318,"column":30},"end":{"line":318,"column":55}}],"line":318},"25":{"loc":{"start":{"line":375,"column":66},"end":{"line":375,"column":82}},"type":"default-arg","locations":[{"start":{"line":375,"column":81},"end":{"line":375,"column":82}}],"line":375},"26":{"loc":{"start":{"line":398,"column":72},"end":{"line":398,"column":88}},"type":"default-arg","locations":[{"start":{"line":398,"column":87},"end":{"line":398,"column":88}}],"line":398},"27":{"loc":{"start":{"line":401,"column":4},"end":{"line":403,"column":5}},"type":"if","locations":[{"start":{"line":401,"column":4},"end":{"line":403,"column":5}},{"start":{},"end":{}}],"line":401},"28":{"loc":{"start":{"line":401,"column":8},"end":{"line":401,"column":59}},"type":"binary-expr","locations":[{"start":{"line":401,"column":8},"end":{"line":401,"column":33}},{"start":{"line":401,"column":37},"end":{"line":401,"column":59}}],"line":401}},"s":{"0":0,"1":0,"2":0,"3":0,"4":0,"5":0,"6":0,"7":0,"8":0,"9":0,"10":0,"11":0,"12":0,"13":0,"14":0,"15":0,"16":0,"17":0,"18":0,"19":0,"20":0,"21":0,"22":0,"23":0,"24":0,"25":0,"26":0,"27":0,"28":0,"29":0,"30":0,"31":0,"32":0,"33":0,"34":0,"35":0,"36":0,"37":0,"38":0,"39":0,"40":0,"41":0,"42":0,"43":0,"44":0,"45":0,"46":0,"47":0,"48":0,"49":0,"50":0,"51":0,"52":0,"53":0,"54":0,"55":0,"56":0,"57":0,"58":0,"59":0,"60":0,"61":0,"62":0,"63":0,"64":0,"65":0,"66":0,"67":0,"68":0,"69":0,"70":0,"71":0,"72":0,"73":0,"74":0,"75":0,"76":0,"77":0,"78":0,"79":0,"80":0,"81":0,"82":0,"83":0,"84":0,"85":0,"86":0,"87":0,"88":0,"89":0,"90":0,"91":0,"92":0,"93":0,"94":0,"95":0,"96":0,"97":0,"98":0,"99":0,"100":0,"101":0,"102":0,"103":0,"104":0,"105":0,"106":0,"107":0,"108":0,"109":0,"110":0,"111":0,"112":0,"113":0,"114":0,"115":0,"116":0,"117":0,"118":0,"119":0,"120":0,"121":0,"122":0,"123":0,"124":0,"125":0,"126":0,"127":0,"128":0,"129":0,"130":0,"131":0,"132":0,"133":0,"134":0,"135":0,"136":0,"137":0,"138":0,"139":0,"140":0,"141":0,"142":0,"143":0,"144":0,"145":0,"146":0,"147":0,"148":0,"149":0,"150":0,"151":0,"152":0,"153":0,"154":0,"155":0,"156":0},"f":{"0":0,"1":0,"2":0,"3":0,"4":0,"5":0,"6":0,"7":0,"8":0,"9":0,"10":0,"11":0,"12":0,"13":0,"14":0,"15":0,"16":0,"17":0,"18":0,"19":0,"20":0,"21":0,"22":0,"23":0,"24":0,"25":0,"26":0,"27":0,"28":0,"29":0,"30":0,"31":0,"32":0,"33":0,"34":0},"b":{"0":[0,0],"1":[0],"2":[0,0],"3":[0,0],"4":[0,0],"5":[0,0],"6":[0,0],"7":[0],"8":[0],"9":[0,0,0,0,0,0,0,0],"10":[0,0],"11":[0,0],"12":[0,0],"13":[0,0],"14":[0,0],"15":[0,0],"16":[0,0],"17":[0,0],"18":[0,0],"19":[0],"20":[0],"21":[0],"22":[0,0],"23":[0],"24":[0,0],"25":[0],"26":[0],"27":[0,0],"28":[0,0]},"_coverageSchema":"1a1c01bbd47fc00a2c39e90264f33305004495a9","hash":"ce6e2397f4b5f0724ead0bccab9a755fad5d72c0"}
,"/Users/marcusswift/javascript/clarityCrmFrontend/src/errors/customerErrors.js": {"path":"/Users/marcusswift/javascript/clarityCrmFrontend/src/errors/customerErrors.js","statementMap":{"0":{"start":{"line":18,"column":34},"end":{"line":57,"column":1}},"1":{"start":{"line":64,"column":8},"end":{"line":64,"column":38}},"2":{"start":{"line":65,"column":8},"end":{"line":65,"column":36}},"3":{"start":{"line":66,"column":8},"end":{"line":66,"column":50}},"4":{"start":{"line":67,"column":8},"end":{"line":67,"column":82}},"5":{"start":{"line":79,"column":21},"end":{"line":117,"column":5}},"6":{"start":{"line":119,"column":4},"end":{"line":119,"column":98}},"7":{"start":{"line":130,"column":4},"end":{"line":152,"column":5}},"8":{"start":{"line":131,"column":8},"end":{"line":137,"column":9}},"9":{"start":{"line":132,"column":12},"end":{"line":136,"column":14}},"10":{"start":{"line":139,"column":8},"end":{"line":145,"column":9}},"11":{"start":{"line":140,"column":12},"end":{"line":144,"column":14}},"12":{"start":{"line":147,"column":8},"end":{"line":151,"column":10}},"13":{"start":{"line":154,"column":19},"end":{"line":154,"column":40}},"14":{"start":{"line":155,"column":25},"end":{"line":155,"column":50}},"15":{"start":{"line":158,"column":4},"end":{"line":180,"column":5}},"16":{"start":{"line":159,"column":8},"end":{"line":165,"column":9}},"17":{"start":{"line":160,"column":12},"end":{"line":164,"column":14}},"18":{"start":{"line":167,"column":8},"end":{"line":173,"column":9}},"19":{"start":{"line":168,"column":12},"end":{"line":172,"column":14}},"20":{"start":{"line":175,"column":8},"end":{"line":179,"column":10}},"21":{"start":{"line":183,"column":4},"end":{"line":197,"column":5}},"22":{"start":{"line":184,"column":8},"end":{"line":190,"column":9}},"23":{"start":{"line":185,"column":12},"end":{"line":189,"column":14}},"24":{"start":{"line":192,"column":8},"end":{"line":196,"column":10}},"25":{"start":{"line":200,"column":4},"end":{"line":206,"column":5}},"26":{"start":{"line":201,"column":8},"end":{"line":205,"column":10}},"27":{"start":{"line":209,"column":4},"end":{"line":217,"column":5}},"28":{"start":{"line":210,"column":33},"end":{"line":210,"column":81}},"29":{"start":{"line":212,"column":8},"end":{"line":216,"column":10}},"30":{"start":{"line":220,"column":4},"end":{"line":228,"column":5}},"31":{"start":{"line":221,"column":33},"end":{"line":221,"column":81}},"32":{"start":{"line":223,"column":8},"end":{"line":227,"column":10}},"33":{"start":{"line":231,"column":4},"end":{"line":237,"column":5}},"34":{"start":{"line":232,"column":8},"end":{"line":236,"column":10}},"35":{"start":{"line":240,"column":4},"end":{"line":246,"column":5}},"36":{"start":{"line":241,"column":8},"end":{"line":245,"column":10}},"37":{"start":{"line":249,"column":4},"end":{"line":253,"column":6}},"38":{"start":{"line":263,"column":20},"end":{"line":263,"column":50}},"39":{"start":{"line":265,"column":4},"end":{"line":271,"column":5}},"40":{"start":{"line":266,"column":8},"end":{"line":270,"column":10}},"41":{"start":{"line":273,"column":4},"end":{"line":279,"column":5}},"42":{"start":{"line":274,"column":8},"end":{"line":278,"column":10}},"43":{"start":{"line":281,"column":4},"end":{"line":287,"column":5}},"44":{"start":{"line":282,"column":8},"end":{"line":286,"column":10}},"45":{"start":{"line":289,"column":4},"end":{"line":293,"column":6}},"46":{"start":{"line":303,"column":19},"end":{"line":303,"column":48}},"47":{"start":{"line":306,"column":23},"end":{"line":306,"column":64}},"48":{"start":{"line":306,"column":42},"end":{"line":306,"column":63}},"49":{"start":{"line":307,"column":4},"end":{"line":313,"column":5}},"50":{"start":{"line":308,"column":8},"end":{"line":312,"column":10}},"51":{"start":{"line":315,"column":23},"end":{"line":315,"column":64}},"52":{"start":{"line":315,"column":42},"end":{"line":315,"column":63}},"53":{"start":{"line":316,"column":4},"end":{"line":322,"column":5}},"54":{"start":{"line":317,"column":8},"end":{"line":321,"column":10}},"55":{"start":{"line":324,"column":26},"end":{"line":324,"column":70}},"56":{"start":{"line":324,"column":45},"end":{"line":324,"column":69}},"57":{"start":{"line":325,"column":4},"end":{"line":331,"column":5}},"58":{"start":{"line":326,"column":8},"end":{"line":330,"column":10}},"59":{"start":{"line":333,"column":4},"end":{"line":337,"column":6}},"60":{"start":{"line":347,"column":4},"end":{"line":355,"column":5}},"61":{"start":{"line":348,"column":8},"end":{"line":354,"column":9}},"62":{"start":{"line":349,"column":12},"end":{"line":353,"column":14}},"63":{"start":{"line":366,"column":4},"end":{"line":397,"column":5}},"64":{"start":{"line":367,"column":8},"end":{"line":367,"column":33}},"65":{"start":{"line":370,"column":8},"end":{"line":373,"column":9}},"66":{"start":{"line":371,"column":12},"end":{"line":371,"column":70}},"67":{"start":{"line":372,"column":12},"end":{"line":372,"column":24}},"68":{"start":{"line":376,"column":8},"end":{"line":380,"column":9}},"69":{"start":{"line":377,"column":32},"end":{"line":377,"column":68}},"70":{"start":{"line":378,"column":12},"end":{"line":378,"column":76}},"71":{"start":{"line":379,"column":12},"end":{"line":379,"column":30}},"72":{"start":{"line":383,"column":8},"end":{"line":387,"column":9}},"73":{"start":{"line":384,"column":32},"end":{"line":384,"column":73}},"74":{"start":{"line":385,"column":12},"end":{"line":385,"column":76}},"75":{"start":{"line":386,"column":12},"end":{"line":386,"column":30}},"76":{"start":{"line":390,"column":29},"end":{"line":394,"column":9}},"77":{"start":{"line":395,"column":8},"end":{"line":395,"column":73}},"78":{"start":{"line":396,"column":8},"end":{"line":396,"column":27}},"79":{"start":{"line":406,"column":4},"end":{"line":416,"column":5}},"80":{"start":{"line":407,"column":8},"end":{"line":415,"column":10}},"81":{"start":{"line":418,"column":4},"end":{"line":426,"column":6}},"82":{"start":{"line":435,"column":4},"end":{"line":435,"column":61}},"83":{"start":{"line":435,"column":31},"end":{"line":435,"column":61}},"84":{"start":{"line":436,"column":4},"end":{"line":436,"column":64}},"85":{"start":{"line":436,"column":37},"end":{"line":436,"column":64}},"86":{"start":{"line":437,"column":4},"end":{"line":439,"column":5}},"87":{"start":{"line":438,"column":8},"end":{"line":438,"column":34}},"88":{"start":{"line":440,"column":4},"end":{"line":440,"column":91}},"89":{"start":{"line":440,"column":65},"end":{"line":440,"column":91}},"90":{"start":{"line":441,"column":4},"end":{"line":441,"column":55}},"91":{"start":{"line":441,"column":36},"end":{"line":441,"column":55}},"92":{"start":{"line":442,"column":4},"end":{"line":442,"column":61}},"93":{"start":{"line":442,"column":36},"end":{"line":442,"column":61}},"94":{"start":{"line":443,"column":4},"end":{"line":443,"column":19}},"95":{"start":{"line":452,"column":27},"end":{"line":457,"column":5}},"96":{"start":{"line":459,"column":4},"end":{"line":459,"column":41}},"97":{"start":{"line":468,"column":28},"end":{"line":471,"column":5}},"98":{"start":{"line":473,"column":26},"end":{"line":477,"column":5}},"99":{"start":{"line":479,"column":4},"end":{"line":479,"column":57}},"100":{"start":{"line":479,"column":40},"end":{"line":479,"column":57}},"101":{"start":{"line":480,"column":4},"end":{"line":480,"column":53}},"102":{"start":{"line":480,"column":38},"end":{"line":480,"column":53}},"103":{"start":{"line":482,"column":4},"end":{"line":482,"column":19}}},"fnMap":{"0":{"name":"(anonymous_0)","decl":{"start":{"line":63,"column":4},"end":{"line":63,"column":5}},"loc":{"start":{"line":63,"column":45},"end":{"line":68,"column":5}},"line":63},"1":{"name":"getUserFriendlyMessage","decl":{"start":{"line":78,"column":9},"end":{"line":78,"column":31}},"loc":{"start":{"line":78,"column":64},"end":{"line":120,"column":1}},"line":78},"2":{"name":"parseHttpError","decl":{"start":{"line":128,"column":16},"end":{"line":128,"column":30}},"loc":{"start":{"line":128,"column":61},"end":{"line":254,"column":1}},"line":128},"3":{"name":"parseFileMakerError","decl":{"start":{"line":262,"column":16},"end":{"line":262,"column":35}},"loc":{"start":{"line":262,"column":66},"end":{"line":294,"column":1}},"line":262},"4":{"name":"parseValidationError","decl":{"start":{"line":302,"column":16},"end":{"line":302,"column":36}},"loc":{"start":{"line":302,"column":78},"end":{"line":338,"column":1}},"line":302},"5":{"name":"(anonymous_5)","decl":{"start":{"line":306,"column":35},"end":{"line":306,"column":36}},"loc":{"start":{"line":306,"column":42},"end":{"line":306,"column":63}},"line":306},"6":{"name":"(anonymous_6)","decl":{"start":{"line":315,"column":35},"end":{"line":315,"column":36}},"loc":{"start":{"line":315,"column":42},"end":{"line":315,"column":63}},"line":315},"7":{"name":"(anonymous_7)","decl":{"start":{"line":324,"column":38},"end":{"line":324,"column":39}},"loc":{"start":{"line":324,"column":45},"end":{"line":324,"column":69}},"line":324},"8":{"name":"checkOrganizationScope","decl":{"start":{"line":346,"column":16},"end":{"line":346,"column":38}},"loc":{"start":{"line":346,"column":67},"end":{"line":356,"column":1}},"line":346},"9":{"name":"withErrorHandling","decl":{"start":{"line":365,"column":22},"end":{"line":365,"column":39}},"loc":{"start":{"line":365,"column":80},"end":{"line":398,"column":1}},"line":365},"10":{"name":"formatErrorForUI","decl":{"start":{"line":405,"column":16},"end":{"line":405,"column":32}},"loc":{"start":{"line":405,"column":40},"end":{"line":427,"column":1}},"line":405},"11":{"name":"getErrorTitle","decl":{"start":{"line":434,"column":9},"end":{"line":434,"column":22}},"loc":{"start":{"line":434,"column":29},"end":{"line":444,"column":1}},"line":434},"12":{"name":"isRetryable","decl":{"start":{"line":451,"column":9},"end":{"line":451,"column":20}},"loc":{"start":{"line":451,"column":27},"end":{"line":460,"column":1}},"line":451},"13":{"name":"getErrorSeverity","decl":{"start":{"line":467,"column":9},"end":{"line":467,"column":25}},"loc":{"start":{"line":467,"column":32},"end":{"line":483,"column":1}},"line":467}},"branchMap":{"0":{"loc":{"start":{"line":63,"column":31},"end":{"line":63,"column":43}},"type":"default-arg","locations":[{"start":{"line":63,"column":41},"end":{"line":63,"column":43}}],"line":63},"1":{"loc":{"start":{"line":95,"column":52},"end":{"line":95,"column":76}},"type":"binary-expr","locations":[{"start":{"line":95,"column":52},"end":{"line":95,"column":70}},{"start":{"line":95,"column":74},"end":{"line":95,"column":76}}],"line":95},"2":{"loc":{"start":{"line":98,"column":80},"end":{"line":98,"column":106}},"type":"binary-expr","locations":[{"start":{"line":98,"column":80},"end":{"line":98,"column":93}},{"start":{"line":98,"column":97},"end":{"line":98,"column":106}}],"line":98},"3":{"loc":{"start":{"line":119,"column":11},"end":{"line":119,"column":97}},"type":"binary-expr","locations":[{"start":{"line":119,"column":11},"end":{"line":119,"column":25}},{"start":{"line":119,"column":29},"end":{"line":119,"column":44}},{"start":{"line":119,"column":48},"end":{"line":119,"column":97}}],"line":119},"4":{"loc":{"start":{"line":128,"column":38},"end":{"line":128,"column":59}},"type":"default-arg","locations":[{"start":{"line":128,"column":50},"end":{"line":128,"column":59}}],"line":128},"5":{"loc":{"start":{"line":130,"column":4},"end":{"line":152,"column":5}},"type":"if","locations":[{"start":{"line":130,"column":4},"end":{"line":152,"column":5}},{"start":{},"end":{}}],"line":130},"6":{"loc":{"start":{"line":131,"column":8},"end":{"line":137,"column":9}},"type":"if","locations":[{"start":{"line":131,"column":8},"end":{"line":137,"column":9}},{"start":{},"end":{}}],"line":131},"7":{"loc":{"start":{"line":131,"column":12},"end":{"line":131,"column":78}},"type":"binary-expr","locations":[{"start":{"line":131,"column":12},"end":{"line":131,"column":41}},{"start":{"line":131,"column":45},"end":{"line":131,"column":78}}],"line":131},"8":{"loc":{"start":{"line":139,"column":8},"end":{"line":145,"column":9}},"type":"if","locations":[{"start":{"line":139,"column":8},"end":{"line":145,"column":9}},{"start":{},"end":{}}],"line":139},"9":{"loc":{"start":{"line":139,"column":12},"end":{"line":139,"column":83}},"type":"binary-expr","locations":[{"start":{"line":139,"column":12},"end":{"line":139,"column":40}},{"start":{"line":139,"column":44},"end":{"line":139,"column":83}}],"line":139},"10":{"loc":{"start":{"line":155,"column":25},"end":{"line":155,"column":50}},"type":"binary-expr","locations":[{"start":{"line":155,"column":25},"end":{"line":155,"column":44}},{"start":{"line":155,"column":48},"end":{"line":155,"column":50}}],"line":155},"11":{"loc":{"start":{"line":158,"column":4},"end":{"line":180,"column":5}},"type":"if","locations":[{"start":{"line":158,"column":4},"end":{"line":180,"column":5}},{"start":{},"end":{}}],"line":158},"12":{"loc":{"start":{"line":159,"column":8},"end":{"line":165,"column":9}},"type":"if","locations":[{"start":{"line":159,"column":8},"end":{"line":165,"column":9}},{"start":{},"end":{}}],"line":159},"13":{"loc":{"start":{"line":159,"column":12},"end":{"line":159,"column":96}},"type":"binary-expr","locations":[{"start":{"line":159,"column":12},"end":{"line":159,"column":53}},{"start":{"line":159,"column":57},"end":{"line":159,"column":96}}],"line":159},"14":{"loc":{"start":{"line":167,"column":8},"end":{"line":173,"column":9}},"type":"if","locations":[{"start":{"line":167,"column":8},"end":{"line":173,"column":9}},{"start":{},"end":{}}],"line":167},"15":{"loc":{"start":{"line":167,"column":12},"end":{"line":167,"column":96}},"type":"binary-expr","locations":[{"start":{"line":167,"column":12},"end":{"line":167,"column":53}},{"start":{"line":167,"column":57},"end":{"line":167,"column":96}}],"line":167},"16":{"loc":{"start":{"line":183,"column":4},"end":{"line":197,"column":5}},"type":"if","locations":[{"start":{"line":183,"column":4},"end":{"line":197,"column":5}},{"start":{},"end":{}}],"line":183},"17":{"loc":{"start":{"line":184,"column":8},"end":{"line":190,"column":9}},"type":"if","locations":[{"start":{"line":184,"column":8},"end":{"line":190,"column":9}},{"start":{},"end":{}}],"line":184},"18":{"loc":{"start":{"line":184,"column":12},"end":{"line":184,"column":106}},"type":"binary-expr","locations":[{"start":{"line":184,"column":12},"end":{"line":184,"column":58}},{"start":{"line":184,"column":62},"end":{"line":184,"column":106}}],"line":184},"19":{"loc":{"start":{"line":200,"column":4},"end":{"line":206,"column":5}},"type":"if","locations":[{"start":{"line":200,"column":4},"end":{"line":206,"column":5}},{"start":{},"end":{}}],"line":200},"20":{"loc":{"start":{"line":202,"column":12},"end":{"line":202,"column":56}},"type":"binary-expr","locations":[{"start":{"line":202,"column":12},"end":{"line":202,"column":32}},{"start":{"line":202,"column":36},"end":{"line":202,"column":56}}],"line":202},"21":{"loc":{"start":{"line":209,"column":4},"end":{"line":217,"column":5}},"type":"if","locations":[{"start":{"line":209,"column":4},"end":{"line":217,"column":5}},{"start":{},"end":{}}],"line":209},"22":{"loc":{"start":{"line":210,"column":33},"end":{"line":210,"column":81}},"type":"binary-expr","locations":[{"start":{"line":210,"column":33},"end":{"line":210,"column":52}},{"start":{"line":210,"column":56},"end":{"line":210,"column":75}},{"start":{"line":210,"column":79},"end":{"line":210,"column":81}}],"line":210},"23":{"loc":{"start":{"line":213,"column":12},"end":{"line":213,"column":58}},"type":"binary-expr","locations":[{"start":{"line":213,"column":12},"end":{"line":213,"column":32}},{"start":{"line":213,"column":36},"end":{"line":213,"column":58}}],"line":213},"24":{"loc":{"start":{"line":220,"column":4},"end":{"line":228,"column":5}},"type":"if","locations":[{"start":{"line":220,"column":4},"end":{"line":228,"column":5}},{"start":{},"end":{}}],"line":220},"25":{"loc":{"start":{"line":221,"column":33},"end":{"line":221,"column":81}},"type":"binary-expr","locations":[{"start":{"line":221,"column":33},"end":{"line":221,"column":52}},{"start":{"line":221,"column":56},"end":{"line":221,"column":75}},{"start":{"line":221,"column":79},"end":{"line":221,"column":81}}],"line":221},"26":{"loc":{"start":{"line":231,"column":4},"end":{"line":237,"column":5}},"type":"if","locations":[{"start":{"line":231,"column":4},"end":{"line":237,"column":5}},{"start":{},"end":{}}],"line":231},"27":{"loc":{"start":{"line":233,"column":12},"end":{"line":233,"column":61}},"type":"binary-expr","locations":[{"start":{"line":233,"column":12},"end":{"line":233,"column":32}},{"start":{"line":233,"column":36},"end":{"line":233,"column":61}}],"line":233},"28":{"loc":{"start":{"line":240,"column":4},"end":{"line":246,"column":5}},"type":"if","locations":[{"start":{"line":240,"column":4},"end":{"line":246,"column":5}},{"start":{},"end":{}}],"line":240},"29":{"loc":{"start":{"line":250,"column":8},"end":{"line":250,"column":73}},"type":"binary-expr","locations":[{"start":{"line":250,"column":8},"end":{"line":250,"column":28}},{"start":{"line":250,"column":32},"end":{"line":250,"column":45}},{"start":{"line":250,"column":49},"end":{"line":250,"column":73}}],"line":250},"30":{"loc":{"start":{"line":262,"column":43},"end":{"line":262,"column":64}},"type":"default-arg","locations":[{"start":{"line":262,"column":55},"end":{"line":262,"column":64}}],"line":262},"31":{"loc":{"start":{"line":263,"column":20},"end":{"line":263,"column":50}},"type":"binary-expr","locations":[{"start":{"line":263,"column":20},"end":{"line":263,"column":33}},{"start":{"line":263,"column":37},"end":{"line":263,"column":50}}],"line":263},"32":{"loc":{"start":{"line":265,"column":4},"end":{"line":271,"column":5}},"type":"if","locations":[{"start":{"line":265,"column":4},"end":{"line":271,"column":5}},{"start":{},"end":{}}],"line":265},"33":{"loc":{"start":{"line":265,"column":8},"end":{"line":265,"column":91}},"type":"binary-expr","locations":[{"start":{"line":265,"column":8},"end":{"line":265,"column":48}},{"start":{"line":265,"column":52},"end":{"line":265,"column":91}}],"line":265},"34":{"loc":{"start":{"line":273,"column":4},"end":{"line":279,"column":5}},"type":"if","locations":[{"start":{"line":273,"column":4},"end":{"line":279,"column":5}},{"start":{},"end":{}}],"line":273},"35":{"loc":{"start":{"line":281,"column":4},"end":{"line":287,"column":5}},"type":"if","locations":[{"start":{"line":281,"column":4},"end":{"line":287,"column":5}},{"start":{},"end":{}}],"line":281},"36":{"loc":{"start":{"line":302,"column":55},"end":{"line":302,"column":76}},"type":"default-arg","locations":[{"start":{"line":302,"column":67},"end":{"line":302,"column":76}}],"line":302},"37":{"loc":{"start":{"line":303,"column":19},"end":{"line":303,"column":48}},"type":"binary-expr","locations":[{"start":{"line":303,"column":19},"end":{"line":303,"column":42}},{"start":{"line":303,"column":46},"end":{"line":303,"column":48}}],"line":303},"38":{"loc":{"start":{"line":307,"column":4},"end":{"line":313,"column":5}},"type":"if","locations":[{"start":{"line":307,"column":4},"end":{"line":313,"column":5}},{"start":{},"end":{}}],"line":307},"39":{"loc":{"start":{"line":316,"column":4},"end":{"line":322,"column":5}},"type":"if","locations":[{"start":{"line":316,"column":4},"end":{"line":322,"column":5}},{"start":{},"end":{}}],"line":316},"40":{"loc":{"start":{"line":325,"column":4},"end":{"line":331,"column":5}},"type":"if","locations":[{"start":{"line":325,"column":4},"end":{"line":331,"column":5}},{"start":{},"end":{}}],"line":325},"41":{"loc":{"start":{"line":334,"column":8},"end":{"line":334,"column":40}},"type":"binary-expr","locations":[{"start":{"line":334,"column":8},"end":{"line":334,"column":17}},{"start":{"line":334,"column":21},"end":{"line":334,"column":40}}],"line":334},"42":{"loc":{"start":{"line":346,"column":44},"end":{"line":346,"column":65}},"type":"default-arg","locations":[{"start":{"line":346,"column":56},"end":{"line":346,"column":65}}],"line":346},"43":{"loc":{"start":{"line":347,"column":4},"end":{"line":355,"column":5}},"type":"if","locations":[{"start":{"line":347,"column":4},"end":{"line":355,"column":5}},{"start":{},"end":{}}],"line":347},"44":{"loc":{"start":{"line":348,"column":8},"end":{"line":354,"column":9}},"type":"if","locations":[{"start":{"line":348,"column":8},"end":{"line":354,"column":9}},{"start":{},"end":{}}],"line":348},"45":{"loc":{"start":{"line":365,"column":66},"end":{"line":365,"column":78}},"type":"default-arg","locations":[{"start":{"line":365,"column":76},"end":{"line":365,"column":78}}],"line":365},"46":{"loc":{"start":{"line":370,"column":8},"end":{"line":373,"column":9}},"type":"if","locations":[{"start":{"line":370,"column":8},"end":{"line":373,"column":9}},{"start":{},"end":{}}],"line":370},"47":{"loc":{"start":{"line":376,"column":8},"end":{"line":380,"column":9}},"type":"if","locations":[{"start":{"line":376,"column":8},"end":{"line":380,"column":9}},{"start":{},"end":{}}],"line":376},"48":{"loc":{"start":{"line":376,"column":12},"end":{"line":376,"column":91}},"type":"binary-expr","locations":[{"start":{"line":376,"column":12},"end":{"line":376,"column":26}},{"start":{"line":376,"column":30},"end":{"line":376,"column":59}},{"start":{"line":376,"column":63},"end":{"line":376,"column":91}}],"line":376},"49":{"loc":{"start":{"line":383,"column":8},"end":{"line":387,"column":9}},"type":"if","locations":[{"start":{"line":383,"column":8},"end":{"line":387,"column":9}},{"start":{},"end":{}}],"line":383},"50":{"loc":{"start":{"line":383,"column":12},"end":{"line":383,"column":85}},"type":"binary-expr","locations":[{"start":{"line":383,"column":12},"end":{"line":383,"column":48}},{"start":{"line":383,"column":52},"end":{"line":383,"column":85}}],"line":383},"51":{"loc":{"start":{"line":391,"column":12},"end":{"line":391,"column":53}},"type":"binary-expr","locations":[{"start":{"line":391,"column":12},"end":{"line":391,"column":25}},{"start":{"line":391,"column":29},"end":{"line":391,"column":53}}],"line":391},"52":{"loc":{"start":{"line":406,"column":4},"end":{"line":416,"column":5}},"type":"if","locations":[{"start":{"line":406,"column":4},"end":{"line":416,"column":5}},{"start":{},"end":{}}],"line":406},"53":{"loc":{"start":{"line":420,"column":17},"end":{"line":420,"column":64}},"type":"binary-expr","locations":[{"start":{"line":420,"column":17},"end":{"line":420,"column":30}},{"start":{"line":420,"column":34},"end":{"line":420,"column":64}}],"line":420},"54":{"loc":{"start":{"line":435,"column":4},"end":{"line":435,"column":61}},"type":"if","locations":[{"start":{"line":435,"column":4},"end":{"line":435,"column":61}},{"start":{},"end":{}}],"line":435},"55":{"loc":{"start":{"line":436,"column":4},"end":{"line":436,"column":64}},"type":"if","locations":[{"start":{"line":436,"column":4},"end":{"line":436,"column":64}},{"start":{},"end":{}}],"line":436},"56":{"loc":{"start":{"line":437,"column":4},"end":{"line":439,"column":5}},"type":"if","locations":[{"start":{"line":437,"column":4},"end":{"line":439,"column":5}},{"start":{},"end":{}}],"line":437},"57":{"loc":{"start":{"line":437,"column":8},"end":{"line":437,"column":91}},"type":"binary-expr","locations":[{"start":{"line":437,"column":8},"end":{"line":437,"column":32}},{"start":{"line":437,"column":36},"end":{"line":437,"column":60}},{"start":{"line":437,"column":64},"end":{"line":437,"column":91}}],"line":437},"58":{"loc":{"start":{"line":440,"column":4},"end":{"line":440,"column":91}},"type":"if","locations":[{"start":{"line":440,"column":4},"end":{"line":440,"column":91}},{"start":{},"end":{}}],"line":440},"59":{"loc":{"start":{"line":440,"column":8},"end":{"line":440,"column":63}},"type":"binary-expr","locations":[{"start":{"line":440,"column":8},"end":{"line":440,"column":35}},{"start":{"line":440,"column":39},"end":{"line":440,"column":63}}],"line":440},"60":{"loc":{"start":{"line":441,"column":4},"end":{"line":441,"column":55}},"type":"if","locations":[{"start":{"line":441,"column":4},"end":{"line":441,"column":55}},{"start":{},"end":{}}],"line":441},"61":{"loc":{"start":{"line":442,"column":4},"end":{"line":442,"column":61}},"type":"if","locations":[{"start":{"line":442,"column":4},"end":{"line":442,"column":61}},{"start":{},"end":{}}],"line":442},"62":{"loc":{"start":{"line":479,"column":4},"end":{"line":479,"column":57}},"type":"if","locations":[{"start":{"line":479,"column":4},"end":{"line":479,"column":57}},{"start":{},"end":{}}],"line":479},"63":{"loc":{"start":{"line":480,"column":4},"end":{"line":480,"column":53}},"type":"if","locations":[{"start":{"line":480,"column":4},"end":{"line":480,"column":53}},{"start":{},"end":{}}],"line":480}},"s":{"0":1,"1":10,"2":10,"3":10,"4":10,"5":10,"6":10,"7":7,"8":2,"9":1,"10":1,"11":1,"12":0,"13":5,"14":5,"15":5,"16":1,"17":1,"18":0,"19":0,"20":0,"21":4,"22":1,"23":0,"24":1,"25":3,"26":1,"27":2,"28":1,"29":1,"30":1,"31":0,"32":0,"33":1,"34":0,"35":1,"36":1,"37":0,"38":0,"39":0,"40":0,"41":0,"42":0,"43":0,"44":0,"45":0,"46":0,"47":0,"48":0,"49":0,"50":0,"51":0,"52":0,"53":0,"54":0,"55":0,"56":0,"57":0,"58":0,"59":0,"60":33,"61":33,"62":1,"63":22,"64":22,"65":9,"66":2,"67":2,"68":7,"69":7,"70":7,"71":7,"72":0,"73":0,"74":0,"75":0,"76":0,"77":0,"78":0,"79":0,"80":0,"81":0,"82":0,"83":0,"84":0,"85":0,"86":0,"87":0,"88":0,"89":0,"90":0,"91":0,"92":0,"93":0,"94":0,"95":0,"96":0,"97":0,"98":0,"99":0,"100":0,"101":0,"102":0,"103":0},"f":{"0":10,"1":10,"2":7,"3":0,"4":0,"5":0,"6":0,"7":0,"8":33,"9":22,"10":0,"11":0,"12":0,"13":0},"b":{"0":[0],"1":[10,10],"2":[10,10],"3":[10,2,0],"4":[0],"5":[2,5],"6":[1,1],"7":[2,1],"8":[1,0],"9":[1,0],"10":[5,0],"11":[1,4],"12":[1,0],"13":[1,0],"14":[0,0],"15":[0,0],"16":[1,3],"17":[0,1],"18":[1,1],"19":[1,2],"20":[1,0],"21":[1,1],"22":[1,0,0],"23":[1,0],"24":[0,1],"25":[0,0,0],"26":[0,1],"27":[0,0],"28":[1,0],"29":[0,0,0],"30":[0],"31":[0,0],"32":[0,0],"33":[0,0],"34":[0,0],"35":[0,0],"36":[0],"37":[0,0],"38":[0,0],"39":[0,0],"40":[0,0],"41":[0,0],"42":[0],"43":[33,0],"44":[1,32],"45":[0],"46":[2,7],"47":[7,0],"48":[7,2,1],"49":[0,0],"50":[0,0],"51":[0,0],"52":[0,0],"53":[0,0],"54":[0,0],"55":[0,0],"56":[0,0],"57":[0,0,0],"58":[0,0],"59":[0,0],"60":[0,0],"61":[0,0],"62":[0,0],"63":[0,0]},"_coverageSchema":"1a1c01bbd47fc00a2c39e90264f33305004495a9","hash":"83092ae83cb9292b0bbbac4611e9e86eb917c234"}
[...]
nd":{"line":283,"column":93}}],"line":283},"52":{"loc":{"start":{"line":297,"column":16},"end":{"line":297,"column":37}},"type":"binary-expr","locations":[{"start":{"line":297,"column":16},"end":{"line":297,"column":27}},{"start":{"line":297,"column":31},"end":{"line":297,"column":37}}],"line":297},"53":{"loc":{"start":{"line":298,"column":22},"end":{"line":298,"column":51}},"type":"cond-expr","locations":[{"start":{"line":298,"column":42},"end":{"line":298,"column":45}},{"start":{"line":298,"column":48},"end":{"line":298,"column":51}}],"line":298},"54":{"loc":{"start":{"line":299,"column":24},"end":{"line":299,"column":55}},"type":"cond-expr","locations":[{"start":{"line":299,"column":46},"end":{"line":299,"column":49}},{"start":{"line":299,"column":52},"end":{"line":299,"column":55}}],"line":299},"55":{"loc":{"start":{"line":300,"column":15},"end":{"line":300,"column":32}},"type":"binary-expr","locations":[{"start":{"line":300,"column":15},"end":{"line":300,"column":25}},{"start":{"line":300,"column":29},"end":{"line":300,"column":32}}],"line":300},"56":{"loc":{"start":{"line":314,"column":4},"end":{"line":316,"column":5}},"type":"if","locations":[{"start":{"line":314,"column":4},"end":{"line":316,"column":5}},{"start":{},"end":{}}],"line":314},"57":{"loc":{"start":{"line":314,"column":8},"end":{"line":314,"column":77}},"type":"binary-expr","locations":[{"start":{"line":314,"column":8},"end":{"line":314,"column":16}},{"start":{"line":314,"column":20},"end":{"line":314,"column":39}},{"start":{"line":314,"column":43},"end":{"line":314,"column":77}}],"line":314},"58":{"loc":{"start":{"line":319,"column":33},"end":{"line":319,"column":93}},"type":"cond-expr","locations":[{"start":{"line":319,"column":73},"end":{"line":319,"column":89}},{"start":{"line":319,"column":92},"end":{"line":319,"column":93}}],"line":319},"59":{"loc":{"start":{"line":319,"column":33},"end":{"line":319,"column":70}},"type":"binary-expr","locations":[{"start":{"line":319,"column":33},"end":{"line":319,"column":42}},{"start":{"line":319,"column":46},"end":{"line":319,"column":70}}],"line":319},"60":{"loc":{"start":{"line":323,"column":4},"end":{"line":325,"column":5}},"type":"if","locations":[{"start":{"line":323,"column":4},"end":{"line":325,"column":5}},{"start":{},"end":{}}],"line":323},"61":{"loc":{"start":{"line":328,"column":33},"end":{"line":330,"column":15}},"type":"cond-expr","locations":[{"start":{"line":329,"column":14},"end":{"line":329,"column":69}},{"start":{"line":330,"column":14},"end":{"line":330,"column":15}}],"line":328},"62":{"loc":{"start":{"line":328,"column":33},"end":{"line":328,"column":70}},"type":"binary-expr","locations":[{"start":{"line":328,"column":33},"end":{"line":328,"column":42}},{"start":{"line":328,"column":46},"end":{"line":328,"column":70}}],"line":328},"63":{"loc":{"start":{"line":329,"column":39},"end":{"line":329,"column":61}},"type":"binary-expr","locations":[{"start":{"line":329,"column":39},"end":{"line":329,"column":43}},{"start":{"line":329,"column":47},"end":{"line":329,"column":61}}],"line":329},"64":{"loc":{"start":{"line":352,"column":20},"end":{"line":352,"column":65}},"type":"cond-expr","locations":[{"start":{"line":352,"column":48},"end":{"line":352,"column":54}},{"start":{"line":352,"column":57},"end":{"line":352,"column":65}}],"line":352},"65":{"loc":{"start":{"line":369,"column":27},"end":{"line":372,"column":14}},"type":"binary-expr","locations":[{"start":{"line":369,"column":27},"end":{"line":372,"column":9}},{"start":{"line":372,"column":13},"end":{"line":372,"column":14}}],"line":369},"66":{"loc":{"start":{"line":383,"column":4},"end":{"line":390,"column":5}},"type":"if","locations":[{"start":{"line":383,"column":4},"end":{"line":390,"column":5}},{"start":{},"end":{}}],"line":383},"67":{"loc":{"start":{"line":383,"column":8},"end":{"line":383,"column":29}},"type":"binary-expr","locations":[{"start":{"line":383,"column":8},"end":{"line":383,"column":17}},{"start":{"line":383,"column":21},"end":{"line":383,"column":29}}],"line":383},"68":{"loc":{"start":{"line":398,"column":12},"end":{"line":399,"column":80}},"type":"binary-expr","locations":[{"start":{"line":398,"column":12},"end":{"line":398,"column":45}},{"start":{"line":399,"column":12},"end":{"line":399,"column":80}}],"line":398},"69":{"loc":{"start":{"line":402,"column":21},"end":{"line":402,"column":76}},"type":"binary-expr","locations":[{"start":{"line":402,"column":21},"end":{"line":402,"column":71}},{"start":{"line":402,"column":75},"end":{"line":402,"column":76}}],"line":402},"70":{"loc":{"start":{"line":419,"column":4},"end":{"line":419,"column":31}},"type":"if","locations":[{"start":{"line":419,"column":4},"end":{"line":419,"column":31}},{"start":{},"end":{}}],"line":419},"71":{"loc":{"start":{"line":421,"column":17},"end":{"line":421,"column":72}},"type":"binary-expr","locations":[{"start":{"line":421,"column":17},"end":{"line":421,"column":67}},{"start":{"line":421,"column":71},"end":{"line":421,"column":72}}],"line":421},"72":{"loc":{"start":{"line":426,"column":55},"end":{"line":426,"column":79}},"type":"default-arg","locations":[{"start":{"line":426,"column":74},"end":{"line":426,"column":79}}],"line":426},"73":{"loc":{"start":{"line":426,"column":81},"end":{"line":426,"column":98}},"type":"default-arg","locations":[{"start":{"line":426,"column":94},"end":{"line":426,"column":98}}],"line":426},"74":{"loc":{"start":{"line":428,"column":4},"end":{"line":428,"column":31}},"type":"if","locations":[{"start":{"line":428,"column":4},"end":{"line":428,"column":31}},{"start":{},"end":{}}],"line":428},"75":{"loc":{"start":{"line":433,"column":32},"end":{"line":434,"column":54}},"type":"binary-expr","locations":[{"start":{"line":433,"column":32},"end":{"line":433,"column":43}},{"start":{"line":434,"column":12},"end":{"line":434,"column":54}}],"line":433},"76":{"loc":{"start":{"line":437,"column":29},"end":{"line":442,"column":12}},"type":"binary-expr","locations":[{"start":{"line":437,"column":29},"end":{"line":437,"column":46}},{"start":{"line":437,"column":50},"end":{"line":442,"column":12}}],"line":437},"77":{"loc":{"start":{"line":440,"column":19},"end":{"line":441,"column":65}},"type":"binary-expr","locations":[{"start":{"line":440,"column":19},"end":{"line":440,"column":59}},{"start":{"line":441,"column":19},"end":{"line":441,"column":65}}],"line":440},"78":{"loc":{"start":{"line":444,"column":15},"end":{"line":444,"column":46}},"type":"binary-expr","locations":[{"start":{"line":444,"column":15},"end":{"line":444,"column":30}},{"start":{"line":444,"column":34},"end":{"line":444,"column":46}}],"line":444},"79":{"loc":{"start":{"line":451,"column":21},"end":{"line":451,"column":76}},"type":"binary-expr","locations":[{"start":{"line":451,"column":21},"end":{"line":451,"column":71}},{"start":{"line":451,"column":75},"end":{"line":451,"column":76}}],"line":451},"80":{"loc":{"start":{"line":460,"column":4},"end":{"line":466,"column":5}},"type":"if","locations":[{"start":{"line":460,"column":4},"end":{"line":466,"column":5}},{"start":{},"end":{}}],"line":460},"81":{"loc":{"start":{"line":460,"column":8},"end":{"line":460,"column":28}},"type":"binary-expr","locations":[{"start":{"line":460,"column":8},"end":{"line":460,"column":16}},{"start":{"line":460,"column":20},"end":{"line":460,"column":28}}],"line":460},"82":{"loc":{"start":{"line":469,"column":22},"end":{"line":469,"column":68}},"type":"binary-expr","locations":[{"start":{"line":469,"column":22},"end":{"line":469,"column":34}},{"start":{"line":469,"column":38},"end":{"line":469,"column":48}},{"start":{"line":469,"column":52},"end":{"line":469,"column":68}}],"line":469},"83":{"loc":{"start":{"line":472,"column":8},"end":{"line":473,"column":46}},"type":"binary-expr","locations":[{"start":{"line":472,"column":8},"end":{"line":472,"column":19}},{"start":{"line":472,"column":23},"end":{"line":472,"column":45}},{"start":{"line":473,"column":9},"end":{"line":473,"column":45}}],"line":472},"84":{"loc":{"start":{"line":508,"column":45},"end":{"line":508,"column":61}},"type":"default-arg","locations":[{"start":{"line":508,"column":56},"end":{"line":508,"column":61}}],"line":508},"85":{"loc":{"start":{"line":515,"column":4},"end":{"line":517,"column":5}},"type":"if","locations":[{"start":{"line":515,"column":4},"end":{"line":517,"column":5}},{"start":{},"end":{}}],"line":515},"86":{"loc":{"start":{"line":515,"column":8},"end":{"line":515,"column":56}},"type":"binary-expr","locations":[{"start":{"line":515,"column":8},"end":{"line":515,"column":29}},{"start":{"line":515,"column":33},"end":{"line":515,"column":56}}],"line":515},"87":{"loc":{"start":{"line":520,"column":4},"end":{"line":560,"column":5}},"type":"if","locations":[{"start":{"line":520,"column":4},"end":{"line":560,"column":5}},{"start":{},"end":{}}],"line":520},"88":{"loc":{"start":{"line":524,"column":8},"end":{"line":540,"column":9}},"type":"if","locations":[{"start":{"line":524,"column":8},"end":{"line":540,"column":9}},{"start":{},"end":{}}],"line":524},"89":{"loc":{"start":{"line":529,"column":12},"end":{"line":539,"column":13}},"type":"if","locations":[{"start":{"line":529,"column":12},"end":{"line":539,"column":13}},{"start":{},"end":{}}],"line":529},"90":{"loc":{"start":{"line":536,"column":32},"end":{"line":536,"column":58}},"type":"binary-expr","locations":[{"start":{"line":536,"column":32},"end":{"line":536,"column":42}},{"start":{"line":536,"column":46},"end":{"line":536,"column":58}}],"line":536},"91":{"loc":{"start":{"line":543,"column":8},"end":{"line":559,"column":9}},"type":"if","locations":[{"start":{"line":543,"column":8},"end":{"line":559,"column":9}},{"start":{},"end":{}}],"line":543},"92":{"loc":{"start":{"line":548,"column":12},"end":{"line":558,"column":13}},"type":"if","locations":[{"start":{"line":548,"column":12},"end":{"line":558,"column":13}},{"start":{},"end":{}}],"line":548},"93":{"loc":{"start":{"line":555,"column":32},"end":{"line":555,"column":58}},"type":"binary-expr","locations":[{"start":{"line":555,"column":32},"end":{"line":555,"column":42}},{"start":{"line":555,"column":46},"end":{"line":555,"column":58}}],"line":555},"94":{"loc":{"start":{"line":563,"column":4},"end":{"line":593,"column":5}},"type":"if","locations":[{"start":{"line":563,"column":4},"end":{"line":593,"column":5}},{"start":{},"end":{}}],"line":563},"95":{"loc":{"start":{"line":563,"column":8},"end":{"line":563,"column":51}},"type":"binary-expr","locations":[{"start":{"line":563,"column":8},"end":{"line":563,"column":30}},{"start":{"line":563,"column":34},"end":{"line":563,"column":51}}],"line":563},"96":{"loc":{"start":{"line":566,"column":24},"end":{"line":566,"column":74}},"type":"cond-expr","locations":[{"start":{"line":566,"column":42},"end":{"line":566,"column":67}},{"start":{"line":566,"column":70},"end":{"line":566,"column":74}}],"line":566},"97":{"loc":{"start":{"line":569,"column":8},"end":{"line":592,"column":9}},"type":"if","locations":[{"start":{"line":569,"column":8},"end":{"line":592,"column":9}},{"start":{},"end":{}}],"line":569},"98":{"loc":{"start":{"line":569,"column":12},"end":{"line":569,"column":64}},"type":"binary-expr","locations":[{"start":{"line":569,"column":12},"end":{"line":569,"column":30}},{"start":{"line":569,"column":35},"end":{"line":569,"column":43}},{"start":{"line":569,"column":47},"end":{"line":569,"column":63}}],"line":569},"99":{"loc":{"start":{"line":579,"column":16},"end":{"line":581,"column":17}},"type":"if","locations":[{"start":{"line":579,"column":16},"end":{"line":581,"column":17}},{"start":{},"end":{}}],"line":579},"100":{"loc":{"start":{"line":579,"column":20},"end":{"line":579,"column":50}},"type":"binary-expr","locations":[{"start":{"line":579,"column":20},"end":{"line":579,"column":27}},{"start":{"line":579,"column":31},"end":{"line":579,"column":50}}],"line":579},"101":{"loc":{"start":{"line":588,"column":32},"end":{"line":588,"column":58}},"type":"binary-expr","locations":[{"start":{"line":588,"column":32},"end":{"line":588,"column":42}},{"start":{"line":588,"column":46},"end":{"line":588,"column":58}}],"line":588},"102":{"loc":{"start":{"line":617,"column":4},"end":{"line":619,"column":5}},"type":"if","locations":[{"start":{"line":617,"column":4},"end":{"line":619,"column":5}},{"start":{},"end":{}}],"line":617}},"s":{"0":0,"1":0,"2":0,"3":0,"4":0,"5":0,"6":0,"7":0,"8":0,"9":0,"10":0,"11":0,"12":0,"13":0,"14":0,"15":0,"16":0,"17":0,"18":0,"19":0,"20":0,"21":0,"22":0,"23":0,"24":0,"25":0,"26":0,"27":0,"28":0,"29":0,"30":0,"31":0,"32":0,"33":0,"34":0,"35":0,"36":0,"37":0,"38":0,"39":0,"40":0,"41":0,"42":0,"43":0,"44":0,"45":0,"46":0,"47":0,"48":0,"49":0,"50":0,"51":0,"52":0,"53":0,"54":0,"55":0,"56":0,"57":0,"58":0,"59":0,"60":0,"61":0,"62":0,"63":0,"64":0,"65":0,"66":0,"67":0,"68":0,"69":0,"70":0,"71":0,"72":0,"73":0,"74":0,"75":0,"76":0,"77":0,"78":0,"79":0,"80":0,"81":0,"82":0,"83":0,"84":0,"85":0,"86":0,"87":0,"88":0,"89":0,"90":0,"91":0,"92":0,"93":0,"94":0,"95":0,"96":0,"97":0,"98":0,"99":0,"100":0,"101":0,"102":0,"103":0,"104":0,"105":0,"106":0,"107":0,"108":0,"109":0,"110":0,"111":0,"112":0,"113":0,"114":0,"115":0,"116":0,"117":0,"118":0,"119":0,"120":0,"121":0,"122":0,"123":0,"124":0,"125":0,"126":0,"127":0,"128":0,"129":0,"130":0,"131":0,"132":0,"133":0,"134":0,"135":0,"136":0,"137":0,"138":0,"139":0,"140":0,"141":0,"142":0,"143":0,"144":0,"145":0,"146":0,"147":0,"148":0,"149":0,"150":0,"151":0,"152":0,"153":0,"154":0,"155":0,"156":0,"157":0,"158":0,"159":0,"160":0,"161":0,"162":0,"163":0},"f":{"0":0,"1":0,"2":0,"3":0,"4":0,"5":0,"6":0,"7":0,"8":0,"9":0,"10":0,"11":0,"12":0,"13":0,"14":0,"15":0,"16":0,"17":0,"18":0,"19":0,"20":0,"21":0,"22":0,"23":0,"24":0,"25":0,"26":0,"27":0,"28":0,"29":0,"30":0,"31":0,"32":0,"33":0,"34":0,"35":0,"36":0,"37":0,"38":0,"39":0,"40":0,"41":0,"42":0,"43":0,"44":0,"45":0,"46":0,"47":0,"48":0,"49":0,"50":0,"51":0,"52":0,"53":0,"54":0},"b":{"0":[0,0],"1":[0],"2":[0,0],"3":[0,0],"4":[0,0],"5":[0,0],"6":[0,0],"7":[0,0],"8":[0,0],"9":[0,0],"10":[0,0],"11":[0,0],"12":[0,0],"13":[0,0],"14":[0,0],"15":[0,0],"16":[0,0],"17":[0,0],"18":[0,0],"19":[0,0],"20":[0,0],"21":[0,0],"22":[0,0],"23":[0,0],"24":[0,0],"25":[0,0],"26":[0,0],"27":[0,0],"28":[0,0],"29":[0,0],"30":[0,0],"31":[0,0],"32":[0,0],"33":[0,0],"34":[0,0],"35":[0,0],"36":[0,0],"37":[0,0],"38":[0,0,0],"39":[0,0],"40":[0,0],"41":[0,0],"42":[0,0,0],"43":[0,0],"44":[0,0],"45":[0,0,0,0],"46":[0,0],"47":[0,0],"48":[0,0],"49":[0,0],"50":[0,0],"51":[0,0],"52":[0,0],"53":[0,0],"54":[0,0],"55":[0,0],"56":[0,0],"57":[0,0,0],"58":[0,0],"59":[0,0],"60":[0,0],"61":[0,0],"62":[0,0],"63":[0,0],"64":[0,0],"65":[0,0],"66":[0,0],"67":[0,0],"68":[0,0],"69":[0,0],"70":[0,0],"71":[0,0],"72":[0],"73":[0],"74":[0,0],"75":[0,0],"76":[0,0],"77":[0,0],"78":[0,0],"79":[0,0],"80":[0,0],"81":[0,0],"82":[0,0,0],"83":[0,0,0],"84":[0],"85":[0,0],"86":[0,0],"87":[0,0],"88":[0,0],"89":[0,0],"90":[0,0],"91":[0,0],"92":[0,0],"93":[0,0],"94":[0,0],"95":[0,0],"96":[0,0],"97":[0,0],"98":[0,0,0],"99":[0,0],"100":[0,0],"101":[0,0],"102":[0,0]},"_coverageSchema":"1a1c01bbd47fc00a2c39e90264f33305004495a9","hash":"d890ef69541ca50cc0d4570a1d2d9c14eb3ea43b"}
,"/Users/marcusswift/javascript/clarityCrmFrontend/src/services/syncTrackingService.js": {"path":"/Users/marcusswift/javascript/clarityCrmFrontend/src/services/syncTrackingService.js","statementMap":{"0":{"start":{"line":15,"column":2},"end":{"line":15,"column":67}},"1":{"start":{"line":29,"column":2},"end":{"line":42,"column":3}},"2":{"start":{"line":30,"column":16},"end":{"line":30,"column":70}},"3":{"start":{"line":31,"column":25},"end":{"line":36,"column":5}},"4":{"start":{"line":38,"column":4},"end":{"line":38,"column":62}},"5":{"start":{"line":39,"column":4},"end":{"line":39,"column":154}},"6":{"start":{"line":41,"column":4},"end":{"line":41,"column":57}},"7":{"start":{"line":53,"column":2},"end":{"line":65,"column":3}},"8":{"start":{"line":54,"column":16},"end":{"line":54,"column":70}},"9":{"start":{"line":55,"column":17},"end":{"line":55,"column":44}},"10":{"start":{"line":57,"column":4},"end":{"line":59,"column":5}},"11":{"start":{"line":58,"column":6},"end":{"line":58,"column":18}},"12":{"start":{"line":61,"column":4},"end":{"line":61,"column":28}},"13":{"start":{"line":63,"column":4},"end":{"line":63,"column":57}},"14":{"start":{"line":64,"column":4},"end":{"line":64,"column":16}},"15":{"start":{"line":75,"column":2},"end":{"line":81,"column":3}},"16":{"start":{"line":76,"column":16},"end":{"line":76,"column":70}},"17":{"start":{"line":77,"column":4},"end":{"line":77,"column":35}},"18":{"start":{"line":78,"column":4},"end":{"line":78,"column":90}},"19":{"start":{"line":80,"column":4},"end":{"line":80,"column":58}},"20":{"start":{"line":92,"column":19},"end":{"line":92,"column":70}},"21":{"start":{"line":94,"column":2},"end":{"line":96,"column":3}},"22":{"start":{"line":95,"column":4},"end":{"line":95,"column":17}},"23":{"start":{"line":98,"column":2},"end":{"line":98,"column":102}},"24":{"start":{"line":109,"column":19},"end":{"line":109,"column":70}},"25":{"start":{"line":111,"column":2},"end":{"line":119,"column":3}},"26":{"start":{"line":112,"column":4},"end":{"line":118,"column":6}},"27":{"start":{"line":121,"column":2},"end":{"line":127,"column":4}}},"fnMap":{"0":{"name":"getSyncTrackingKey","decl":{"start":{"line":14,"column":9},"end":{"line":14,"column":27}},"loc":{"start":{"line":14,"column":64},"end":{"line":16,"column":1}},"line":14},"1":{"name":"storeSyncTracking","decl":{"start":{"line":28,"column":16},"end":{"line":28,"column":33}},"loc":{"start":{"line":28,"column":80},"end":{"line":43,"column":1}},"line":28},"2":{"name":"getSyncTracking","decl":{"start":{"line":52,"column":16},"end":{"line":52,"column":31}},"loc":{"start":{"line":52,"column":68},"end":{"line":66,"column":1}},"line":52},"3":{"name":"clearSyncTracking","decl":{"start":{"line":74,"column":16},"end":{"line":74,"column":33}},"loc":{"start":{"line":74,"column":70},"end":{"line":82,"column":1}},"line":74},"4":{"name":"hasPendingSync","decl":{"start":{"line":91,"column":16},"end":{"line":91,"column":30}},"loc":{"start":{"line":91,"column":67},"end":{"line":99,"column":1}},"line":91},"5":{"name":"getPendingSyncSummary","decl":{"start":{"line":108,"column":16},"end":{"line":108,"column":37}},"loc":{"start":{"line":108,"column":74},"end":{"line":128,"column":1}},"line":108}},"branchMap":{"0":{"loc":{"start":{"line":57,"column":4},"end":{"line":59,"column":5}},"type":"if","locations":[{"start":{"line":57,"column":4},"end":{"line":59,"column":5}},{"start":{},"end":{}}],"line":57},"1":{"loc":{"start":{"line":94,"column":2},"end":{"line":96,"column":3}},"type":"if","locations":[{"start":{"line":94,"column":2},"end":{"line":96,"column":3}},{"start":{},"end":{}}],"line":94},"2":{"loc":{"start":{"line":98,"column":9},"end":{"line":98,"column":101}},"type":"binary-expr","locations":[{"start":{"line":98,"column":9},"end":{"line":98,"column":37}},{"start":{"line":98,"column":41},"end":{"line":98,"column":69}},{"start":{"line":98,"column":73},"end":{"line":98,"column":101}}],"line":98},"3":{"loc":{"start":{"line":111,"column":2},"end":{"line":119,"column":3}},"type":"if","locations":[{"start":{"line":111,"column":2},"end":{"line":119,"column":3}},{"start":{},"end":{}}],"line":111},"4":{"loc":{"start":{"line":122,"column":16},"end":{"line":122,"column":108}},"type":"binary-expr","locations":[{"start":{"line":122,"column":16},"end":{"line":122,"column":44}},{"start":{"line":122,"column":48},"end":{"line":122,"column":76}},{"start":{"line":122,"column":80},"end":{"line":122,"column":108}}],"line":122}},"s":{"0":0,"1":0,"2":0,"3":0,"4":0,"5":0,"6":0,"7":0,"8":0,"9":0,"10":0,"11":0,"12":0,"13":0,"14":0,"15":0,"16":0,"17":0,"18":0,"19":0,"20":0,"21":0,"22":0,"23":0,"24":0,"25":0,"26":0,"27":0},"f":{"0":0,"1":0,"2":0,"3":0,"4":0,"5":0},"b":{"0":[0,0],"1":[0,0],"2":[0,0,0],"3":[0,0],"4":[0,0,0]},"_coverageSchema":"1a1c01bbd47fc00a2c39e90264f33305004495a9","hash":"af7b8d90b2a40bb9b89eaabb8a826fe4abd995fe"}
}
