TN:
SF:src/api/customers.js
FN:16,normalizeCustomerData
FN:24,(anonymous_1)
FN:50,fetchCustomers
FN:51,(anonymous_3)
FN:61,(anonymous_4)
FN:103,fetchCustomerById
FN:104,(anonymous_6)
FN:115,(anonymous_7)
FN:138,updateCustomer
FN:139,(anonymous_9)
FN:150,(anonymous_10)
FN:173,createCustomer
FN:174,(anonymous_12)
FN:185,(anonymous_13)
FN:208,toggleCustomerStatus
FN:209,(anonymous_15)
FN:220,(anonymous_16)
FN:246,fetchActiveCustomers
FN:247,(anonymous_18)
FN:257,(anonymous_19)
FN:279,deleteCustomer
FN:280,(anonymous_21)
FN:291,(anonymous_22)
FN:315,searchCustomers
FN:316,(anonymous_24)
FN:340,(anonymous_25)
FNF:26
FNH:25
FNDA:24,normalizeCustomerData
FNDA:8,(anonymous_1)
FNDA:16,fetchCustomers
FNDA:16,(anonymous_3)
FNDA:5,(anonymous_4)
FNDA:7,fetchCustomerById
FNDA:7,(anonymous_6)
FNDA:1,(anonymous_7)
FNDA:5,updateCustomer
FNDA:5,(anonymous_9)
FNDA:1,(anonymous_10)
FNDA:5,createCustomer
FNDA:5,(anonymous_12)
FNDA:1,(anonymous_13)
FNDA:2,toggleCustomerStatus
FNDA:2,(anonymous_15)
FNDA:0,(anonymous_16)
FNDA:2,fetchActiveCustomers
FNDA:2,(anonymous_18)
FNDA:1,(anonymous_19)
FNDA:4,deleteCustomer
FNDA:4,(anonymous_21)
FNDA:1,(anonymous_22)
FNDA:8,searchCustomers
FNDA:8,(anonymous_24)
FNDA:52,(anonymous_25)
DA:17,24
DA:19,0
DA:23,24
DA:24,11
DA:31,13
DA:51,16
DA:52,16
DA:55,16
DA:56,11
DA:59,15
DA:61,5
DA:62,5
DA:68,5
DA:72,10
DA:79,10
DA:80,1
DA:82,10
DA:83,1
DA:85,10
DA:86,1
DA:88,10
DA:89,1
DA:92,10
DA:93,6
DA:104,7
DA:105,7
DA:106,7
DA:109,7
DA:110,6
DA:113,7
DA:115,1
DA:116,1
DA:122,1
DA:126,6
DA:127,5
DA:139,5
DA:140,5
DA:141,5
DA:144,5
DA:145,4
DA:148,5
DA:150,1
DA:151,1
DA:158,1
DA:162,4
DA:163,3
DA:174,5
DA:175,5
DA:176,5
DA:179,5
DA:180,4
DA:183,5
DA:185,1
DA:186,1
DA:192,1
DA:196,4
DA:197,3
DA:209,2
DA:210,2
DA:211,2
DA:214,2
DA:215,2
DA:218,2
DA:220,0
DA:221,0
DA:230,0
DA:234,2
DA:237,2
DA:247,2
DA:248,2
DA:251,2
DA:252,1
DA:255,2
DA:257,1
DA:258,1
DA:264,1
DA:268,1
DA:269,1
DA:280,4
DA:281,4
DA:282,4
DA:285,4
DA:286,3
DA:289,4
DA:291,1
DA:292,1
DA:298,1
DA:302,3
DA:303,3
DA:316,8
DA:317,8
DA:318,8
DA:321,8
DA:322,2
DA:330,6
DA:331,4
DA:334,6
DA:336,2
DA:337,2
DA:340,2
DA:341,52
DA:342,52
DA:343,52
DA:344,52
DA:345,52
DA:347,52
DA:354,2
DA:355,2
DA:362,4
DA:367,4
DA:368,4
LF:111
LH:107
BRDA:17,0,0,0
BRDA:17,0,1,24
BRDA:23,1,0,11
BRDA:23,1,1,13
BRDA:25,2,0,8
BRDA:25,2,1,0
BRDA:26,3,0,8
BRDA:26,3,1,0
BRDA:32,4,0,13
BRDA:32,4,1,7
BRDA:33,5,0,13
BRDA:33,5,1,7
BRDA:50,6,0,14
BRDA:55,7,0,11
BRDA:55,7,1,5
BRDA:59,8,0,5
BRDA:59,8,1,10
BRDA:73,9,0,10
BRDA:73,9,1,9
BRDA:74,10,0,10
BRDA:74,10,1,10
BRDA:79,11,0,1
BRDA:79,11,1,9
BRDA:82,12,0,1
BRDA:82,12,1,9
BRDA:85,13,0,1
BRDA:85,13,1,9
BRDA:88,14,0,1
BRDA:88,14,1,9
BRDA:93,15,0,6
BRDA:93,15,1,0
BRDA:109,16,0,6
BRDA:109,16,1,1
BRDA:113,17,0,1
BRDA:113,17,1,6
BRDA:127,18,0,5
BRDA:127,18,1,0
BRDA:144,19,0,4
BRDA:144,19,1,1
BRDA:148,20,0,1
BRDA:148,20,1,4
BRDA:163,21,0,3
BRDA:163,21,1,0
BRDA:179,22,0,4
BRDA:179,22,1,1
BRDA:183,23,0,1
BRDA:183,23,1,4
BRDA:197,24,0,3
BRDA:197,24,1,0
BRDA:214,25,0,2
BRDA:214,25,1,0
BRDA:218,26,0,0
BRDA:218,26,1,2
BRDA:226,27,0,0
BRDA:226,27,1,0
BRDA:235,28,0,1
BRDA:235,28,1,1
BRDA:237,29,0,2
BRDA:237,29,1,0
BRDA:251,30,0,1
BRDA:251,30,1,1
BRDA:255,31,0,1
BRDA:255,31,1,1
BRDA:269,32,0,1
BRDA:269,32,1,0
BRDA:285,33,0,3
BRDA:285,33,1,1
BRDA:289,34,0,1
BRDA:289,34,1,3
BRDA:303,35,0,3
BRDA:303,35,1,0
BRDA:315,36,0,5
BRDA:321,37,0,2
BRDA:321,37,1,6
BRDA:321,38,0,8
BRDA:321,38,1,7
BRDA:330,39,0,4
BRDA:330,39,1,2
BRDA:334,40,0,2
BRDA:334,40,1,4
BRDA:340,41,0,2
BRDA:340,41,1,0
BRDA:341,42,0,52
BRDA:341,42,1,0
BRDA:342,43,0,52
BRDA:342,43,1,0
BRDA:343,44,0,52
BRDA:343,44,1,50
BRDA:344,45,0,52
BRDA:344,45,1,50
BRDA:345,46,0,52
BRDA:345,46,1,50
BRDA:347,47,0,52
BRDA:347,47,1,1
BRDA:347,47,2,1
BRDA:347,47,3,1
BRDA:354,48,0,2
BRDA:354,48,1,1
BRDA:364,49,0,4
BRDA:364,49,1,2
BRDA:368,50,0,4
BRDA:368,50,1,0
BRF:102
BRH:84
end_of_record
TN:
SF:src/api/financialRecords.js
FN:7,getCurrentDateInfo
FN:37,getLastMonthInfo
FN:52,getQuarterMonths
FN:66,getYearMonths
FN:67,(anonymous_4)
FN:78,buildFinancialQuery
FN:111,fetchFinancialRecords
FN:114,(anonymous_7)
FN:182,(anonymous_8)
FN:194,(anonymous_9)
FN:215,(anonymous_10)
FN:241,fetchUnpaidRecords
FN:242,(anonymous_12)
FN:262,fetchMonthlyRecords
FN:265,(anonymous_14)
FN:285,fetchQuarterlyRecords
FN:288,(anonymous_16)
FN:290,(anonymous_17)
FN:311,fetchYearlyRecords
FN:314,(anonymous_19)
FN:316,(anonymous_20)
FN:336,fetchFinancialRecordByRecordId
FN:339,(anonymous_22)
FN:355,fetchFinancialRecordByUUID
FN:358,(anonymous_24)
FN:375,updateFinancialRecordBilledStatus
FN:378,(anonymous_26)
FN:398,bulkUpdateFinancialRecordsBilledStatus
FN:405,(anonymous_28)
FN:415,(anonymous_29)
FN:438,(anonymous_30)
FN:442,(anonymous_31)
FN:464,fetchRecordsForDateRange
FN:467,(anonymous_33)
FN:494,convertToFileMakerDate
FNF:35
FNH:0
FNDA:0,getCurrentDateInfo
FNDA:0,getLastMonthInfo
FNDA:0,getQuarterMonths
FNDA:0,getYearMonths
FNDA:0,(anonymous_4)
FNDA:0,buildFinancialQuery
FNDA:0,fetchFinancialRecords
FNDA:0,(anonymous_7)
FNDA:0,(anonymous_8)
FNDA:0,(anonymous_9)
FNDA:0,(anonymous_10)
FNDA:0,fetchUnpaidRecords
FNDA:0,(anonymous_12)
FNDA:0,fetchMonthlyRecords
FNDA:0,(anonymous_14)
FNDA:0,fetchQuarterlyRecords
FNDA:0,(anonymous_16)
FNDA:0,(anonymous_17)
FNDA:0,fetchYearlyRecords
FNDA:0,(anonymous_19)
FNDA:0,(anonymous_20)
FNDA:0,fetchFinancialRecordByRecordId
FNDA:0,(anonymous_22)
FNDA:0,fetchFinancialRecordByUUID
FNDA:0,(anonymous_24)
FNDA:0,updateFinancialRecordBilledStatus
FNDA:0,(anonymous_26)
FNDA:0,bulkUpdateFinancialRecordsBilledStatus
FNDA:0,(anonymous_28)
FNDA:0,(anonymous_29)
FNDA:0,(anonymous_30)
FNDA:0,(anonymous_31)
FNDA:0,fetchRecordsForDateRange
FNDA:0,(anonymous_33)
FNDA:0,convertToFileMakerDate
DA:8,0
DA:9,0
DA:10,0
DA:11,0
DA:14,0
DA:18,0
DA:19,0
DA:20,0
DA:21,0
DA:22,0
DA:24,0
DA:38,0
DA:39,0
DA:40,0
DA:41,0
DA:43,0
DA:53,0
DA:54,0
DA:67,0
DA:79,0
DA:82,0
DA:83,0
DA:87,0
DA:88,0
DA:92,0
DA:93,0
DA:97,0
DA:98,0
DA:101,0
DA:112,0
DA:114,0
DA:115,0
DA:117,0
DA:120,0
DA:121,0
DA:122,0
DA:123,0
DA:124,0
DA:126,0
DA:131,0
DA:134,0
DA:135,0
DA:141,0
DA:144,0
DA:145,0
DA:146,0
DA:149,0
DA:150,0
DA:153,0
DA:154,0
DA:155,0
DA:159,0
DA:160,0
DA:161,0
DA:164,0
DA:165,0
DA:166,0
DA:167,0
DA:170,0
DA:171,0
DA:172,0
DA:175,0
DA:182,0
DA:188,0
DA:190,0
DA:191,0
DA:192,0
DA:194,0
DA:199,0
DA:202,0
DA:203,0
DA:204,0
DA:207,0
DA:210,0
DA:213,0
DA:215,0
DA:220,0
DA:223,0
DA:226,0
DA:232,0
DA:242,0
DA:243,0
DA:245,0
DA:251,0
DA:263,0
DA:265,0
DA:266,0
DA:268,0
DA:274,0
DA:286,0
DA:288,0
DA:289,0
DA:290,0
DA:295,0
DA:301,0
DA:312,0
DA:314,0
DA:315,0
DA:316,0
DA:321,0
DA:327,0
DA:337,0
DA:339,0
DA:340,0
DA:346,0
DA:356,0
DA:358,0
DA:359,0
DA:365,0
DA:376,0
DA:378,0
DA:379,0
DA:388,0
DA:399,0
DA:401,0
DA:402,0
DA:405,0
DA:407,0
DA:408,0
DA:409,0
DA:411,0
DA:412,0
DA:415,0
DA:416,0
DA:417,0
DA:426,0
DA:427,0
DA:429,0
DA:430,0
DA:434,0
DA:435,0
DA:438,0
DA:439,0
DA:442,0
DA:443,0
DA:445,0
DA:447,0
DA:465,0
DA:467,0
DA:469,0
DA:470,0
DA:472,0
DA:475,0
DA:479,0
DA:485,0
DA:495,0
DA:496,0
LF:147
LH:0
BRDA:18,0,0,0
BRDA:18,0,1,0
BRDA:78,1,0,0
BRDA:82,2,0,0
BRDA:82,2,1,0
BRDA:82,3,0,0
BRDA:82,3,1,0
BRDA:87,4,0,0
BRDA:87,4,1,0
BRDA:92,5,0,0
BRDA:92,5,1,0
BRDA:97,6,0,0
BRDA:97,6,1,0
BRDA:111,7,0,0
BRDA:111,8,0,0
BRDA:117,9,0,0
BRDA:117,9,1,0
BRDA:117,9,2,0
BRDA:117,9,3,0
BRDA:117,9,4,0
BRDA:117,9,5,0
BRDA:117,9,6,0
BRDA:117,9,7,0
BRDA:128,10,0,0
BRDA:128,10,1,0
BRDA:129,11,0,0
BRDA:129,11,1,0
BRDA:138,12,0,0
BRDA:138,12,1,0
BRDA:139,13,0,0
BRDA:139,13,1,0
BRDA:170,14,0,0
BRDA:170,14,1,0
BRDA:196,15,0,0
BRDA:196,15,1,0
BRDA:197,16,0,0
BRDA:197,16,1,0
BRDA:217,17,0,0
BRDA:217,17,1,0
BRDA:218,18,0,0
BRDA:218,18,1,0
BRDA:241,19,0,0
BRDA:262,20,0,0
BRDA:285,21,0,0
BRDA:292,22,0,0
BRDA:292,22,1,0
BRDA:311,23,0,0
BRDA:318,24,0,0
BRDA:318,24,1,0
BRDA:375,25,0,0
BRDA:398,26,0,0
BRDA:401,27,0,0
BRDA:401,27,1,0
BRDA:401,28,0,0
BRDA:401,28,1,0
BRF:55
BRH:0
end_of_record
TN:
SF:src/errors/customerErrors.js
FN:63,(anonymous_0)
FN:78,getUserFriendlyMessage
FN:128,parseHttpError
FN:262,parseFileMakerError
FN:302,parseValidationError
FN:306,(anonymous_5)
FN:315,(anonymous_6)
FN:324,(anonymous_7)
FN:346,checkOrganizationScope
FN:365,withErrorHandling
FN:405,formatErrorForUI
FN:434,getErrorTitle
FN:451,isRetryable
FN:467,getErrorSeverity
FNF:14
FNH:5
FNDA:10,(anonymous_0)
FNDA:10,getUserFriendlyMessage
FNDA:7,parseHttpError
FNDA:0,parseFileMakerError
FNDA:0,parseValidationError
FNDA:0,(anonymous_5)
FNDA:0,(anonymous_6)
FNDA:0,(anonymous_7)
FNDA:33,checkOrganizationScope
FNDA:22,withErrorHandling
FNDA:0,formatErrorForUI
FNDA:0,getErrorTitle
FNDA:0,isRetryable
FNDA:0,getErrorSeverity
DA:18,1
DA:64,10
DA:65,10
DA:66,10
DA:67,10
DA:79,10
DA:119,10
DA:130,7
DA:131,2
DA:132,1
DA:139,1
DA:140,1
DA:147,0
DA:154,5
DA:155,5
DA:158,5
DA:159,1
DA:160,1
DA:167,0
DA:168,0
DA:175,0
DA:183,4
DA:184,1
DA:185,0
DA:192,1
DA:200,3
DA:201,1
DA:209,2
DA:210,1
DA:212,1
DA:220,1
DA:221,0
DA:223,0
DA:231,1
DA:232,0
DA:240,1
DA:241,1
DA:249,0
DA:263,0
DA:265,0
DA:266,0
DA:273,0
DA:274,0
DA:281,0
DA:282,0
DA:289,0
DA:303,0
DA:306,0
DA:307,0
DA:308,0
DA:315,0
DA:316,0
DA:317,0
DA:324,0
DA:325,0
DA:326,0
DA:333,0
DA:347,33
DA:348,33
DA:349,1
DA:366,22
DA:367,22
DA:370,9
DA:371,2
DA:372,2
DA:376,7
DA:377,7
DA:378,7
DA:379,7
DA:383,0
DA:384,0
DA:385,0
DA:386,0
DA:390,0
DA:395,0
DA:396,0
DA:406,0
DA:407,0
DA:418,0
DA:435,0
DA:436,0
DA:437,0
DA:438,0
DA:440,0
DA:441,0
DA:442,0
DA:443,0
DA:452,0
DA:459,0
DA:468,0
DA:473,0
DA:479,0
DA:480,0
DA:482,0
LF:94
LH:41
BRDA:63,0,0,0
BRDA:95,1,0,10
BRDA:95,1,1,10
BRDA:98,2,0,10
BRDA:98,2,1,10
BRDA:119,3,0,10
BRDA:119,3,1,2
BRDA:119,3,2,0
BRDA:128,4,0,0
BRDA:130,5,0,2
BRDA:130,5,1,5
BRDA:131,6,0,1
BRDA:131,6,1,1
BRDA:131,7,0,2
BRDA:131,7,1,1
BRDA:139,8,0,1
BRDA:139,8,1,0
BRDA:139,9,0,1
BRDA:139,9,1,0
BRDA:155,10,0,5
BRDA:155,10,1,0
BRDA:158,11,0,1
BRDA:158,11,1,4
BRDA:159,12,0,1
BRDA:159,12,1,0
BRDA:159,13,0,1
BRDA:159,13,1,0
BRDA:167,14,0,0
BRDA:167,14,1,0
BRDA:167,15,0,0
BRDA:167,15,1,0
BRDA:183,16,0,1
BRDA:183,16,1,3
BRDA:184,17,0,0
BRDA:184,17,1,1
BRDA:184,18,0,1
BRDA:184,18,1,1
BRDA:200,19,0,1
BRDA:200,19,1,2
BRDA:202,20,0,1
BRDA:202,20,1,0
BRDA:209,21,0,1
BRDA:209,21,1,1
BRDA:210,22,0,1
BRDA:210,22,1,0
BRDA:210,22,2,0
BRDA:213,23,0,1
BRDA:213,23,1,0
BRDA:220,24,0,0
BRDA:220,24,1,1
BRDA:221,25,0,0
BRDA:221,25,1,0
BRDA:221,25,2,0
BRDA:231,26,0,0
BRDA:231,26,1,1
BRDA:233,27,0,0
BRDA:233,27,1,0
BRDA:240,28,0,1
BRDA:240,28,1,0
BRDA:250,29,0,0
BRDA:250,29,1,0
BRDA:250,29,2,0
BRDA:262,30,0,0
BRDA:263,31,0,0
BRDA:263,31,1,0
BRDA:265,32,0,0
BRDA:265,32,1,0
BRDA:265,33,0,0
BRDA:265,33,1,0
BRDA:273,34,0,0
BRDA:273,34,1,0
BRDA:281,35,0,0
BRDA:281,35,1,0
BRDA:302,36,0,0
BRDA:303,37,0,0
BRDA:303,37,1,0
BRDA:307,38,0,0
BRDA:307,38,1,0
BRDA:316,39,0,0
BRDA:316,39,1,0
BRDA:325,40,0,0
BRDA:325,40,1,0
BRDA:334,41,0,0
BRDA:334,41,1,0
BRDA:346,42,0,0
BRDA:347,43,0,33
BRDA:347,43,1,0
BRDA:348,44,0,1
BRDA:348,44,1,32
BRDA:365,45,0,0
BRDA:370,46,0,2
BRDA:370,46,1,7
BRDA:376,47,0,7
BRDA:376,47,1,0
BRDA:376,48,0,7
BRDA:376,48,1,2
BRDA:376,48,2,1
BRDA:383,49,0,0
BRDA:383,49,1,0
BRDA:383,50,0,0
BRDA:383,50,1,0
BRDA:391,51,0,0
BRDA:391,51,1,0
BRDA:406,52,0,0
BRDA:406,52,1,0
BRDA:420,53,0,0
BRDA:420,53,1,0
BRDA:435,54,0,0
BRDA:435,54,1,0
BRDA:436,55,0,0
BRDA:436,55,1,0
BRDA:437,56,0,0
BRDA:437,56,1,0
BRDA:437,57,0,0
BRDA:437,57,1,0
BRDA:437,57,2,0
BRDA:440,58,0,0
BRDA:440,58,1,0
BRDA:440,59,0,0
BRDA:440,59,1,0
BRDA:441,60,0,0
BRDA:441,60,1,0
BRDA:442,61,0,0
BRDA:442,61,1,0
BRDA:479,62,0,0
BRDA:479,62,1,0
BRDA:480,63,0,0
BRDA:480,63,1,0
BRF:128
BRH:43
end_of_record
TN:
SF:src/services/billableHoursService.js
FN:12,processFinancialData
FN:21,(anonymous_1)
FN:29,(anonymous_2)
FN:34,(anonymous_3)
FN:69,(anonymous_4)
FN:106,calculateAmount
FN:121,formatFinancialRecordForDisplay
FN:151,formatHours
FN:160,formatDate
FN:181,groupRecordsByCustomer
FN:183,(anonymous_10)
FN:191,(anonymous_11)
FN:200,(anonymous_12)
FN:246,groupRecordsByProject
FN:250,(anonymous_14)
FN:251,(anonymous_15)
FN:255,(anonymous_16)
FN:260,(anonymous_17)
FN:288,calculateTotals
FN:289,(anonymous_19)
FN:317,calculateMonthlyTotals
FN:321,(anonymous_21)
FN:342,(anonymous_22)
FN:372,(anonymous_23)
FN:384,getMonthLabel
FN:395,prepareChartData
FN:402,(anonymous_26)
FN:405,(anonymous_27)
FN:418,(anonymous_28)
FN:419,(anonymous_29)
FN:425,(anonymous_30)
FN:431,(anonymous_31)
FN:432,(anonymous_32)
FN:438,(anonymous_33)
FN:448,(anonymous_34)
FN:452,(anonymous_35)
FN:460,(anonymous_36)
FN:468,(anonymous_37)
FN:507,(anonymous_38)
FN:513,(anonymous_39)
FN:516,(anonymous_40)
FN:517,(anonymous_41)
FN:522,(anonymous_42)
FN:525,(anonymous_43)
FN:526,(anonymous_44)
FN:531,(anonymous_45)
FN:534,(anonymous_46)
FN:541,(anonymous_47)
FN:549,(anonymous_48)
FN:553,(anonymous_49)
FN:573,(anonymous_50)
FN:576,(anonymous_51)
FN:583,(anonymous_52)
FN:591,(anonymous_53)
FN:614,validateFinancialRecordData
FN:634,formatFinancialRecordForFileMaker
FN:653,sortRecordsByDate
FN:654,(anonymous_57)
FN:670,sortRecordsByAmount
FN:671,(anonymous_59)
FN:684,filterRecordsByBilledStatus
FN:685,(anonymous_61)
FN:695,filterRecordsByDateRange
FN:699,(anonymous_63)
FNF:64
FNH:0
FNDA:0,processFinancialData
FNDA:0,(anonymous_1)
FNDA:0,(anonymous_2)
FNDA:0,(anonymous_3)
FNDA:0,(anonymous_4)
FNDA:0,calculateAmount
FNDA:0,formatFinancialRecordForDisplay
FNDA:0,formatHours
FNDA:0,formatDate
FNDA:0,groupRecordsByCustomer
FNDA:0,(anonymous_10)
FNDA:0,(anonymous_11)
FNDA:0,(anonymous_12)
FNDA:0,groupRecordsByProject
FNDA:0,(anonymous_14)
FNDA:0,(anonymous_15)
FNDA:0,(anonymous_16)
FNDA:0,(anonymous_17)
FNDA:0,calculateTotals
FNDA:0,(anonymous_19)
FNDA:0,calculateMonthlyTotals
FNDA:0,(anonymous_21)
FNDA:0,(anonymous_22)
FNDA:0,(anonymous_23)
FNDA:0,getMonthLabel
FNDA:0,prepareChartData
FNDA:0,(anonymous_26)
FNDA:0,(anonymous_27)
FNDA:0,(anonymous_28)
FNDA:0,(anonymous_29)
FNDA:0,(anonymous_30)
FNDA:0,(anonymous_31)
FNDA:0,(anonymous_32)
FNDA:0,(anonymous_33)
FNDA:0,(anonymous_34)
FNDA:0,(anonymous_35)
FNDA:0,(anonymous_36)
FNDA:0,(anonymous_37)
FNDA:0,(anonymous_38)
FNDA:0,(anonymous_39)
FNDA:0,(anonymous_40)
FNDA:0,(anonymous_41)
FNDA:0,(anonymous_42)
FNDA:0,(anonymous_43)
FNDA:0,(anonymous_44)
FNDA:0,(anonymous_45)
FNDA:0,(anonymous_46)
FNDA:0,(anonymous_47)
FNDA:0,(anonymous_48)
FNDA:0,(anonymous_49)
FNDA:0,(anonymous_50)
FNDA:0,(anonymous_51)
FNDA:0,(anonymous_52)
FNDA:0,(anonymous_53)
FNDA:0,validateFinancialRecordData
FNDA:0,formatFinancialRecordForFileMaker
FNDA:0,sortRecordsByDate
FNDA:0,(anonymous_57)
FNDA:0,sortRecordsByAmount
FNDA:0,(anonymous_59)
FNDA:0,filterRecordsByBilledStatus
FNDA:0,(anonymous_61)
FNDA:0,filterRecordsByDateRange
FNDA:0,(anonymous_63)
DA:13,0
DA:14,0
DA:15,0
DA:17,0
DA:21,0
DA:26,0
DA:29,0
DA:30,0
DA:32,0
DA:34,0
DA:36,0
DA:37,0
DA:38,0
DA:41,0
DA:42,0
DA:56,0
DA:57,0
DA:58,0
DA:59,0
DA:61,0
DA:70,0
DA:76,0
DA:107,0
DA:108,0
DA:113,0
DA:122,0
DA:152,0
DA:161,0
DA:163,0
DA:164,0
DA:165,0
DA:171,0
DA:172,0
DA:183,0
DA:184,0
DA:186,0
DA:187,0
DA:191,0
DA:192,0
DA:194,0
DA:196,0
DA:197,0
DA:200,0
DA:203,0
DA:205,0
DA:206,0
DA:216,0
DA:217,0
DA:218,0
DA:221,0
DA:222,0
DA:223,0
DA:232,0
DA:233,0
DA:234,0
DA:236,0
DA:247,0
DA:250,0
DA:251,0
DA:252,0
DA:254,0
DA:255,0
DA:258,0
DA:260,0
DA:261,0
DA:263,0
DA:264,0
DA:275,0
DA:276,0
DA:277,0
DA:279,0
DA:289,0
DA:290,0
DA:291,0
DA:293,0
DA:294,0
DA:295,0
DA:297,0
DA:298,0
DA:301,0
DA:318,0
DA:321,0
DA:323,0
DA:324,0
DA:325,0
DA:326,0
DA:327,0
DA:342,0
DA:343,0
DA:344,0
DA:346,0
DA:347,0
DA:359,0
DA:360,0
DA:361,0
DA:363,0
DA:364,0
DA:366,0
DA:372,0
DA:373,0
DA:374,0
DA:385,0
DA:386,0
DA:396,0
DA:399,0
DA:401,0
DA:402,0
DA:405,0
DA:413,0
DA:414,0
DA:417,0
DA:418,0
DA:419,0
DA:420,0
DA:425,0
DA:427,0
DA:428,0
DA:430,0
DA:431,0
DA:432,0
DA:437,0
DA:438,0
DA:445,0
DA:447,0
DA:448,0
DA:452,0
DA:460,0
DA:468,0
DA:480,0
DA:483,0
DA:484,0
DA:485,0
DA:486,0
DA:489,0
DA:490,0
DA:491,0
DA:492,0
DA:495,0
DA:496,0
DA:497,0
DA:500,0
DA:507,0
DA:508,0
DA:509,0
DA:512,0
DA:513,0
DA:516,0
DA:517,0
DA:518,0
DA:522,0
DA:525,0
DA:526,0
DA:527,0
DA:531,0
DA:534,0
DA:536,0
DA:541,0
DA:551,0
DA:553,0
DA:566,0
DA:569,0
DA:570,0
DA:573,0
DA:576,0
DA:578,0
DA:583,0
DA:591,0
DA:602,0
DA:615,0
DA:618,0
DA:619,0
DA:620,0
DA:621,0
DA:623,0
DA:636,0
DA:654,0
DA:655,0
DA:656,0
DA:658,0
DA:671,0
DA:672,0
DA:685,0
DA:696,0
DA:697,0
DA:699,0
DA:700,0
DA:702,0
DA:703,0
DA:705,0
LF:189
LH:0
BRDA:13,0,0,0
BRDA:13,0,1,0
BRDA:18,1,0,0
BRDA:18,1,1,0
BRDA:30,2,0,0
BRDA:30,2,1,0
BRDA:37,3,0,0
BRDA:37,3,1,0
BRDA:37,3,2,0
BRDA:38,4,0,0
BRDA:38,4,1,0
BRDA:38,4,2,0
BRDA:41,5,0,0
BRDA:41,5,1,0
BRDA:65,6,0,0
BRDA:65,6,1,0
BRDA:65,6,2,0
BRDA:68,7,0,0
BRDA:68,7,1,0
BRDA:68,7,2,0
BRDA:70,8,0,0
BRDA:70,8,1,0
BRDA:70,8,2,0
BRDA:80,9,0,0
BRDA:80,9,1,0
BRDA:84,10,0,0
BRDA:84,10,1,0
BRDA:87,11,0,0
BRDA:87,11,1,0
BRDA:88,12,0,0
BRDA:88,12,1,0
BRDA:89,13,0,0
BRDA:89,13,1,0
BRDA:90,14,0,0
BRDA:90,14,1,0
BRDA:91,15,0,0
BRDA:91,15,1,0
BRDA:91,15,2,0
BRDA:92,16,0,0
BRDA:92,16,1,0
BRDA:92,16,2,0
BRDA:93,17,0,0
BRDA:93,17,1,0
BRDA:95,18,0,0
BRDA:95,18,1,0
BRDA:107,19,0,0
BRDA:107,19,1,0
BRDA:108,20,0,0
BRDA:108,20,1,0
BRDA:138,21,0,0
BRDA:138,21,1,0
BRDA:161,22,0,0
BRDA:161,22,1,0
BRDA:183,23,0,0
BRDA:183,23,1,0
BRDA:186,24,0,0
BRDA:186,24,1,0
BRDA:192,25,0,0
BRDA:192,25,1,0
BRDA:196,26,0,0
BRDA:196,26,1,0
BRDA:203,27,0,0
BRDA:203,27,1,0
BRDA:205,28,0,0
BRDA:205,28,1,0
BRDA:222,29,0,0
BRDA:222,29,1,0
BRDA:254,30,0,0
BRDA:254,30,1,0
BRDA:263,31,0,0
BRDA:263,31,1,0
BRDA:293,32,0,0
BRDA:293,32,1,0
BRDA:323,33,0,0
BRDA:323,33,1,0
BRDA:343,34,0,0
BRDA:343,34,1,0
BRDA:343,35,0,0
BRDA:343,35,1,0
BRDA:346,36,0,0
BRDA:346,36,1,0
BRDA:363,37,0,0
BRDA:363,37,1,0
BRDA:373,38,0,0
BRDA:373,38,1,0
BRDA:396,39,0,0
BRDA:396,39,1,0
BRDA:396,39,2,0
BRDA:396,39,3,0
BRDA:396,39,4,0
BRDA:396,39,5,0
BRDA:431,40,0,0
BRDA:431,40,1,0
BRDA:432,41,0,0
BRDA:432,41,1,0
BRDA:495,42,0,0
BRDA:495,42,1,0
BRDA:508,43,0,0
BRDA:508,43,1,0
BRDA:518,44,0,0
BRDA:518,44,1,0
BRDA:527,45,0,0
BRDA:527,45,1,0
BRDA:553,46,0,0
BRDA:553,46,1,0
BRDA:642,47,0,0
BRDA:642,47,1,0
BRDA:643,48,0,0
BRDA:643,48,1,0
BRDA:653,49,0,0
BRDA:658,50,0,0
BRDA:658,50,1,0
BRDA:670,51,0,0
BRDA:672,52,0,0
BRDA:672,52,1,0
BRDA:684,53,0,0
BRDA:696,54,0,0
BRDA:696,54,1,0
BRDA:697,55,0,0
BRDA:697,55,1,0
BRDA:702,56,0,0
BRDA:702,56,1,0
BRDA:702,57,0,0
BRDA:702,57,1,0
BRDA:703,58,0,0
BRDA:703,58,1,0
BRDA:703,59,0,0
BRDA:703,59,1,0
BRF:128
BRH:0
end_of_record
TN:
SF:src/services/customerService.js
FN:10,processCustomerData
FN:15,(anonymous_1)
FN:30,processBackendCustomerList
FN:34,(anonymous_3)
FN:50,(anonymous_4)
FN:63,(anonymous_5)
FN:90,processBackendCustomerDetail
FN:109,filterActiveCustomers
FN:110,(anonymous_8)
FN:125,sortCustomers
FN:128,(anonymous_10)
FN:161,calculateCustomerStats
FN:182,(anonymous_12)
FN:217,searchCustomers
FN:224,(anonymous_14)
FN:237,(anonymous_15)
FN:246,(anonymous_16)
FN:262,validateCustomerData
FN:277,(anonymous_18)
FN:286,(anonymous_19)
FN:318,formatCustomerForDisplay
FN:338,formatCustomerForFileMaker
FN:351,isValidEmail
FN:356,isValidPhone
FN:361,formatAddress
FN:378,groupCustomersByStatus
FN:382,(anonymous_26)
FN:399,transformFileMakerToBackend
FN:462,transformBackendToFileMaker
FN:505,extractPrimaryContact
FN:511,(anonymous_30)
FN:529,extractPrimaryAddress
FN:541,(anonymous_32)
FN:562,validateTransformedData
FN:587,(anonymous_34)
FN:600,(anonymous_35)
FN:649,transformFileMakerArrayToBackend
FN:655,(anonymous_37)
FN:671,transformBackendArrayToFileMaker
FN:677,(anonymous_39)
FN:693,mergeNestedContacts
FN:714,ensureSinglePrimary
FN:720,(anonymous_42)
FN:728,(anonymous_43)
FNF:44
FNH:0
FNDA:0,processCustomerData
FNDA:0,(anonymous_1)
FNDA:0,processBackendCustomerList
FNDA:0,(anonymous_3)
FNDA:0,(anonymous_4)
FNDA:0,(anonymous_5)
FNDA:0,processBackendCustomerDetail
FNDA:0,filterActiveCustomers
FNDA:0,(anonymous_8)
FNDA:0,sortCustomers
FNDA:0,(anonymous_10)
FNDA:0,calculateCustomerStats
FNDA:0,(anonymous_12)
FNDA:0,searchCustomers
FNDA:0,(anonymous_14)
FNDA:0,(anonymous_15)
FNDA:0,(anonymous_16)
FNDA:0,validateCustomerData
FNDA:0,(anonymous_18)
FNDA:0,(anonymous_19)
FNDA:0,formatCustomerForDisplay
FNDA:0,formatCustomerForFileMaker
FNDA:0,isValidEmail
FNDA:0,isValidPhone
FNDA:0,formatAddress
FNDA:0,groupCustomersByStatus
FNDA:0,(anonymous_26)
FNDA:0,transformFileMakerToBackend
FNDA:0,transformBackendToFileMaker
FNDA:0,extractPrimaryContact
FNDA:0,(anonymous_30)
FNDA:0,extractPrimaryAddress
FNDA:0,(anonymous_32)
FNDA:0,validateTransformedData
FNDA:0,(anonymous_34)
FNDA:0,(anonymous_35)
FNDA:0,transformFileMakerArrayToBackend
FNDA:0,(anonymous_37)
FNDA:0,transformBackendArrayToFileMaker
FNDA:0,(anonymous_39)
FNDA:0,mergeNestedContacts
FNDA:0,ensureSinglePrimary
FNDA:0,(anonymous_42)
FNDA:0,(anonymous_43)
DA:11,0
DA:12,0
DA:15,0
DA:32,0
DA:33,0
DA:34,0
DA:45,0
DA:48,0
DA:49,0
DA:50,0
DA:61,0
DA:62,0
DA:63,0
DA:74,0
DA:92,0
DA:95,0
DA:96,0
DA:100,0
DA:110,0
DA:112,0
DA:126,0
DA:128,0
DA:129,0
DA:131,0
DA:133,0
DA:134,0
DA:137,0
DA:138,0
DA:139,0
DA:141,0
DA:142,0
DA:143,0
DA:144,0
DA:145,0
DA:146,0
DA:147,0
DA:148,0
DA:151,0
DA:162,0
DA:163,0
DA:173,0
DA:182,0
DA:184,0
DA:185,0
DA:187,0
DA:191,0
DA:192,0
DA:196,0
DA:197,0
DA:201,0
DA:202,0
DA:206,0
DA:218,0
DA:219,0
DA:222,0
DA:224,0
DA:226,0
DA:227,0
DA:230,0
DA:231,0
DA:234,0
DA:235,0
DA:236,0
DA:237,0
DA:238,0
DA:243,0
DA:244,0
DA:245,0
DA:246,0
DA:247,0
DA:251,0
DA:263,0
DA:265,0
DA:267,0
DA:268,0
DA:271,0
DA:272,0
DA:276,0
DA:277,0
DA:278,0
DA:279,0
DA:285,0
DA:286,0
DA:287,0
DA:288,0
DA:294,0
DA:295,0
DA:298,0
DA:299,0
DA:302,0
DA:303,0
DA:307,0
DA:319,0
DA:339,0
DA:352,0
DA:353,0
DA:357,0
DA:358,0
DA:362,0
DA:370,0
DA:379,0
DA:380,0
DA:382,0
DA:383,0
DA:384,0
DA:385,0
DA:400,0
DA:401,0
DA:404,0
DA:416,0
DA:417,0
DA:425,0
DA:426,0
DA:434,0
DA:435,0
DA:447,0
DA:448,0
DA:450,0
DA:451,0
DA:454,0
DA:463,0
DA:464,0
DA:468,0
DA:471,0
DA:474,0
DA:476,0
DA:496,0
DA:506,0
DA:507,0
DA:511,0
DA:512,0
DA:513,0
DA:517,0
DA:518,0
DA:521,0
DA:530,0
DA:531,0
DA:541,0
DA:542,0
DA:543,0
DA:547,0
DA:563,0
DA:565,0
DA:566,0
DA:567,0
DA:570,0
DA:572,0
DA:573,0
DA:576,0
DA:577,0
DA:580,0
DA:581,0
DA:584,0
DA:585,0
DA:587,0
DA:588,0
DA:589,0
DA:591,0
DA:592,0
DA:597,0
DA:598,0
DA:600,0
DA:601,0
DA:602,0
DA:604,0
DA:605,0
DA:610,0
DA:611,0
DA:613,0
DA:615,0
DA:616,0
DA:619,0
DA:620,0
DA:623,0
DA:624,0
DA:627,0
DA:628,0
DA:631,0
DA:632,0
DA:635,0
DA:638,0
DA:650,0
DA:651,0
DA:654,0
DA:656,0
DA:657,0
DA:659,0
DA:660,0
DA:672,0
DA:673,0
DA:676,0
DA:678,0
DA:679,0
DA:681,0
DA:682,0
DA:694,0
DA:697,0
DA:698,0
DA:699,0
DA:701,0
DA:715,0
DA:716,0
DA:719,0
DA:720,0
DA:722,0
DA:724,0
DA:725,0
DA:727,0
DA:728,0
DA:729,0
DA:730,0
DA:731,0
DA:732,0
DA:737,0
LF:214
LH:0
BRDA:11,0,0,0
BRDA:11,0,1,0
BRDA:19,1,0,0
BRDA:19,1,1,0
BRDA:32,2,0,0
BRDA:32,2,1,0
BRDA:45,3,0,0
BRDA:45,3,1,0
BRDA:48,4,0,0
BRDA:48,4,1,0
BRDA:48,5,0,0
BRDA:48,5,1,0
BRDA:51,6,0,0
BRDA:51,6,1,0
BRDA:61,7,0,0
BRDA:61,7,1,0
BRDA:92,8,0,0
BRDA:92,8,1,0
BRDA:95,9,0,0
BRDA:95,9,1,0
BRDA:95,10,0,0
BRDA:95,10,1,0
BRDA:125,11,0,0
BRDA:126,12,0,0
BRDA:126,13,0,0
BRDA:131,14,0,0
BRDA:131,14,1,0
BRDA:133,15,0,0
BRDA:133,15,1,0
BRDA:134,16,0,0
BRDA:134,16,1,0
BRDA:137,17,0,0
BRDA:137,17,1,0
BRDA:137,17,2,0
BRDA:138,18,0,0
BRDA:138,18,1,0
BRDA:138,18,2,0
BRDA:141,19,0,0
BRDA:141,19,1,0
BRDA:142,20,0,0
BRDA:142,20,1,0
BRDA:143,21,0,0
BRDA:143,21,1,0
BRDA:145,22,0,0
BRDA:145,22,1,0
BRDA:146,23,0,0
BRDA:146,23,1,0
BRDA:147,24,0,0
BRDA:147,24,1,0
BRDA:151,25,0,0
BRDA:151,25,1,0
BRDA:162,26,0,0
BRDA:162,26,1,0
BRDA:162,27,0,0
BRDA:162,27,1,0
BRDA:184,28,0,0
BRDA:184,28,1,0
BRDA:191,29,0,0
BRDA:191,29,1,0
BRDA:191,30,0,0
BRDA:191,30,1,0
BRDA:191,30,2,0
BRDA:191,30,3,0
BRDA:196,31,0,0
BRDA:196,31,1,0
BRDA:196,32,0,0
BRDA:196,32,1,0
BRDA:196,32,2,0
BRDA:196,32,3,0
BRDA:201,33,0,0
BRDA:201,33,1,0
BRDA:201,34,0,0
BRDA:201,34,1,0
BRDA:201,34,2,0
BRDA:201,34,3,0
BRDA:218,35,0,0
BRDA:218,35,1,0
BRDA:218,36,0,0
BRDA:218,36,1,0
BRDA:226,37,0,0
BRDA:226,37,1,0
BRDA:226,37,2,0
BRDA:227,38,0,0
BRDA:227,38,1,0
BRDA:230,39,0,0
BRDA:230,39,1,0
BRDA:230,39,2,0
BRDA:231,40,0,0
BRDA:231,40,1,0
BRDA:234,41,0,0
BRDA:234,41,1,0
BRDA:234,42,0,0
BRDA:234,42,1,0
BRDA:235,43,0,0
BRDA:235,43,1,0
BRDA:235,44,0,0
BRDA:235,44,1,0
BRDA:236,45,0,0
BRDA:236,45,1,0
BRDA:236,46,0,0
BRDA:236,46,1,0
BRDA:237,47,0,0
BRDA:237,47,1,0
BRDA:237,48,0,0
BRDA:237,48,1,0
BRDA:243,49,0,0
BRDA:243,49,1,0
BRDA:243,50,0,0
BRDA:243,50,1,0
BRDA:244,51,0,0
BRDA:244,51,1,0
BRDA:244,52,0,0
BRDA:244,52,1,0
BRDA:245,53,0,0
BRDA:245,53,1,0
BRDA:245,54,0,0
BRDA:245,54,1,0
BRDA:246,55,0,0
BRDA:246,55,1,0
BRDA:246,56,0,0
BRDA:246,56,1,0
BRDA:262,57,0,0
BRDA:265,58,0,0
BRDA:265,58,1,0
BRDA:267,59,0,0
BRDA:267,59,1,0
BRDA:271,60,0,0
BRDA:271,60,1,0
BRDA:271,61,0,0
BRDA:271,61,1,0
BRDA:276,62,0,0
BRDA:276,62,1,0
BRDA:276,63,0,0
BRDA:276,63,1,0
BRDA:278,64,0,0
BRDA:278,64,1,0
BRDA:278,65,0,0
BRDA:278,65,1,0
BRDA:285,66,0,0
BRDA:285,66,1,0
BRDA:285,67,0,0
BRDA:285,67,1,0
BRDA:287,68,0,0
BRDA:287,68,1,0
BRDA:287,69,0,0
BRDA:287,69,1,0
BRDA:294,70,0,0
BRDA:294,70,1,0
BRDA:298,71,0,0
BRDA:298,71,1,0
BRDA:298,72,0,0
BRDA:298,72,1,0
BRDA:302,73,0,0
BRDA:302,73,1,0
BRDA:302,74,0,0
BRDA:302,74,1,0
BRDA:323,75,0,0
BRDA:323,75,1,0
BRDA:324,76,0,0
BRDA:324,76,1,0
BRDA:325,77,0,0
BRDA:325,77,1,0
BRDA:329,78,0,0
BRDA:329,78,1,0
BRDA:343,79,0,0
BRDA:343,79,1,0
BRDA:370,80,0,0
BRDA:370,80,1,0
BRDA:379,81,0,0
BRDA:379,81,1,0
BRDA:383,82,0,0
BRDA:383,82,1,0
BRDA:400,83,0,0
BRDA:400,83,1,0
BRDA:405,84,0,0
BRDA:405,84,1,0
BRDA:406,85,0,0
BRDA:406,85,1,0
BRDA:407,86,0,0
BRDA:407,86,1,0
BRDA:408,87,0,0
BRDA:408,87,1,0
BRDA:408,87,2,0
BRDA:416,88,0,0
BRDA:416,88,1,0
BRDA:416,89,0,0
BRDA:416,89,1,0
BRDA:425,90,0,0
BRDA:425,90,1,0
BRDA:425,91,0,0
BRDA:425,91,1,0
BRDA:434,92,0,0
BRDA:434,92,1,0
BRDA:434,93,0,0
BRDA:434,93,1,0
BRDA:436,94,0,0
BRDA:436,94,1,0
BRDA:438,95,0,0
BRDA:438,95,1,0
BRDA:439,96,0,0
BRDA:439,96,1,0
BRDA:440,97,0,0
BRDA:440,97,1,0
BRDA:441,98,0,0
BRDA:441,98,1,0
BRDA:447,99,0,0
BRDA:447,99,1,0
BRDA:450,100,0,0
BRDA:450,100,1,0
BRDA:463,101,0,0
BRDA:463,101,1,0
BRDA:479,102,0,0
BRDA:479,102,1,0
BRDA:480,103,0,0
BRDA:480,103,1,0
BRDA:481,104,0,0
BRDA:481,104,1,0
BRDA:482,105,0,0
BRDA:482,105,1,0
BRDA:483,106,0,0
BRDA:483,106,1,0
BRDA:484,107,0,0
BRDA:484,107,1,0
BRDA:485,108,0,0
BRDA:485,108,1,0
BRDA:486,109,0,0
BRDA:486,109,1,0
BRDA:487,110,0,0
BRDA:487,110,1,0
BRDA:488,111,0,0
BRDA:488,111,1,0
BRDA:489,112,0,0
BRDA:489,112,1,0
BRDA:490,113,0,0
BRDA:490,113,1,0
BRDA:491,114,0,0
BRDA:491,114,1,0
BRDA:492,115,0,0
BRDA:492,115,1,0
BRDA:493,116,0,0
BRDA:493,116,1,0
BRDA:506,117,0,0
BRDA:506,117,1,0
BRDA:506,118,0,0
BRDA:506,118,1,0
BRDA:512,119,0,0
BRDA:512,119,1,0
BRDA:512,120,0,0
BRDA:512,120,1,0
BRDA:517,121,0,0
BRDA:517,121,1,0
BRDA:517,122,0,0
BRDA:517,122,1,0
BRDA:530,123,0,0
BRDA:530,123,1,0
BRDA:530,124,0,0
BRDA:530,124,1,0
BRDA:542,125,0,0
BRDA:542,125,1,0
BRDA:547,126,0,0
BRDA:547,126,1,0
BRDA:562,127,0,0
BRDA:565,128,0,0
BRDA:565,128,1,0
BRDA:570,129,0,0
BRDA:570,129,1,0
BRDA:572,130,0,0
BRDA:572,130,1,0
BRDA:572,131,0,0
BRDA:572,131,1,0
BRDA:576,132,0,0
BRDA:576,132,1,0
BRDA:580,133,0,0
BRDA:580,133,1,0
BRDA:584,134,0,0
BRDA:584,134,1,0
BRDA:588,135,0,0
BRDA:588,135,1,0
BRDA:588,136,0,0
BRDA:588,136,1,0
BRDA:591,137,0,0
BRDA:591,137,1,0
BRDA:597,138,0,0
BRDA:597,138,1,0
BRDA:601,139,0,0
BRDA:601,139,1,0
BRDA:601,140,0,0
BRDA:601,140,1,0
BRDA:604,141,0,0
BRDA:604,141,1,0
BRDA:610,142,0,0
BRDA:610,142,1,0
BRDA:613,143,0,0
BRDA:613,143,1,0
BRDA:615,144,0,0
BRDA:615,144,1,0
BRDA:615,145,0,0
BRDA:615,145,1,0
BRDA:619,146,0,0
BRDA:619,146,1,0
BRDA:619,147,0,0
BRDA:619,147,1,0
BRDA:623,148,0,0
BRDA:623,148,1,0
BRDA:623,149,0,0
BRDA:623,149,1,0
BRDA:627,150,0,0
BRDA:627,150,1,0
BRDA:627,151,0,0
BRDA:627,151,1,0
BRDA:631,152,0,0
BRDA:631,152,1,0
BRDA:631,153,0,0
BRDA:631,153,1,0
BRDA:650,154,0,0
BRDA:650,154,1,0
BRDA:672,155,0,0
BRDA:672,155,1,0
BRDA:693,156,0,0
BRDA:694,157,0,0
BRDA:694,158,0,0
BRDA:694,159,0,0
BRDA:715,160,0,0
BRDA:715,160,1,0
BRDA:715,161,0,0
BRDA:715,161,1,0
BRDA:722,162,0,0
BRDA:722,162,1,0
BRDA:725,163,0,0
BRDA:725,163,1,0
BRDA:729,164,0,0
BRDA:729,164,1,0
BRDA:729,165,0,0
BRDA:729,165,1,0
BRDA:731,166,0,0
BRDA:731,166,1,0
BRF:336
BRH:0
end_of_record
TN:
SF:src/services/financialSyncService.js
FN:25,synchronizeFinancialRecords
FN:206,(anonymous_1)
FN:214,(anonymous_2)
FN:221,(anonymous_3)
FN:229,(anonymous_4)
FN:230,(anonymous_5)
FN:231,(anonymous_6)
FN:268,fetchDevRecordsForDateRange
FN:304,fetchCustomerSalesForDateRange
FN:345,compareRecords
FN:353,(anonymous_10)
FN:390,(anonymous_11)
FN:409,identifyChanges
FN:461,createCustomerSaleFromDevRecord
FN:508,updateCustomerSaleFromDevRecord
FN:552,getOrCreateCustomerId
FN:598,ensureCustomerOrganizationLink
FN:628,formatProductName
FN:647,convertToFileMakerDate
FN:662,getFinancialSyncStatus
FNF:20
FNH:0
FNDA:0,synchronizeFinancialRecords
FNDA:0,(anonymous_1)
FNDA:0,(anonymous_2)
FNDA:0,(anonymous_3)
FNDA:0,(anonymous_4)
FNDA:0,(anonymous_5)
FNDA:0,(anonymous_6)
FNDA:0,fetchDevRecordsForDateRange
FNDA:0,fetchCustomerSalesForDateRange
FNDA:0,compareRecords
FNDA:0,(anonymous_10)
FNDA:0,(anonymous_11)
FNDA:0,identifyChanges
FNDA:0,createCustomerSaleFromDevRecord
FNDA:0,updateCustomerSaleFromDevRecord
FNDA:0,getOrCreateCustomerId
FNDA:0,ensureCustomerOrganizationLink
FNDA:0,formatProductName
FNDA:0,convertToFileMakerDate
FNDA:0,getFinancialSyncStatus
DA:26,0
DA:27,0
DA:29,0
DA:30,0
DA:34,0
DA:36,0
DA:38,0
DA:39,0
DA:40,0
DA:62,0
DA:69,0
DA:72,0
DA:75,0
DA:76,0
DA:77,0
DA:80,0
DA:81,0
DA:84,0
DA:85,0
DA:86,0
DA:89,0
DA:90,0
DA:93,0
DA:96,0
DA:100,0
DA:122,0
DA:124,0
DA:125,0
DA:126,0
DA:127,0
DA:128,0
DA:130,0
DA:137,0
DA:146,0
DA:147,0
DA:148,0
DA:153,0
DA:154,0
DA:156,0
DA:164,0
DA:174,0
DA:175,0
DA:176,0
DA:177,0
DA:178,0
DA:179,0
DA:181,0
DA:188,0
DA:198,0
DA:199,0
DA:202,0
DA:206,0
DA:214,0
DA:220,0
DA:221,0
DA:228,0
DA:229,0
DA:230,0
DA:231,0
DA:236,0
DA:239,0
DA:240,0
DA:249,0
DA:251,0
DA:254,0
DA:255,0
DA:269,0
DA:270,0
DA:273,0
DA:275,0
DA:276,0
DA:280,0
DA:282,0
DA:284,0
DA:289,0
DA:290,0
DA:305,0
DA:306,0
DA:321,0
DA:322,0
DA:325,0
DA:330,0
DA:331,0
DA:346,0
DA:347,0
DA:348,0
DA:349,0
DA:352,0
DA:353,0
DA:354,0
DA:356,0
DA:361,0
DA:363,0
DA:365,0
DA:367,0
DA:370,0
DA:371,0
DA:372,0
DA:378,0
DA:385,0
DA:390,0
DA:391,0
DA:394,0
DA:410,0
DA:413,0
DA:414,0
DA:415,0
DA:416,0
DA:420,0
DA:421,0
DA:422,0
DA:423,0
DA:427,0
DA:428,0
DA:429,0
DA:430,0
DA:434,0
DA:435,0
DA:436,0
DA:437,0
DA:441,0
DA:442,0
DA:443,0
DA:447,0
DA:448,0
DA:449,0
DA:452,0
DA:462,0
DA:464,0
DA:467,0
DA:470,0
DA:482,0
DA:484,0
DA:485,0
DA:488,0
DA:493,0
DA:494,0
DA:509,0
DA:511,0
DA:514,0
DA:517,0
DA:527,0
DA:529,0
DA:530,0
DA:533,0
DA:538,0
DA:539,0
DA:553,0
DA:555,0
DA:565,0
DA:567,0
DA:570,0
DA:575,0
DA:576,0
DA:579,0
DA:583,0
DA:585,0
DA:587,0
DA:588,0
DA:599,0
DA:601,0
DA:609,0
DA:611,0
DA:617,0
DA:618,0
DA:630,0
DA:635,0
DA:639,0
DA:648,0
DA:649,0
DA:650,0
DA:651,0
DA:652,0
DA:663,0
DA:665,0
DA:667,0
DA:668,0
DA:671,0
DA:689,0
DA:690,0
LF:180
LH:0
BRDA:25,0,0,0
BRDA:26,1,0,0
BRDA:26,2,0,0
BRDA:26,3,0,0
BRDA:34,4,0,0
BRDA:34,4,1,0
BRDA:38,5,0,0
BRDA:38,5,1,0
BRDA:63,6,0,0
BRDA:63,6,1,0
BRDA:64,7,0,0
BRDA:64,7,1,0
BRDA:65,8,0,0
BRDA:65,8,1,0
BRDA:76,9,0,0
BRDA:76,9,1,0
BRDA:85,10,0,0
BRDA:85,10,1,0
BRDA:107,11,0,0
BRDA:107,11,1,0
BRDA:109,12,0,0
BRDA:109,12,1,0
BRDA:122,13,0,0
BRDA:122,13,1,0
BRDA:127,14,0,0
BRDA:127,14,1,0
BRDA:153,15,0,0
BRDA:153,15,1,0
BRDA:174,16,0,0
BRDA:174,16,1,0
BRDA:178,17,0,0
BRDA:178,17,1,0
BRDA:220,18,0,0
BRDA:220,18,1,0
BRDA:239,19,0,0
BRDA:239,19,1,0
BRDA:275,20,0,0
BRDA:275,20,1,0
BRDA:275,21,0,0
BRDA:275,21,1,0
BRDA:275,21,2,0
BRDA:321,22,0,0
BRDA:321,22,1,0
BRDA:322,23,0,0
BRDA:322,23,1,0
BRDA:327,24,0,0
BRDA:327,24,1,0
BRDA:354,25,0,0
BRDA:354,25,1,0
BRDA:365,26,0,0
BRDA:365,26,1,0
BRDA:371,27,0,0
BRDA:371,27,1,0
BRDA:415,28,0,0
BRDA:415,28,1,0
BRDA:422,29,0,0
BRDA:422,29,1,0
BRDA:429,30,0,0
BRDA:429,30,1,0
BRDA:436,31,0,0
BRDA:436,31,1,0
BRDA:442,32,0,0
BRDA:442,32,1,0
BRDA:448,33,0,0
BRDA:448,33,1,0
BRDA:484,34,0,0
BRDA:484,34,1,0
BRDA:485,35,0,0
BRDA:485,35,1,0
BRDA:490,36,0,0
BRDA:490,36,1,0
BRDA:529,37,0,0
BRDA:529,37,1,0
BRDA:530,38,0,0
BRDA:530,38,1,0
BRDA:535,39,0,0
BRDA:535,39,1,0
BRDA:565,40,0,0
BRDA:565,40,1,0
BRDA:565,41,0,0
BRDA:565,41,1,0
BRDA:565,41,2,0
BRDA:575,42,0,0
BRDA:575,42,1,0
BRDA:609,43,0,0
BRDA:609,43,1,0
BRDA:609,44,0,0
BRDA:609,44,1,0
BRDA:609,44,2,0
BRDA:630,45,0,0
BRDA:630,45,1,0
BRDA:635,46,0,0
BRDA:635,46,1,0
BRDA:667,47,0,0
BRDA:667,47,1,0
BRDA:674,48,0,0
BRDA:674,48,1,0
BRF:97
BRH:0
end_of_record
TN:
SF:src/services/index.js
FN:155,isValidId
FN:159,isValidDate
FN:163,formatTimestamp
FN:171,(anonymous_3)
FN:188,validateRequired
FN:189,(anonymous_5)
FN:199,validateDataType
FN:210,formatCurrency
FN:217,formatPercentage
FN:221,formatDateTime
FNF:10
FNH:1
FNDA:0,isValidId
FNDA:0,isValidDate
FNDA:0,formatTimestamp
FNDA:10,(anonymous_3)
FNDA:0,validateRequired
FNDA:0,(anonymous_5)
FNDA:0,validateDataType
FNDA:0,formatCurrency
FNDA:0,formatPercentage
FNDA:0,formatDateTime
DA:152,1
DA:156,0
DA:160,0
DA:164,0
DA:165,0
DA:166,0
DA:172,10
DA:173,10
DA:174,10
DA:175,10
DA:180,1
DA:189,0
DA:190,0
DA:191,0
DA:200,0
DA:201,0
DA:211,0
DA:218,0
DA:222,0
LF:19
LH:6
BRDA:156,0,0,0
BRDA:156,0,1,0
BRDA:160,1,0,0
BRDA:160,1,1,0
BRDA:164,2,0,0
BRDA:164,2,1,0
BRDA:166,3,0,0
BRDA:166,3,1,0
BRDA:171,4,0,0
BRDA:190,5,0,0
BRDA:190,5,1,0
BRDA:200,6,0,0
BRDA:200,6,1,0
BRF:13
BRH:0
end_of_record
TN:
SF:src/services/productRelationshipsService.js
FN:24,fetchProductRelationships
FN:82,fetchParentProducts
FN:127,createProductRelationship
FN:172,updateProductRelationship
FN:212,deleteProductRelationship
FN:243,validateRelationshipData
FN:292,getRelationshipTypeLabel
FN:309,getRelationshipTypeDescription
FNF:8
FNH:0
FNDA:0,fetchProductRelationships
FNDA:0,fetchParentProducts
FNDA:0,createProductRelationship
FNDA:0,updateProductRelationship
FNDA:0,deleteProductRelationship
FNDA:0,validateRelationshipData
FNDA:0,getRelationshipTypeLabel
FNDA:0,getRelationshipTypeDescription
DA:10,1
DA:25,0
DA:26,0
DA:33,0
DA:34,0
DA:42,0
DA:43,0
DA:50,0
DA:59,0
DA:60,0
DA:63,0
DA:68,0
DA:69,0
DA:83,0
DA:84,0
DA:91,0
DA:92,0
DA:104,0
DA:105,0
DA:108,0
DA:113,0
DA:114,0
DA:128,0
DA:129,0
DA:130,0
DA:131,0
DA:138,0
DA:145,0
DA:147,0
DA:148,0
DA:151,0
DA:158,0
DA:159,0
DA:173,0
DA:174,0
DA:175,0
DA:178,0
DA:179,0
DA:180,0
DA:186,0
DA:188,0
DA:189,0
DA:192,0
DA:199,0
DA:200,0
DA:213,0
DA:214,0
DA:215,0
DA:218,0
DA:220,0
DA:221,0
DA:224,0
DA:229,0
DA:230,0
DA:244,0
DA:246,0
DA:247,0
DA:248,0
DA:251,0
DA:252,0
DA:255,0
DA:256,0
DA:259,0
DA:260,0
DA:261,0
DA:262,0
DA:266,0
DA:268,0
DA:271,0
DA:272,0
DA:275,0
DA:276,0
DA:277,0
DA:281,0
DA:293,0
DA:301,0
DA:310,0
DA:318,0
LF:78
LH:1
BRDA:24,0,0,0
BRDA:25,1,0,0
BRDA:25,1,1,0
BRDA:42,2,0,0
BRDA:42,2,1,0
BRDA:59,3,0,0
BRDA:59,3,1,0
BRDA:60,4,0,0
BRDA:60,4,1,0
BRDA:65,5,0,0
BRDA:65,5,1,0
BRDA:83,6,0,0
BRDA:83,6,1,0
BRDA:104,7,0,0
BRDA:104,7,1,0
BRDA:105,8,0,0
BRDA:105,8,1,0
BRDA:110,9,0,0
BRDA:110,9,1,0
BRDA:130,10,0,0
BRDA:130,10,1,0
BRDA:147,11,0,0
BRDA:147,11,1,0
BRDA:148,12,0,0
BRDA:148,12,1,0
BRDA:153,13,0,0
BRDA:153,13,1,0
BRDA:153,14,0,0
BRDA:153,14,1,0
BRDA:174,15,0,0
BRDA:174,15,1,0
BRDA:179,16,0,0
BRDA:179,16,1,0
BRDA:188,17,0,0
BRDA:188,17,1,0
BRDA:189,18,0,0
BRDA:189,18,1,0
BRDA:194,19,0,0
BRDA:194,19,1,0
BRDA:194,20,0,0
BRDA:194,20,1,0
BRDA:214,21,0,0
BRDA:214,21,1,0
BRDA:220,22,0,0
BRDA:220,22,1,0
BRDA:221,23,0,0
BRDA:221,23,1,0
BRDA:243,24,0,0
BRDA:246,25,0,0
BRDA:246,25,1,0
BRDA:247,26,0,0
BRDA:247,26,1,0
BRDA:251,27,0,0
BRDA:251,27,1,0
BRDA:255,28,0,0
BRDA:255,28,1,0
BRDA:259,29,0,0
BRDA:259,29,1,0
BRDA:261,30,0,0
BRDA:261,30,1,0
BRDA:266,31,0,0
BRDA:266,31,1,0
BRDA:266,32,0,0
BRDA:266,32,1,0
BRDA:266,32,2,0
BRDA:271,33,0,0
BRDA:271,33,1,0
BRDA:271,34,0,0
BRDA:271,34,1,0
BRDA:275,35,0,0
BRDA:275,35,1,0
BRDA:275,36,0,0
BRDA:275,36,1,0
BRDA:276,37,0,0
BRDA:276,37,1,0
BRDA:276,38,0,0
BRDA:276,38,1,0
BRDA:301,39,0,0
BRDA:301,39,1,0
BRDA:318,40,0,0
BRDA:318,40,1,0
BRF:81
BRH:0
end_of_record
TN:
SF:src/services/productService.js
FN:10,fetchAllProducts
FN:43,(anonymous_1)
FN:54,(anonymous_2)
FN:75,createProduct
FN:119,updateProduct
FN:166,deleteProduct
FN:203,validateRequirementsMetadata
FN:211,(anonymous_7)
FN:233,(anonymous_8)
FN:284,validateProductData
FN:314,formatProductForDisplay
FN:335,parseStringifiedJson
FN:360,processJsonData
FN:374,(anonymous_13)
FN:375,(anonymous_14)
FN:402,groupProductsByPriceRange
FN:406,(anonymous_16)
FN:426,calculateProductStats
FN:439,(anonymous_18)
FN:445,(anonymous_19)
FN:458,loadAllProductsToState
FNF:21
FNH:0
FNDA:0,fetchAllProducts
FNDA:0,(anonymous_1)
FNDA:0,(anonymous_2)
FNDA:0,createProduct
FNDA:0,updateProduct
FNDA:0,deleteProduct
FNDA:0,validateRequirementsMetadata
FNDA:0,(anonymous_7)
FNDA:0,(anonymous_8)
FNDA:0,validateProductData
FNDA:0,formatProductForDisplay
FNDA:0,parseStringifiedJson
FNDA:0,processJsonData
FNDA:0,(anonymous_13)
FNDA:0,(anonymous_14)
FNDA:0,groupProductsByPriceRange
FNDA:0,(anonymous_16)
FNDA:0,calculateProductStats
FNDA:0,(anonymous_18)
FNDA:0,(anonymous_19)
FNDA:0,loadAllProductsToState
DA:11,0
DA:12,0
DA:15,0
DA:24,0
DA:29,0
DA:30,0
DA:34,0
DA:35,0
DA:36,0
DA:43,0
DA:44,0
DA:47,0
DA:48,0
DA:53,0
DA:54,0
DA:56,0
DA:61,0
DA:62,0
DA:76,0
DA:77,0
DA:78,0
DA:79,0
DA:85,0
DA:88,0
DA:93,0
DA:94,0
DA:98,0
DA:105,0
DA:106,0
DA:120,0
DA:121,0
DA:122,0
DA:125,0
DA:126,0
DA:127,0
DA:133,0
DA:136,0
DA:141,0
DA:142,0
DA:146,0
DA:153,0
DA:154,0
DA:167,0
DA:168,0
DA:169,0
DA:172,0
DA:175,0
DA:180,0
DA:181,0
DA:185,0
DA:190,0
DA:191,0
DA:204,0
DA:206,0
DA:207,0
DA:208,0
DA:211,0
DA:212,0
DA:214,0
DA:215,0
DA:218,0
DA:219,0
DA:222,0
DA:223,0
DA:226,0
DA:227,0
DA:228,0
DA:229,0
DA:232,0
DA:233,0
DA:234,0
DA:236,0
DA:237,0
DA:240,0
DA:241,0
DA:244,0
DA:245,0
DA:246,0
DA:249,0
DA:250,0
DA:252,0
DA:255,0
DA:256,0
DA:259,0
DA:260,0
DA:261,0
DA:264,0
DA:265,0
DA:266,0
DA:273,0
DA:285,0
DA:287,0
DA:288,0
DA:291,0
DA:292,0
DA:296,0
DA:297,0
DA:298,0
DA:299,0
DA:303,0
DA:316,0
DA:318,0
DA:336,0
DA:337,0
DA:340,0
DA:343,0
DA:344,0
DA:346,0
DA:348,0
DA:351,0
DA:362,0
DA:363,0
DA:367,0
DA:368,0
DA:372,0
DA:373,0
DA:374,0
DA:375,0
DA:379,0
DA:380,0
DA:381,0
DA:382,0
DA:383,0
DA:385,0
DA:386,0
DA:390,0
DA:394,0
DA:404,0
DA:406,0
DA:407,0
DA:409,0
DA:410,0
DA:411,0
DA:412,0
DA:414,0
DA:417,0
DA:428,0
DA:430,0
DA:431,0
DA:439,0
DA:440,0
DA:443,0
DA:445,0
DA:459,0
DA:460,0
DA:462,0
DA:464,0
DA:465,0
DA:469,0
DA:472,0
DA:473,0
DA:476,0
DA:481,0
DA:482,0
DA:483,0
DA:485,0
LF:156
LH:0
BRDA:26,0,0,0
BRDA:26,0,1,0
BRDA:26,1,0,0
BRDA:26,1,1,0
BRDA:29,2,0,0
BRDA:29,2,1,0
BRDA:30,3,0,0
BRDA:30,3,1,0
BRDA:34,4,0,0
BRDA:34,4,1,0
BRDA:34,5,0,0
BRDA:34,5,1,0
BRDA:34,5,2,0
BRDA:44,6,0,0
BRDA:44,6,1,0
BRDA:47,7,0,0
BRDA:47,7,1,0
BRDA:47,8,0,0
BRDA:47,8,1,0
BRDA:48,9,0,0
BRDA:48,9,1,0
BRDA:78,10,0,0
BRDA:78,10,1,0
BRDA:90,11,0,0
BRDA:90,11,1,0
BRDA:90,12,0,0
BRDA:90,12,1,0
BRDA:93,13,0,0
BRDA:93,13,1,0
BRDA:94,14,0,0
BRDA:94,14,1,0
BRDA:100,15,0,0
BRDA:100,15,1,0
BRDA:100,16,0,0
BRDA:100,16,1,0
BRDA:121,17,0,0
BRDA:121,17,1,0
BRDA:126,18,0,0
BRDA:126,18,1,0
BRDA:138,19,0,0
BRDA:138,19,1,0
BRDA:138,20,0,0
BRDA:138,20,1,0
BRDA:141,21,0,0
BRDA:141,21,1,0
BRDA:142,22,0,0
BRDA:142,22,1,0
BRDA:148,23,0,0
BRDA:148,23,1,0
BRDA:148,24,0,0
BRDA:148,24,1,0
BRDA:168,25,0,0
BRDA:168,25,1,0
BRDA:177,26,0,0
BRDA:177,26,1,0
BRDA:177,27,0,0
BRDA:177,27,1,0
BRDA:180,28,0,0
BRDA:180,28,1,0
BRDA:181,29,0,0
BRDA:181,29,1,0
BRDA:206,30,0,0
BRDA:206,30,1,0
BRDA:214,31,0,0
BRDA:214,31,1,0
BRDA:218,32,0,0
BRDA:218,32,1,0
BRDA:222,33,0,0
BRDA:222,33,1,0
BRDA:226,34,0,0
BRDA:226,34,1,0
BRDA:228,35,0,0
BRDA:228,35,1,0
BRDA:236,36,0,0
BRDA:236,36,1,0
BRDA:240,37,0,0
BRDA:240,37,1,0
BRDA:245,38,0,0
BRDA:245,38,1,0
BRDA:249,39,0,0
BRDA:249,39,1,0
BRDA:255,40,0,0
BRDA:255,40,1,0
BRDA:260,41,0,0
BRDA:260,41,1,0
BRDA:264,42,0,0
BRDA:264,42,1,0
BRDA:265,43,0,0
BRDA:265,43,1,0
BRDA:265,44,0,0
BRDA:265,44,1,0
BRDA:265,44,2,0
BRDA:287,45,0,0
BRDA:287,45,1,0
BRDA:291,46,0,0
BRDA:291,46,1,0
BRDA:291,47,0,0
BRDA:291,47,1,0
BRDA:291,47,2,0
BRDA:291,47,3,0
BRDA:296,48,0,0
BRDA:296,48,1,0
BRDA:296,49,0,0
BRDA:296,49,1,0
BRDA:298,50,0,0
BRDA:298,50,1,0
BRDA:321,51,0,0
BRDA:321,51,1,0
BRDA:324,52,0,0
BRDA:324,52,1,0
BRDA:336,53,0,0
BRDA:336,53,1,0
BRDA:344,54,0,0
BRDA:344,54,1,0
BRDA:344,55,0,0
BRDA:344,55,1,0
BRDA:344,55,2,0
BRDA:344,55,3,0
BRDA:362,56,0,0
BRDA:362,56,1,0
BRDA:363,57,0,0
BRDA:363,57,1,0
BRDA:367,58,0,0
BRDA:367,58,1,0
BRDA:372,59,0,0
BRDA:372,59,1,0
BRDA:374,60,0,0
BRDA:374,60,1,0
BRDA:379,61,0,0
BRDA:379,61,1,0
BRDA:382,62,0,0
BRDA:382,62,1,0
BRDA:385,63,0,0
BRDA:385,63,1,0
BRDA:404,64,0,0
BRDA:404,64,1,0
BRDA:407,65,0,0
BRDA:407,65,1,0
BRDA:409,66,0,0
BRDA:409,66,1,0
BRDA:411,67,0,0
BRDA:411,67,1,0
BRDA:428,68,0,0
BRDA:428,68,1,0
BRDA:430,69,0,0
BRDA:430,69,1,0
BRDA:430,70,0,0
BRDA:430,70,1,0
BRDA:440,71,0,0
BRDA:440,71,1,0
BRDA:460,72,0,0
BRDA:460,72,1,0
BRDA:464,73,0,0
BRDA:464,73,1,0
BRDA:465,74,0,0
BRDA:465,74,1,0
BRDA:469,75,0,0
BRDA:469,75,1,0
BRDA:472,76,0,0
BRDA:472,76,1,0
BRDA:473,77,0,0
BRDA:473,77,1,0
BRDA:482,78,0,0
BRDA:482,78,1,0
BRDA:483,79,0,0
BRDA:483,79,1,0
BRF:166
BRH:0
end_of_record
TN:
SF:src/services/projectService.js
FN:10,convertToFileMakerDate
FN:25,processProjectData
FN:30,(anonymous_2)
FN:64,processProjectImages
FN:70,(anonymous_4)
FN:71,(anonymous_5)
FN:86,processProjectLinks
FN:92,(anonymous_7)
FN:93,(anonymous_8)
FN:108,processProjectObjectives
FN:114,(anonymous_10)
FN:115,(anonymous_11)
FN:124,(anonymous_12)
FN:133,processObjectiveSteps
FN:139,(anonymous_14)
FN:140,(anonymous_15)
FN:147,(anonymous_16)
FN:156,processProjectRecords
FN:168,(anonymous_18)
FN:169,(anonymous_19)
FN:178,(anonymous_20)
FN:181,(anonymous_21)
FN:183,(anonymous_22)
FN:184,(anonymous_23)
FN:201,calculateDuration
FN:217,validateProjectData
FN:266,formatProjectForDisplay
FN:276,(anonymous_27)
FN:292,formatProjectForFileMaker
FN:312,calculateProjectCompletion
FN:319,(anonymous_30)
FN:328,(anonymous_31)
FN:329,(anonymous_32)
FN:339,isValidTimeEstimate
FN:350,groupProjectsByStatus
FN:351,(anonymous_35)
FN:363,calculateProjectStats
FN:370,(anonymous_37)
FN:382,calculateCustomerStats
FN:397,(anonymous_39)
FN:399,(anonymous_40)
FN:401,(anonymous_41)
FN:418,calculateRecordsTotalHours
FN:420,(anonymous_43)
FN:426,calculateRecordsUnbilledHours
FN:431,(anonymous_45)
FN:437,(anonymous_46)
FN:449,(anonymous_47)
FN:450,(anonymous_48)
FN:459,calculateProjectDetailStats
FN:471,(anonymous_50)
FN:489,getProcessedProject
FN:508,processProjectValue
FN:604,calculateMonthsBetweenDates
FN:631,updateProjectRecordsBillableStatus
FNF:55
FNH:0
FNDA:0,convertToFileMakerDate
FNDA:0,processProjectData
FNDA:0,(anonymous_2)
FNDA:0,processProjectImages
FNDA:0,(anonymous_4)
FNDA:0,(anonymous_5)
FNDA:0,processProjectLinks
FNDA:0,(anonymous_7)
FNDA:0,(anonymous_8)
FNDA:0,processProjectObjectives
FNDA:0,(anonymous_10)
FNDA:0,(anonymous_11)
FNDA:0,(anonymous_12)
FNDA:0,processObjectiveSteps
FNDA:0,(anonymous_14)
FNDA:0,(anonymous_15)
FNDA:0,(anonymous_16)
FNDA:0,processProjectRecords
FNDA:0,(anonymous_18)
FNDA:0,(anonymous_19)
FNDA:0,(anonymous_20)
FNDA:0,(anonymous_21)
FNDA:0,(anonymous_22)
FNDA:0,(anonymous_23)
FNDA:0,calculateDuration
FNDA:0,validateProjectData
FNDA:0,formatProjectForDisplay
FNDA:0,(anonymous_27)
FNDA:0,formatProjectForFileMaker
FNDA:0,calculateProjectCompletion
FNDA:0,(anonymous_30)
FNDA:0,(anonymous_31)
FNDA:0,(anonymous_32)
FNDA:0,isValidTimeEstimate
FNDA:0,groupProjectsByStatus
FNDA:0,(anonymous_35)
FNDA:0,calculateProjectStats
FNDA:0,(anonymous_37)
FNDA:0,calculateCustomerStats
FNDA:0,(anonymous_39)
FNDA:0,(anonymous_40)
FNDA:0,(anonymous_41)
FNDA:0,calculateRecordsTotalHours
FNDA:0,(anonymous_43)
FNDA:0,calculateRecordsUnbilledHours
FNDA:0,(anonymous_45)
FNDA:0,(anonymous_46)
FNDA:0,(anonymous_47)
FNDA:0,(anonymous_48)
FNDA:0,calculateProjectDetailStats
FNDA:0,(anonymous_50)
FNDA:0,getProcessedProject
FNDA:0,processProjectValue
FNDA:0,calculateMonthsBetweenDates
FNDA:0,updateProjectRecordsBillableStatus
DA:11,0
DA:12,0
DA:13,0
DA:14,0
DA:15,0
DA:16,0
DA:26,0
DA:27,0
DA:30,0
DA:31,0
DA:32,0
DA:33,0
DA:65,0
DA:66,0
DA:69,0
DA:70,0
DA:71,0
DA:87,0
DA:88,0
DA:91,0
DA:92,0
DA:93,0
DA:109,0
DA:110,0
DA:113,0
DA:114,0
DA:115,0
DA:124,0
DA:134,0
DA:135,0
DA:138,0
DA:139,0
DA:140,0
DA:147,0
DA:157,0
DA:158,0
DA:167,0
DA:168,0
DA:169,0
DA:178,0
DA:181,0
DA:182,0
DA:183,0
DA:184,0
DA:186,0
DA:202,0
DA:203,0
DA:206,0
DA:207,0
DA:208,0
DA:209,0
DA:218,0
DA:220,0
DA:221,0
DA:224,0
DA:225,0
DA:228,0
DA:229,0
DA:233,0
DA:234,0
DA:235,0
DA:239,0
DA:240,0
DA:241,0
DA:244,0
DA:245,0
DA:250,0
DA:252,0
DA:255,0
DA:267,0
DA:276,0
DA:293,0
DA:314,0
DA:315,0
DA:318,0
DA:319,0
DA:323,0
DA:324,0
DA:327,0
DA:328,0
DA:329,0
DA:334,0
DA:341,0
DA:342,0
DA:351,0
DA:352,0
DA:353,0
DA:354,0
DA:364,0
DA:365,0
DA:370,0
DA:383,0
DA:384,0
DA:393,0
DA:396,0
DA:398,0
DA:399,0
DA:402,0
DA:405,0
DA:419,0
DA:420,0
DA:421,0
DA:428,0
DA:431,0
DA:433,0
DA:437,0
DA:438,0
DA:439,0
DA:440,0
DA:444,0
DA:448,0
DA:449,0
DA:451,0
DA:455,0
DA:460,0
DA:461,0
DA:469,0
DA:471,0
DA:472,0
DA:476,0
DA:490,0
DA:509,0
DA:515,0
DA:516,0
DA:520,0
DA:521,0
DA:524,0
DA:525,0
DA:526,0
DA:529,0
DA:531,0
DA:543,0
DA:544,0
DA:545,0
DA:548,0
DA:550,0
DA:563,0
DA:564,0
DA:565,0
DA:566,0
DA:569,0
DA:571,0
DA:574,0
DA:575,0
DA:576,0
DA:579,0
DA:580,0
DA:583,0
DA:595,0
DA:605,0
DA:606,0
DA:609,0
DA:610,0
DA:613,0
DA:617,0
DA:618,0
DA:622,0
DA:636,0
DA:639,0
LF:159
LH:0
BRDA:11,0,0,0
BRDA:11,0,1,0
BRDA:25,1,0,0
BRDA:26,2,0,0
BRDA:26,2,1,0
BRDA:37,3,0,0
BRDA:37,3,1,0
BRDA:38,4,0,0
BRDA:38,4,1,0
BRDA:39,5,0,0
BRDA:39,5,1,0
BRDA:40,6,0,0
BRDA:40,6,1,0
BRDA:41,7,0,0
BRDA:41,7,1,0
BRDA:42,8,0,0
BRDA:42,8,1,0
BRDA:43,9,0,0
BRDA:43,9,1,0
BRDA:44,10,0,0
BRDA:44,10,1,0
BRDA:45,11,0,0
BRDA:45,11,1,0
BRDA:49,12,0,0
BRDA:49,12,1,0
BRDA:52,13,0,0
BRDA:52,13,1,0
BRDA:53,14,0,0
BRDA:53,14,1,0
BRDA:65,15,0,0
BRDA:65,15,1,0
BRDA:75,16,0,0
BRDA:75,16,1,0
BRDA:76,17,0,0
BRDA:76,17,1,0
BRDA:87,18,0,0
BRDA:87,18,1,0
BRDA:97,19,0,0
BRDA:97,19,1,0
BRDA:109,20,0,0
BRDA:109,20,1,0
BRDA:119,21,0,0
BRDA:119,21,1,0
BRDA:120,22,0,0
BRDA:120,22,1,0
BRDA:121,23,0,0
BRDA:121,23,1,0
BRDA:134,24,0,0
BRDA:134,24,1,0
BRDA:144,25,0,0
BRDA:144,25,1,0
BRDA:157,26,0,0
BRDA:157,26,1,0
BRDA:174,27,0,0
BRDA:174,27,1,0
BRDA:176,28,0,0
BRDA:176,28,1,0
BRDA:202,29,0,0
BRDA:202,29,1,0
BRDA:202,30,0,0
BRDA:202,30,1,0
BRDA:220,31,0,0
BRDA:220,31,1,0
BRDA:224,32,0,0
BRDA:224,32,1,0
BRDA:228,33,0,0
BRDA:228,33,1,0
BRDA:228,34,0,0
BRDA:228,34,1,0
BRDA:233,35,0,0
BRDA:233,35,1,0
BRDA:233,36,0,0
BRDA:233,36,1,0
BRDA:234,37,0,0
BRDA:234,37,1,0
BRDA:234,38,0,0
BRDA:234,38,1,0
BRDA:234,38,2,0
BRDA:239,39,0,0
BRDA:239,39,1,0
BRDA:239,40,0,0
BRDA:239,40,1,0
BRDA:240,41,0,0
BRDA:240,41,1,0
BRDA:240,42,0,0
BRDA:240,42,1,0
BRDA:240,42,2,0
BRDA:244,43,0,0
BRDA:244,43,1,0
BRDA:250,44,0,0
BRDA:250,44,1,0
BRDA:250,45,0,0
BRDA:250,45,1,0
BRDA:250,45,2,0
BRDA:250,45,3,0
BRDA:272,46,0,0
BRDA:272,46,1,0
BRDA:279,47,0,0
BRDA:279,47,1,0
BRDA:280,48,0,0
BRDA:280,48,1,0
BRDA:281,49,0,0
BRDA:281,49,1,0
BRDA:282,50,0,0
BRDA:282,50,1,0
BRDA:283,51,0,0
BRDA:283,51,1,0
BRDA:297,52,0,0
BRDA:297,52,1,0
BRDA:298,53,0,0
BRDA:298,53,1,0
BRDA:299,54,0,0
BRDA:299,54,1,0
BRDA:300,55,0,0
BRDA:300,55,1,0
BRDA:314,56,0,0
BRDA:314,56,1,0
BRDA:314,57,0,0
BRDA:314,57,1,0
BRDA:314,57,2,0
BRDA:319,58,0,0
BRDA:319,58,1,0
BRDA:319,59,0,0
BRDA:319,59,1,0
BRDA:323,60,0,0
BRDA:323,60,1,0
BRDA:328,61,0,0
BRDA:328,61,1,0
BRDA:328,62,0,0
BRDA:328,62,1,0
BRDA:329,63,0,0
BRDA:329,63,1,0
BRDA:352,64,0,0
BRDA:352,64,1,0
BRDA:369,65,0,0
BRDA:369,65,1,0
BRDA:383,66,0,0
BRDA:383,66,1,0
BRDA:383,67,0,0
BRDA:383,67,1,0
BRDA:398,68,0,0
BRDA:398,68,1,0
BRDA:402,69,0,0
BRDA:402,69,1,0
BRDA:419,70,0,0
BRDA:419,70,1,0
BRDA:421,71,0,0
BRDA:421,71,1,0
BRDA:426,72,0,0
BRDA:426,73,0,0
BRDA:428,74,0,0
BRDA:428,74,1,0
BRDA:433,75,0,0
BRDA:433,75,1,0
BRDA:437,76,0,0
BRDA:437,76,1,0
BRDA:440,77,0,0
BRDA:440,77,1,0
BRDA:444,78,0,0
BRDA:444,78,1,0
BRDA:451,79,0,0
BRDA:451,79,1,0
BRDA:460,80,0,0
BRDA:460,80,1,0
BRDA:460,81,0,0
BRDA:460,81,1,0
BRDA:469,82,0,0
BRDA:469,82,1,0
BRDA:469,82,2,0
BRDA:472,83,0,0
BRDA:472,83,1,0
BRDA:472,83,2,0
BRDA:508,84,0,0
BRDA:515,85,0,0
BRDA:515,85,1,0
BRDA:515,86,0,0
BRDA:515,86,1,0
BRDA:520,87,0,0
BRDA:520,87,1,0
BRDA:524,88,0,0
BRDA:524,88,1,0
BRDA:529,89,0,0
BRDA:529,89,1,0
BRDA:536,90,0,0
BRDA:536,90,1,0
BRDA:543,91,0,0
BRDA:543,91,1,0
BRDA:548,92,0,0
BRDA:548,92,1,0
BRDA:555,93,0,0
BRDA:555,93,1,0
BRDA:563,94,0,0
BRDA:563,94,1,0
BRDA:563,95,0,0
BRDA:563,95,1,0
BRDA:566,96,0,0
BRDA:566,96,1,0
BRDA:569,97,0,0
BRDA:569,97,1,0
BRDA:569,98,0,0
BRDA:569,98,1,0
BRDA:569,98,2,0
BRDA:579,99,0,0
BRDA:579,99,1,0
BRDA:579,100,0,0
BRDA:579,100,1,0
BRDA:588,101,0,0
BRDA:588,101,1,0
BRDA:617,102,0,0
BRDA:617,102,1,0
BRF:210
BRH:0
end_of_record
TN:
SF:src/services/syncTrackingService.js
FN:14,getSyncTrackingKey
FN:28,storeSyncTracking
FN:52,getSyncTracking
FN:74,clearSyncTracking
FN:91,hasPendingSync
FN:108,getPendingSyncSummary
FNF:6
FNH:0
FNDA:0,getSyncTrackingKey
FNDA:0,storeSyncTracking
FNDA:0,getSyncTracking
FNDA:0,clearSyncTracking
FNDA:0,hasPendingSync
FNDA:0,getPendingSyncSummary
DA:15,0
DA:29,0
DA:30,0
DA:31,0
DA:38,0
DA:39,0
DA:41,0
DA:53,0
DA:54,0
DA:55,0
DA:57,0
DA:58,0
DA:61,0
DA:63,0
DA:64,0
DA:75,0
DA:76,0
DA:77,0
DA:78,0
DA:80,0
DA:92,0
DA:94,0
DA:95,0
DA:98,0
DA:109,0
DA:111,0
DA:112,0
DA:121,0
LF:28
LH:0
BRDA:57,0,0,0
BRDA:57,0,1,0
BRDA:94,1,0,0
BRDA:94,1,1,0
BRDA:98,2,0,0
BRDA:98,2,1,0
BRDA:98,2,2,0
BRDA:111,3,0,0
BRDA:111,3,1,0
BRDA:122,4,0,0
BRDA:122,4,1,0
BRDA:122,4,2,0
BRF:12
BRH:0
end_of_record
