TN:
SF:src/services/customerService.js
FN:10,processCustomerData
FN:15,(anonymous_1)
FN:30,processBackendCustomerList
FN:34,(anonymous_3)
FN:50,(anonymous_4)
FN:63,(anonymous_5)
FN:90,processBackendCustomerDetail
FN:109,filterActiveCustomers
FN:110,(anonymous_8)
FN:125,sortCustomers
FN:128,(anonymous_10)
FN:161,calculateCustomerStats
FN:182,(anonymous_12)
FN:217,searchCustomers
FN:224,(anonymous_14)
FN:237,(anonymous_15)
FN:246,(anonymous_16)
FN:262,validateCustomerData
FN:277,(anonymous_18)
FN:286,(anonymous_19)
FN:318,formatCustomerForDisplay
FN:338,formatCustomerForFileMaker
FN:351,isValidEmail
FN:356,isValidPhone
FN:361,formatAddress
FN:378,groupCustomersByStatus
FN:382,(anonymous_26)
FN:399,transformFileMakerToBackend
FN:462,transformBackendToFileMaker
FN:505,extractPrimaryContact
FN:511,(anonymous_30)
FN:529,extractPrimaryAddress
FN:541,(anonymous_32)
FN:562,validateTransformedData
FN:587,(anonymous_34)
FN:600,(anonymous_35)
FN:649,transformFileMakerArrayToBackend
FN:655,(anonymous_37)
FN:671,transformBackendArrayToFileMaker
FN:677,(anonymous_39)
FN:693,mergeNestedContacts
FN:714,ensureSinglePrimary
FN:720,(anonymous_42)
FN:728,(anonymous_43)
FNF:44
FNH:25
FNDA:4,processCustomerData
FNDA:2,(anonymous_1)
FNDA:4,processBackendCustomerList
FNDA:1,(anonymous_3)
FNDA:3,(anonymous_4)
FNDA:0,(anonymous_5)
FNDA:4,processBackendCustomerDetail
FNDA:0,filterActiveCustomers
FNDA:0,(anonymous_8)
FNDA:0,sortCustomers
FNDA:0,(anonymous_10)
FNDA:0,calculateCustomerStats
FNDA:0,(anonymous_12)
FNDA:0,searchCustomers
FNDA:0,(anonymous_14)
FNDA:0,(anonymous_15)
FNDA:0,(anonymous_16)
FNDA:0,validateCustomerData
FNDA:0,(anonymous_18)
FNDA:0,(anonymous_19)
FNDA:0,formatCustomerForDisplay
FNDA:0,formatCustomerForFileMaker
FNDA:5,isValidEmail
FNDA:2,isValidPhone
FNDA:0,formatAddress
FNDA:0,groupCustomersByStatus
FNDA:0,(anonymous_26)
FNDA:17,transformFileMakerToBackend
FNDA:20,transformBackendToFileMaker
FNDA:41,extractPrimaryContact
FNDA:15,(anonymous_30)
FNDA:22,extractPrimaryAddress
FNDA:5,(anonymous_32)
FNDA:17,validateTransformedData
FNDA:3,(anonymous_34)
FNDA:1,(anonymous_35)
FNDA:6,transformFileMakerArrayToBackend
FNDA:5,(anonymous_37)
FNDA:5,transformBackendArrayToFileMaker
FNDA:5,(anonymous_39)
FNDA:4,mergeNestedContacts
FNDA:12,ensureSinglePrimary
FNDA:10,(anonymous_42)
FNDA:3,(anonymous_43)
DA:11,4
DA:12,3
DA:15,2
DA:32,4
DA:33,1
DA:34,1
DA:45,3
DA:48,3
DA:49,2
DA:50,3
DA:61,1
DA:62,0
DA:63,0
DA:74,1
DA:92,4
DA:95,2
DA:96,0
DA:100,2
DA:110,0
DA:112,0
DA:126,0
DA:128,0
DA:129,0
DA:131,0
DA:133,0
DA:134,0
DA:137,0
DA:138,0
DA:139,0
DA:141,0
DA:142,0
DA:143,0
DA:144,0
DA:145,0
DA:146,0
DA:147,0
DA:148,0
DA:151,0
DA:162,0
DA:163,0
DA:173,0
DA:182,0
DA:184,0
DA:185,0
DA:187,0
DA:191,0
DA:192,0
DA:196,0
DA:197,0
DA:201,0
DA:202,0
DA:206,0
DA:218,0
DA:219,0
DA:222,0
DA:224,0
DA:226,0
DA:227,0
DA:230,0
DA:231,0
DA:234,0
DA:235,0
DA:236,0
DA:237,0
DA:238,0
DA:243,0
DA:244,0
DA:245,0
DA:246,0
DA:247,0
DA:251,0
DA:263,0
DA:265,0
DA:267,0
DA:268,0
DA:271,0
DA:272,0
DA:276,0
DA:277,0
DA:278,0
DA:279,0
DA:285,0
DA:286,0
DA:287,0
DA:288,0
DA:294,0
DA:295,0
DA:298,0
DA:299,0
DA:302,0
DA:303,0
DA:307,0
DA:319,0
DA:339,0
DA:352,5
DA:353,5
DA:357,2
DA:358,2
DA:362,0
DA:370,0
DA:379,0
DA:380,0
DA:382,0
DA:383,0
DA:384,0
DA:385,0
DA:400,17
DA:401,3
DA:404,14
DA:416,14
DA:417,4
DA:425,14
DA:426,2
DA:434,14
DA:435,2
DA:447,14
DA:448,1
DA:450,14
DA:451,1
DA:454,14
DA:463,20
DA:464,3
DA:468,17
DA:471,17
DA:474,17
DA:476,17
DA:496,17
DA:506,41
DA:507,30
DA:511,15
DA:512,11
DA:513,9
DA:517,2
DA:518,1
DA:521,1
DA:530,22
DA:531,19
DA:541,5
DA:542,3
DA:543,2
DA:547,1
DA:563,17
DA:565,17
DA:566,1
DA:567,1
DA:570,16
DA:572,9
DA:573,1
DA:576,9
DA:577,1
DA:580,9
DA:581,1
DA:584,9
DA:585,1
DA:587,8
DA:588,3
DA:589,1
DA:591,3
DA:592,1
DA:597,9
DA:598,1
DA:600,8
DA:601,1
DA:602,0
DA:604,1
DA:605,0
DA:610,9
DA:611,1
DA:613,7
DA:615,6
DA:616,1
DA:619,6
DA:620,1
DA:623,6
DA:624,1
DA:627,6
DA:628,1
DA:631,6
DA:632,0
DA:635,1
DA:638,16
DA:650,6
DA:651,3
DA:654,3
DA:656,5
DA:657,5
DA:659,1
DA:660,1
DA:672,5
DA:673,2
DA:676,3
DA:678,5
DA:679,5
DA:681,1
DA:682,1
DA:694,4
DA:697,4
DA:698,4
DA:699,4
DA:701,4
DA:715,12
DA:716,7
DA:719,5
DA:720,10
DA:722,5
DA:724,1
DA:725,4
DA:727,1
DA:728,1
DA:729,3
DA:730,2
DA:731,1
DA:732,1
DA:737,5
LF:214
LH:124
BRDA:11,0,0,3
BRDA:11,0,1,1
BRDA:19,1,0,2
BRDA:19,1,1,1
BRDA:32,2,0,1
BRDA:32,2,1,3
BRDA:45,3,0,3
BRDA:45,3,1,2
BRDA:48,4,0,2
BRDA:48,4,1,1
BRDA:48,5,0,3
BRDA:48,5,1,2
BRDA:51,6,0,2
BRDA:51,6,1,0
BRDA:61,7,0,0
BRDA:61,7,1,1
BRDA:92,8,0,4
BRDA:92,8,1,1
BRDA:95,9,0,0
BRDA:95,9,1,2
BRDA:95,10,0,2
BRDA:95,10,1,2
BRDA:125,11,0,0
BRDA:126,12,0,0
BRDA:126,13,0,0
BRDA:131,14,0,0
BRDA:131,14,1,0
BRDA:133,15,0,0
BRDA:133,15,1,0
BRDA:134,16,0,0
BRDA:134,16,1,0
BRDA:137,17,0,0
BRDA:137,17,1,0
BRDA:137,17,2,0
BRDA:138,18,0,0
BRDA:138,18,1,0
BRDA:138,18,2,0
BRDA:141,19,0,0
BRDA:141,19,1,0
BRDA:142,20,0,0
BRDA:142,20,1,0
BRDA:143,21,0,0
BRDA:143,21,1,0
BRDA:145,22,0,0
BRDA:145,22,1,0
BRDA:146,23,0,0
BRDA:146,23,1,0
BRDA:147,24,0,0
BRDA:147,24,1,0
BRDA:151,25,0,0
BRDA:151,25,1,0
BRDA:162,26,0,0
BRDA:162,26,1,0
BRDA:162,27,0,0
BRDA:162,27,1,0
BRDA:184,28,0,0
BRDA:184,28,1,0
BRDA:191,29,0,0
BRDA:191,29,1,0
BRDA:191,30,0,0
BRDA:191,30,1,0
BRDA:191,30,2,0
BRDA:191,30,3,0
BRDA:196,31,0,0
BRDA:196,31,1,0
BRDA:196,32,0,0
BRDA:196,32,1,0
BRDA:196,32,2,0
BRDA:196,32,3,0
BRDA:201,33,0,0
BRDA:201,33,1,0
BRDA:201,34,0,0
BRDA:201,34,1,0
BRDA:201,34,2,0
BRDA:201,34,3,0
BRDA:218,35,0,0
BRDA:218,35,1,0
BRDA:218,36,0,0
BRDA:218,36,1,0
BRDA:226,37,0,0
BRDA:226,37,1,0
BRDA:226,37,2,0
BRDA:227,38,0,0
BRDA:227,38,1,0
BRDA:230,39,0,0
BRDA:230,39,1,0
BRDA:230,39,2,0
BRDA:231,40,0,0
BRDA:231,40,1,0
BRDA:234,41,0,0
BRDA:234,41,1,0
BRDA:234,42,0,0
BRDA:234,42,1,0
BRDA:235,43,0,0
BRDA:235,43,1,0
BRDA:235,44,0,0
BRDA:235,44,1,0
BRDA:236,45,0,0
BRDA:236,45,1,0
BRDA:236,46,0,0
BRDA:236,46,1,0
BRDA:237,47,0,0
BRDA:237,47,1,0
BRDA:237,48,0,0
BRDA:237,48,1,0
BRDA:243,49,0,0
BRDA:243,49,1,0
BRDA:243,50,0,0
BRDA:243,50,1,0
BRDA:244,51,0,0
BRDA:244,51,1,0
BRDA:244,52,0,0
BRDA:244,52,1,0
BRDA:245,53,0,0
BRDA:245,53,1,0
BRDA:245,54,0,0
BRDA:245,54,1,0
BRDA:246,55,0,0
BRDA:246,55,1,0
BRDA:246,56,0,0
BRDA:246,56,1,0
BRDA:262,57,0,0
BRDA:265,58,0,0
BRDA:265,58,1,0
BRDA:267,59,0,0
BRDA:267,59,1,0
BRDA:271,60,0,0
BRDA:271,60,1,0
BRDA:271,61,0,0
BRDA:271,61,1,0
BRDA:276,62,0,0
BRDA:276,62,1,0
BRDA:276,63,0,0
BRDA:276,63,1,0
BRDA:278,64,0,0
BRDA:278,64,1,0
BRDA:278,65,0,0
BRDA:278,65,1,0
BRDA:285,66,0,0
BRDA:285,66,1,0
BRDA:285,67,0,0
BRDA:285,67,1,0
BRDA:287,68,0,0
BRDA:287,68,1,0
BRDA:287,69,0,0
BRDA:287,69,1,0
BRDA:294,70,0,0
BRDA:294,70,1,0
BRDA:298,71,0,0
BRDA:298,71,1,0
BRDA:298,72,0,0
BRDA:298,72,1,0
BRDA:302,73,0,0
BRDA:302,73,1,0
BRDA:302,74,0,0
BRDA:302,74,1,0
BRDA:323,75,0,0
BRDA:323,75,1,0
BRDA:324,76,0,0
BRDA:324,76,1,0
BRDA:325,77,0,0
BRDA:325,77,1,0
BRDA:329,78,0,0
BRDA:329,78,1,0
BRDA:343,79,0,0
BRDA:343,79,1,0
BRDA:370,80,0,0
BRDA:370,80,1,0
BRDA:379,81,0,0
BRDA:379,81,1,0
BRDA:383,82,0,0
BRDA:383,82,1,0
BRDA:400,83,0,3
BRDA:400,83,1,14
BRDA:405,84,0,14
BRDA:405,84,1,1
BRDA:406,85,0,14
BRDA:406,85,1,0
BRDA:407,86,0,14
BRDA:407,86,1,13
BRDA:408,87,0,14
BRDA:408,87,1,4
BRDA:408,87,2,3
BRDA:416,88,0,4
BRDA:416,88,1,10
BRDA:416,89,0,14
BRDA:416,89,1,4
BRDA:425,90,0,2
BRDA:425,90,1,12
BRDA:425,91,0,14
BRDA:425,91,1,3
BRDA:434,92,0,2
BRDA:434,92,1,12
BRDA:434,93,0,14
BRDA:434,93,1,2
BRDA:436,94,0,2
BRDA:436,94,1,1
BRDA:438,95,0,2
BRDA:438,95,1,0
BRDA:439,96,0,2
BRDA:439,96,1,0
BRDA:440,97,0,2
BRDA:440,97,1,1
BRDA:441,98,0,2
BRDA:441,98,1,1
BRDA:447,99,0,1
BRDA:447,99,1,13
BRDA:450,100,0,1
BRDA:450,100,1,13
BRDA:463,101,0,3
BRDA:463,101,1,17
BRDA:479,102,0,17
BRDA:479,102,1,0
BRDA:480,103,0,17
BRDA:480,103,1,13
BRDA:481,104,0,17
BRDA:481,104,1,14
BRDA:482,105,0,17
BRDA:482,105,1,16
BRDA:483,106,0,12
BRDA:483,106,1,5
BRDA:484,107,0,17
BRDA:484,107,1,5
BRDA:485,108,0,17
BRDA:485,108,1,16
BRDA:486,109,0,17
BRDA:486,109,1,16
BRDA:487,110,0,17
BRDA:487,110,1,16
BRDA:488,111,0,17
BRDA:488,111,1,16
BRDA:489,112,0,17
BRDA:489,112,1,16
BRDA:490,113,0,17
BRDA:490,113,1,16
BRDA:491,114,0,17
BRDA:491,114,1,16
BRDA:492,115,0,17
BRDA:492,115,1,16
BRDA:493,116,0,17
BRDA:493,116,1,16
BRDA:506,117,0,30
BRDA:506,117,1,11
BRDA:506,118,0,41
BRDA:506,118,1,37
BRDA:512,119,0,9
BRDA:512,119,1,2
BRDA:512,120,0,11
BRDA:512,120,1,10
BRDA:517,121,0,1
BRDA:517,121,1,1
BRDA:517,122,0,2
BRDA:517,122,1,2
BRDA:530,123,0,19
BRDA:530,123,1,3
BRDA:530,124,0,22
BRDA:530,124,1,19
BRDA:542,125,0,2
BRDA:542,125,1,1
BRDA:547,126,0,1
BRDA:547,126,1,0
BRDA:562,127,0,0
BRDA:565,128,0,1
BRDA:565,128,1,16
BRDA:570,129,0,9
BRDA:570,129,1,7
BRDA:572,130,0,1
BRDA:572,130,1,8
BRDA:572,131,0,9
BRDA:572,131,1,8
BRDA:576,132,0,1
BRDA:576,132,1,8
BRDA:580,133,0,1
BRDA:580,133,1,8
BRDA:584,134,0,1
BRDA:584,134,1,8
BRDA:588,135,0,1
BRDA:588,135,1,2
BRDA:588,136,0,3
BRDA:588,136,1,3
BRDA:591,137,0,1
BRDA:591,137,1,2
BRDA:597,138,0,1
BRDA:597,138,1,8
BRDA:601,139,0,0
BRDA:601,139,1,1
BRDA:601,140,0,1
BRDA:601,140,1,1
BRDA:604,141,0,0
BRDA:604,141,1,1
BRDA:610,142,0,1
BRDA:610,142,1,8
BRDA:613,143,0,6
BRDA:613,143,1,1
BRDA:615,144,0,1
BRDA:615,144,1,5
BRDA:615,145,0,6
BRDA:615,145,1,5
BRDA:619,146,0,1
BRDA:619,146,1,5
BRDA:619,147,0,6
BRDA:619,147,1,2
BRDA:623,148,0,1
BRDA:623,148,1,5
BRDA:623,149,0,6
BRDA:623,149,1,5
BRDA:627,150,0,1
BRDA:627,150,1,5
BRDA:627,151,0,6
BRDA:627,151,1,2
BRDA:631,152,0,0
BRDA:631,152,1,6
BRDA:631,153,0,6
BRDA:631,153,1,1
BRDA:650,154,0,3
BRDA:650,154,1,3
BRDA:672,155,0,2
BRDA:672,155,1,3
BRDA:693,156,0,0
BRDA:694,157,0,1
BRDA:694,158,0,1
BRDA:694,159,0,1
BRDA:715,160,0,7
BRDA:715,160,1,5
BRDA:715,161,0,12
BRDA:715,161,1,12
BRDA:722,162,0,1
BRDA:722,162,1,4
BRDA:725,163,0,1
BRDA:725,163,1,3
BRDA:729,164,0,2
BRDA:729,164,1,1
BRDA:729,165,0,3
BRDA:729,165,1,3
BRDA:731,166,0,1
BRDA:731,166,1,0
BRF:336
BRH:172
end_of_record
